#
# A fatal error has been detected by the Java Runtime Environment:
#
#  SIGSEGV (0xb) at pc=0x00007fe0254c735d, pid=480, tid=499
#
# JRE version: OpenJDK Runtime Environment (9.0) (slowdebug build 9-internal+0-adhoc.simonis.jdk9-dev)
# Java VM: OpenJDK 64-Bit Server VM (slowdebug 9-internal+0-adhoc.simonis.jdk9-dev, mixed mode, tiered, compressed oops, g1 gc, linux-amd64)
# Problematic frame:
# V  [libjvm.so+0xeca35d]  PhaseMacroExpand::generate_arraycopy(ArrayCopyNode*, AllocateArrayNode*, Node**, MergeMemNode*, Node**, TypePtr const*, BasicType, Node*, Node*, Node*, Node*, Node*, bool, bool, RegionNode*)+0x65b
#
# Core dump will be written. Default location: Core dumps may be processed with "/usr/share/apport/apport %p %s %c %P" (or dumping to /tmp/core.480)
#
# If you would like to submit a bug report, please visit:
#   http://bugreport.java.com/bugreport/crash.jsp
#

---------------  S U M M A R Y ------------

Command Line: -Xbatch -XX:-DoEscapeAnalysis org.simonis.Crash6

Host: simonis, Intel(R) Core(TM) i5-4300U CPU @ 1.90GHz, 4 cores, 7G, Ubuntu 14.04.1 LTS
Time: Fri Mar 24 20:27:28 2017 CET elapsed time: 10 seconds (0d 0h 0m 10s)

---------------  T H R E A D  ---------------

Current thread (0x00007fe020256000):  JavaThread "C2 CompilerThread1" daemon [_thread_in_native, id=499, stack(0x00007fe00426d000,0x00007fe00436e000)]


Current CompileTask:
C2:  10807  716    b  4       org.simonis.Crash6$A::crash (12 bytes)

Stack: [0x00007fe00426d000,0x00007fe00436e000],  sp=0x00007fe0043687b0,  free space=1005k
Native frames: (J=compiled Java code, A=aot compiled Java code, j=interpreted, Vv=VM code, C=native code)
V  [libjvm.so+0xeca35d]  PhaseMacroExpand::generate_arraycopy(ArrayCopyNode*, AllocateArrayNode*, Node**, MergeMemNode*, Node**, TypePtr const*, BasicType, Node*, Node*, Node*, Node*, Node*, bool, bool, RegionNode*)+0x65b
V  [libjvm.so+0xece34e]  PhaseMacroExpand::expand_arraycopy_node(ArrayCopyNode*)+0x8a8
V  [libjvm.so+0xec6f59]  PhaseMacroExpand::expand_macro_nodes()+0x733
V  [libjvm.so+0x90c023]  Compile::Optimize()+0xe37
V  [libjvm.so+0x9048b2]  Compile::Compile(ciEnv*, C2Compiler*, ciMethod*, int, bool, bool, bool, DirectiveSet*)+0x11d2
V  [libjvm.so+0x7a15d9]  C2Compiler::compile_method(ciEnv*, ciMethod*, int, DirectiveSet*)+0x14d
V  [libjvm.so+0x923173]  CompileBroker::invoke_compiler_on_method(CompileTask*)+0x715
V  [libjvm.so+0x922153]  CompileBroker::compiler_thread_loop()+0x2d3
V  [libjvm.so+0x123d762]  compiler_thread_entry(JavaThread*, Thread*)+0x85
V  [libjvm.so+0x1237bfb]  JavaThread::thread_main_inner()+0x171
V  [libjvm.so+0x1237a68]  JavaThread::run()+0x1a4
V  [libjvm.so+0x1046515]  thread_native_entry(Thread*)+0x19e
C  [libpthread.so.0+0x8182]  start_thread+0xc2


siginfo: si_signo: 11 (SIGSEGV), si_code: 1 (SEGV_MAPERR), si_addr: 0x0000000000000000

Register to memory mapping:

RAX=0x0000000000000000 is an unknown value
RBX=0x00007fdfb4b831f8 is an unknown value
RCX=0x0000000000000000 is an unknown value
RDX=0x0000000000000014 is an unknown value
RSP=0x00007fe0043687b0 is pointing into the stack for thread: 0x00007fe020256000
RBP=0x00007fe004368a40 is pointing into the stack for thread: 0x00007fe020256000
RSI=0x00007fe025bb39d8: <offset 0x00000000015b69d8> in /share/output-jdk9-dev-dbg/images/jdk/lib/server/libjvm.so at 0x00007fe0245fd000
RDI=0x00007fdfb4b5a650 is an unknown value
R8 =
[error occurred during error reporting (printing register info), id 0xb]

Registers:
RAX=0x0000000000000000, RBX=0x00007fdfb4b831f8, RCX=0x0000000000000000, RDX=0x0000000000000014
RSP=0x00007fe0043687b0, RBP=0x00007fe004368a40, RSI=0x00007fe025bb39d8, RDI=0x00007fdfb4b5a650
R8 =0x00000000ffffffff, R9 =0x00000000ffffffff, R10=0xffffffffffc71f60, R11=0x0000000000000002
R12=0x00007fe00436bf38, R13=0x00007fdfb4fe6510, R14=0x00007fe00436d9c0, R15=0x00007fe00436d700
RIP=0x00007fe0254c735d, EFLAGS=0x0000000000010202, CSGSFS=0x0000000000000033, ERR=0x0000000000000006
  TRAPNO=0x000000000000000e

Top of Stack: (sp=0x00007fe0043687b0)
0x00007fe0043687b0:   00007fe000000001 f5a29c6e88ca6c00
0x00007fe0043687c0:   00007fe004368800 00007fe0249b8e2f
0x00007fe0043687d0:   00007fe004368800 00007fe020256000
0x00007fe0043687e0:   00007fe020256000 00007fdfb4b83028 

Instructions: (pc=0x00007fe0254c735d)
0x00007fe0254c733d:   89 c7 e8 1c f6 40 ff 85 c0 75 07 b8 01 00 00 00
0x00007fe0254c734d:   eb 05 b8 00 00 00 00 84 c0 74 0b b8 00 00 00 00
0x00007fe0254c735d:   c7 00 be ba fe ca 83 bd e4 fd ff ff 13 0f 85 3f
0x00007fe0254c736d:   01 00 00 80 bd 2d fe ff ff 00 74 43 e8 ee 64 ac 


---------------  P R O C E S S  ---------------

Java Threads: ( => current thread )
  0x00007fdfbc001000 JavaThread "Attach Listener" daemon [_thread_blocked, id=505, stack(0x00007fdfd4679000,0x00007fdfd477a000)]
  0x00007fe020321800 JavaThread "Service Thread" daemon [_thread_blocked, id=503, stack(0x00007fdfd508d000,0x00007fdfd518e000)]
  0x00007fe020298800 JavaThread "Common-Cleaner" daemon [_thread_blocked, id=502, stack(0x00007fdfdc08f000,0x00007fdfdc190000)]
  0x00007fe02025b000 JavaThread "Sweeper thread" daemon [_thread_blocked, id=501, stack(0x00007fe00406b000,0x00007fe00416c000)]
  0x00007fe020258800 JavaThread "C1 CompilerThread2" daemon [_thread_blocked, id=500, stack(0x00007fe00416c000,0x00007fe00426d000)]
=>0x00007fe020256000 JavaThread "C2 CompilerThread1" daemon [_thread_in_native, id=499, stack(0x00007fe00426d000,0x00007fe00436e000)]
  0x00007fe020254000 JavaThread "C2 CompilerThread0" daemon [_thread_blocked, id=498, stack(0x00007fe00436e000,0x00007fe00446f000)]
  0x00007fe020251800 JavaThread "Signal Dispatcher" daemon [_thread_blocked, id=497, stack(0x00007fe00446f000,0x00007fe004570000)]
  0x00007fe020232800 JavaThread "Finalizer" daemon [_thread_blocked, id=496, stack(0x00007fe004570000,0x00007fe004671000)]
  0x00007fe020226800 JavaThread "Reference Handler" daemon [_thread_blocked, id=495, stack(0x00007fe004671000,0x00007fe004772000)]
  0x00007fe020019800 JavaThread "main" [_thread_blocked, id=481, stack(0x00007fe0270cc000,0x00007fe0271cc000)]

Other Threads:
  0x00007fe020212800 VMThread "VM Thread" [stack: 0x00007fe004773000,0x00007fe004873000] [id=494]
  0x00007fe020325000 WatcherThread [stack: 0x00007fdfd4f8d000,0x00007fdfd508d000] [id=504]
  0x00007fe020034000 GCTaskThread "GC Thread#0" [stack: 0x00007fe007453000,0x00007fe007553000] [id=482]
  0x00007fe020035800 GCTaskThread "GC Thread#1" [stack: 0x00007fe007352000,0x00007fe007452000] [id=483]
  0x00007fe020037800 GCTaskThread "GC Thread#2" [stack: 0x00007fe007251000,0x00007fe007351000] [id=484]
  0x00007fe020039800 GCTaskThread "GC Thread#3" [stack: 0x00007fe007150000,0x00007fe007250000] [id=485]
  0x00007fe02006b000 ConcurrentGCThread "G1 Main Marker" [stack: 0x00007fe0057aa000,0x00007fe0058aa000] [id=491]
  0x00007fe02006d000 ConcurrentGCThread "G1 Marker#0" [stack: 0x00007fe0056a9000,0x00007fe0057a9000] [id=493]
  0x00007fe020042000 ConcurrentGCThread "G1 Refine#0" [stack: 0x00007fe006948000,0x00007fe006a48000] [id=489]
  0x00007fe020040000 ConcurrentGCThread "G1 Refine#1" [stack: 0x00007fe006a49000,0x00007fe006b49000] [id=488]
  0x00007fe02003e000 ConcurrentGCThread "G1 Refine#2" [stack: 0x00007fe006b4a000,0x00007fe006c4a000] [id=487]
  0x00007fe02003c000 ConcurrentGCThread "G1 Refine#3" [stack: 0x00007fe006c4b000,0x00007fe006d4b000] [id=486]
  0x00007fe020044000 ConcurrentGCThread "G1 Young RemSet Sampling" [stack: 0x00007fe006847000,0x00007fe006947000] [id=490]

Threads with active compile tasks:
C2 CompilerThread1 716    b  4       org.simonis.Crash6$A::crash (12 bytes)

VM state:not at safepoint (normal execution)

VM Mutex/Monitor currently owned by a thread: None

Heap address: 0x0000000083200000, size: 1998 MB, Compressed Oops mode: 32-bit
Narrow klass base: 0x0000000000000000, Narrow klass shift: 3
Compressed class space size: 1073741824 Address: 0x0000000100000000

Heap:
 garbage-first heap   total 129024K, used 6144K [0x0000000083200000, 0x00000000833003f0, 0x0000000100000000)
  region size 1024K, 7 young (7168K), 0 survivors (0K)
 Metaspace       used 8973K, capacity 9458K, committed 9728K, reserved 1058816K
  class space    used 883K, capacity 1009K, committed 1024K, reserved 1048576K
Heap Regions: E=young(eden), S=young(survivor), O=old, HS=humongous(starts), HC=humongous(continues), CS=collection set, F=free, A=archive, TS=gc time stamp, AC=allocation context, TAMS=top-at-mark-start (previous, next)
|   0|0x0000000083200000, 0x0000000083200000, 0x0000000083300000|  0%| F|  |TS  0|AC  0|TAMS 0x0000000083200000, 0x0000000083200000|
|   1|0x0000000083300000, 0x0000000083300000, 0x0000000083400000|  0%| F|  |TS  0|AC  0|TAMS 0x0000000083300000, 0x0000000083300000|
|   2|0x0000000083400000, 0x0000000083400000, 0x0000000083500000|  0%| F|  |TS  0|AC  0|TAMS 0x0000000083400000, 0x0000000083400000|
|   3|0x0000000083500000, 0x0000000083500000, 0x0000000083600000|  0%| F|  |TS  0|AC  0|TAMS 0x0000000083500000, 0x0000000083500000|
|   4|0x0000000083600000, 0x0000000083600000, 0x0000000083700000|  0%| F|  |TS  0|AC  0|TAMS 0x0000000083600000, 0x0000000083600000|
|   5|0x0000000083700000, 0x0000000083700000, 0x0000000083800000|  0%| F|  |TS  0|AC  0|TAMS 0x0000000083700000, 0x0000000083700000|
|   6|0x0000000083800000, 0x0000000083800000, 0x0000000083900000|  0%| F|  |TS  0|AC  0|TAMS 0x0000000083800000, 0x0000000083800000|
|   7|0x0000000083900000, 0x0000000083900000, 0x0000000083a00000|  0%| F|  |TS  0|AC  0|TAMS 0x0000000083900000, 0x0000000083900000|
|   8|0x0000000083a00000, 0x0000000083a00000, 0x0000000083b00000|  0%| F|  |TS  0|AC  0|TAMS 0x0000000083a00000, 0x0000000083a00000|
|   9|0x0000000083b00000, 0x0000000083b00000, 0x0000000083c00000|  0%| F|  |TS  0|AC  0|TAMS 0x0000000083b00000, 0x0000000083b00000|
|  10|0x0000000083c00000, 0x0000000083c00000, 0x0000000083d00000|  0%| F|  |TS  0|AC  0|TAMS 0x0000000083c00000, 0x0000000083c00000|
|  11|0x0000000083d00000, 0x0000000083d00000, 0x0000000083e00000|  0%| F|  |TS  0|AC  0|TAMS 0x0000000083d00000, 0x0000000083d00000|
|  12|0x0000000083e00000, 0x0000000083e00000, 0x0000000083f00000|  0%| F|  |TS  0|AC  0|TAMS 0x0000000083e00000, 0x0000000083e00000|
|  13|0x0000000083f00000, 0x0000000083f00000, 0x0000000084000000|  0%| F|  |TS  0|AC  0|TAMS 0x0000000083f00000, 0x0000000083f00000|
|  14|0x0000000084000000, 0x0000000084000000, 0x0000000084100000|  0%| F|  |TS  0|AC  0|TAMS 0x0000000084000000, 0x0000000084000000|
|  15|0x0000000084100000, 0x0000000084100000, 0x0000000084200000|  0%| F|  |TS  0|AC  0|TAMS 0x0000000084100000, 0x0000000084100000|
|  16|0x0000000084200000, 0x0000000084200000, 0x0000000084300000|  0%| F|  |TS  0|AC  0|TAMS 0x0000000084200000, 0x0000000084200000|
|  17|0x0000000084300000, 0x0000000084300000, 0x0000000084400000|  0%| F|  |TS  0|AC  0|TAMS 0x0000000084300000, 0x0000000084300000|
|  18|0x0000000084400000, 0x0000000084400000, 0x0000000084500000|  0%| F|  |TS  0|AC  0|TAMS 0x0000000084400000, 0x0000000084400000|
|  19|0x0000000084500000, 0x0000000084500000, 0x0000000084600000|  0%| F|  |TS  0|AC  0|TAMS 0x0000000084500000, 0x0000000084500000|
|  20|0x0000000084600000, 0x0000000084600000, 0x0000000084700000|  0%| F|  |TS  0|AC  0|TAMS 0x0000000084600000, 0x0000000084600000|
|  21|0x0000000084700000, 0x0000000084700000, 0x0000000084800000|  0%| F|  |TS  0|AC  0|TAMS 0x0000000084700000, 0x0000000084700000|
|  22|0x0000000084800000, 0x0000000084800000, 0x0000000084900000|  0%| F|  |TS  0|AC  0|TAMS 0x0000000084800000, 0x0000000084800000|
|  23|0x0000000084900000, 0x0000000084900000, 0x0000000084a00000|  0%| F|  |TS  0|AC  0|TAMS 0x0000000084900000, 0x0000000084900000|
|  24|0x0000000084a00000, 0x0000000084a00000, 0x0000000084b00000|  0%| F|  |TS  0|AC  0|TAMS 0x0000000084a00000, 0x0000000084a00000|
|  25|0x0000000084b00000, 0x0000000084b00000, 0x0000000084c00000|  0%| F|  |TS  0|AC  0|TAMS 0x0000000084b00000, 0x0000000084b00000|
|  26|0x0000000084c00000, 0x0000000084c00000, 0x0000000084d00000|  0%| F|  |TS  0|AC  0|TAMS 0x0000000084c00000, 0x0000000084c00000|
|  27|0x0000000084d00000, 0x0000000084d00000, 0x0000000084e00000|  0%| F|  |TS  0|AC  0|TAMS 0x0000000084d00000, 0x0000000084d00000|
|  28|0x0000000084e00000, 0x0000000084e00000, 0x0000000084f00000|  0%| F|  |TS  0|AC  0|TAMS 0x0000000084e00000, 0x0000000084e00000|
|  29|0x0000000084f00000, 0x0000000084f00000, 0x0000000085000000|  0%| F|  |TS  0|AC  0|TAMS 0x0000000084f00000, 0x0000000084f00000|
|  30|0x0000000085000000, 0x0000000085000000, 0x0000000085100000|  0%| F|  |TS  0|AC  0|TAMS 0x0000000085000000, 0x0000000085000000|
|  31|0x0000000085100000, 0x0000000085100000, 0x0000000085200000|  0%| F|  |TS  0|AC  0|TAMS 0x0000000085100000, 0x0000000085100000|
|  32|0x0000000085200000, 0x0000000085200000, 0x0000000085300000|  0%| F|  |TS  0|AC  0|TAMS 0x0000000085200000, 0x0000000085200000|
|  33|0x0000000085300000, 0x0000000085300000, 0x0000000085400000|  0%| F|  |TS  0|AC  0|TAMS 0x0000000085300000, 0x0000000085300000|
|  34|0x0000000085400000, 0x0000000085400000, 0x0000000085500000|  0%| F|  |TS  0|AC  0|TAMS 0x0000000085400000, 0x0000000085400000|
|  35|0x0000000085500000, 0x0000000085500000, 0x0000000085600000|  0%| F|  |TS  0|AC  0|TAMS 0x0000000085500000, 0x0000000085500000|
|  36|0x0000000085600000, 0x0000000085600000, 0x0000000085700000|  0%| F|  |TS  0|AC  0|TAMS 0x0000000085600000, 0x0000000085600000|
|  37|0x0000000085700000, 0x0000000085700000, 0x0000000085800000|  0%| F|  |TS  0|AC  0|TAMS 0x0000000085700000, 0x0000000085700000|
|  38|0x0000000085800000, 0x0000000085800000, 0x0000000085900000|  0%| F|  |TS  0|AC  0|TAMS 0x0000000085800000, 0x0000000085800000|
|  39|0x0000000085900000, 0x0000000085900000, 0x0000000085a00000|  0%| F|  |TS  0|AC  0|TAMS 0x0000000085900000, 0x0000000085900000|
|  40|0x0000000085a00000, 0x0000000085a00000, 0x0000000085b00000|  0%| F|  |TS  0|AC  0|TAMS 0x0000000085a00000, 0x0000000085a00000|
|  41|0x0000000085b00000, 0x0000000085b00000, 0x0000000085c00000|  0%| F|  |TS  0|AC  0|TAMS 0x0000000085b00000, 0x0000000085b00000|
|  42|0x0000000085c00000, 0x0000000085c00000, 0x0000000085d00000|  0%| F|  |TS  0|AC  0|TAMS 0x0000000085c00000, 0x0000000085c00000|
|  43|0x0000000085d00000, 0x0000000085d00000, 0x0000000085e00000|  0%| F|  |TS  0|AC  0|TAMS 0x0000000085d00000, 0x0000000085d00000|
|  44|0x0000000085e00000, 0x0000000085e00000, 0x0000000085f00000|  0%| F|  |TS  0|AC  0|TAMS 0x0000000085e00000, 0x0000000085e00000|
|  45|0x0000000085f00000, 0x0000000085f00000, 0x0000000086000000|  0%| F|  |TS  0|AC  0|TAMS 0x0000000085f00000, 0x0000000085f00000|
|  46|0x0000000086000000, 0x0000000086000000, 0x0000000086100000|  0%| F|  |TS  0|AC  0|TAMS 0x0000000086000000, 0x0000000086000000|
|  47|0x0000000086100000, 0x0000000086100000, 0x0000000086200000|  0%| F|  |TS  0|AC  0|TAMS 0x0000000086100000, 0x0000000086100000|
|  48|0x0000000086200000, 0x0000000086200000, 0x0000000086300000|  0%| F|  |TS  0|AC  0|TAMS 0x0000000086200000, 0x0000000086200000|
|  49|0x0000000086300000, 0x0000000086300000, 0x0000000086400000|  0%| F|  |TS  0|AC  0|TAMS 0x0000000086300000, 0x0000000086300000|
|  50|0x0000000086400000, 0x0000000086400000, 0x0000000086500000|  0%| F|  |TS  0|AC  0|TAMS 0x0000000086400000, 0x0000000086400000|
|  51|0x0000000086500000, 0x0000000086500000, 0x0000000086600000|  0%| F|  |TS  0|AC  0|TAMS 0x0000000086500000, 0x0000000086500000|
|  52|0x0000000086600000, 0x0000000086600000, 0x0000000086700000|  0%| F|  |TS  0|AC  0|TAMS 0x0000000086600000, 0x0000000086600000|
|  53|0x0000000086700000, 0x0000000086700000, 0x0000000086800000|  0%| F|  |TS  0|AC  0|TAMS 0x0000000086700000, 0x0000000086700000|
|  54|0x0000000086800000, 0x0000000086800000, 0x0000000086900000|  0%| F|  |TS  0|AC  0|TAMS 0x0000000086800000, 0x0000000086800000|
|  55|0x0000000086900000, 0x0000000086900000, 0x0000000086a00000|  0%| F|  |TS  0|AC  0|TAMS 0x0000000086900000, 0x0000000086900000|
|  56|0x0000000086a00000, 0x0000000086a00000, 0x0000000086b00000|  0%| F|  |TS  0|AC  0|TAMS 0x0000000086a00000, 0x0000000086a00000|
|  57|0x0000000086b00000, 0x0000000086b00000, 0x0000000086c00000|  0%| F|  |TS  0|AC  0|TAMS 0x0000000086b00000, 0x0000000086b00000|
|  58|0x0000000086c00000, 0x0000000086c00000, 0x0000000086d00000|  0%| F|  |TS  0|AC  0|TAMS 0x0000000086c00000, 0x0000000086c00000|
|  59|0x0000000086d00000, 0x0000000086d00000, 0x0000000086e00000|  0%| F|  |TS  0|AC  0|TAMS 0x0000000086d00000, 0x0000000086d00000|
|  60|0x0000000086e00000, 0x0000000086e00000, 0x0000000086f00000|  0%| F|  |TS  0|AC  0|TAMS 0x0000000086e00000, 0x0000000086e00000|
|  61|0x0000000086f00000, 0x0000000086f00000, 0x0000000087000000|  0%| F|  |TS  0|AC  0|TAMS 0x0000000086f00000, 0x0000000086f00000|
|  62|0x0000000087000000, 0x0000000087000000, 0x0000000087100000|  0%| F|  |TS  0|AC  0|TAMS 0x0000000087000000, 0x0000000087000000|
|  63|0x0000000087100000, 0x0000000087100000, 0x0000000087200000|  0%| F|  |TS  0|AC  0|TAMS 0x0000000087100000, 0x0000000087100000|
|  64|0x0000000087200000, 0x0000000087200000, 0x0000000087300000|  0%| F|  |TS  0|AC  0|TAMS 0x0000000087200000, 0x0000000087200000|
|  65|0x0000000087300000, 0x0000000087300000, 0x0000000087400000|  0%| F|  |TS  0|AC  0|TAMS 0x0000000087300000, 0x0000000087300000|
|  66|0x0000000087400000, 0x0000000087400000, 0x0000000087500000|  0%| F|  |TS  0|AC  0|TAMS 0x0000000087400000, 0x0000000087400000|
|  67|0x0000000087500000, 0x0000000087500000, 0x0000000087600000|  0%| F|  |TS  0|AC  0|TAMS 0x0000000087500000, 0x0000000087500000|
|  68|0x0000000087600000, 0x0000000087600000, 0x0000000087700000|  0%| F|  |TS  0|AC  0|TAMS 0x0000000087600000, 0x0000000087600000|
|  69|0x0000000087700000, 0x0000000087700000, 0x0000000087800000|  0%| F|  |TS  0|AC  0|TAMS 0x0000000087700000, 0x0000000087700000|
|  70|0x0000000087800000, 0x0000000087800000, 0x0000000087900000|  0%| F|  |TS  0|AC  0|TAMS 0x0000000087800000, 0x0000000087800000|
|  71|0x0000000087900000, 0x0000000087900000, 0x0000000087a00000|  0%| F|  |TS  0|AC  0|TAMS 0x0000000087900000, 0x0000000087900000|
|  72|0x0000000087a00000, 0x0000000087a00000, 0x0000000087b00000|  0%| F|  |TS  0|AC  0|TAMS 0x0000000087a00000, 0x0000000087a00000|
|  73|0x0000000087b00000, 0x0000000087b00000, 0x0000000087c00000|  0%| F|  |TS  0|AC  0|TAMS 0x0000000087b00000, 0x0000000087b00000|
|  74|0x0000000087c00000, 0x0000000087c00000, 0x0000000087d00000|  0%| F|  |TS  0|AC  0|TAMS 0x0000000087c00000, 0x0000000087c00000|
|  75|0x0000000087d00000, 0x0000000087d00000, 0x0000000087e00000|  0%| F|  |TS  0|AC  0|TAMS 0x0000000087d00000, 0x0000000087d00000|
|  76|0x0000000087e00000, 0x0000000087e00000, 0x0000000087f00000|  0%| F|  |TS  0|AC  0|TAMS 0x0000000087e00000, 0x0000000087e00000|
|  77|0x0000000087f00000, 0x0000000087f00000, 0x0000000088000000|  0%| F|  |TS  0|AC  0|TAMS 0x0000000087f00000, 0x0000000087f00000|
|  78|0x0000000088000000, 0x0000000088000000, 0x0000000088100000|  0%| F|  |TS  0|AC  0|TAMS 0x0000000088000000, 0x0000000088000000|
|  79|0x0000000088100000, 0x0000000088100000, 0x0000000088200000|  0%| F|  |TS  0|AC  0|TAMS 0x0000000088100000, 0x0000000088100000|
|  80|0x0000000088200000, 0x0000000088200000, 0x0000000088300000|  0%| F|  |TS  0|AC  0|TAMS 0x0000000088200000, 0x0000000088200000|
|  81|0x0000000088300000, 0x0000000088300000, 0x0000000088400000|  0%| F|  |TS  0|AC  0|TAMS 0x0000000088300000, 0x0000000088300000|
|  82|0x0000000088400000, 0x0000000088400000, 0x0000000088500000|  0%| F|  |TS  0|AC  0|TAMS 0x0000000088400000, 0x0000000088400000|
|  83|0x0000000088500000, 0x0000000088500000, 0x0000000088600000|  0%| F|  |TS  0|AC  0|TAMS 0x0000000088500000, 0x0000000088500000|
|  84|0x0000000088600000, 0x0000000088600000, 0x0000000088700000|  0%| F|  |TS  0|AC  0|TAMS 0x0000000088600000, 0x0000000088600000|
|  85|0x0000000088700000, 0x0000000088700000, 0x0000000088800000|  0%| F|  |TS  0|AC  0|TAMS 0x0000000088700000, 0x0000000088700000|
|  86|0x0000000088800000, 0x0000000088800000, 0x0000000088900000|  0%| F|  |TS  0|AC  0|TAMS 0x0000000088800000, 0x0000000088800000|
|  87|0x0000000088900000, 0x0000000088900000, 0x0000000088a00000|  0%| F|  |TS  0|AC  0|TAMS 0x0000000088900000, 0x0000000088900000|
|  88|0x0000000088a00000, 0x0000000088a00000, 0x0000000088b00000|  0%| F|  |TS  0|AC  0|TAMS 0x0000000088a00000, 0x0000000088a00000|
|  89|0x0000000088b00000, 0x0000000088b00000, 0x0000000088c00000|  0%| F|  |TS  0|AC  0|TAMS 0x0000000088b00000, 0x0000000088b00000|
|  90|0x0000000088c00000, 0x0000000088c00000, 0x0000000088d00000|  0%| F|  |TS  0|AC  0|TAMS 0x0000000088c00000, 0x0000000088c00000|
|  91|0x0000000088d00000, 0x0000000088d00000, 0x0000000088e00000|  0%| F|  |TS  0|AC  0|TAMS 0x0000000088d00000, 0x0000000088d00000|
|  92|0x0000000088e00000, 0x0000000088e00000, 0x0000000088f00000|  0%| F|  |TS  0|AC  0|TAMS 0x0000000088e00000, 0x0000000088e00000|
|  93|0x0000000088f00000, 0x0000000088f00000, 0x0000000089000000|  0%| F|  |TS  0|AC  0|TAMS 0x0000000088f00000, 0x0000000088f00000|
|  94|0x0000000089000000, 0x0000000089000000, 0x0000000089100000|  0%| F|  |TS  0|AC  0|TAMS 0x0000000089000000, 0x0000000089000000|
|  95|0x0000000089100000, 0x0000000089100000, 0x0000000089200000|  0%| F|  |TS  0|AC  0|TAMS 0x0000000089100000, 0x0000000089100000|
|  96|0x0000000089200000, 0x0000000089200000, 0x0000000089300000|  0%| F|  |TS  0|AC  0|TAMS 0x0000000089200000, 0x0000000089200000|
|  97|0x0000000089300000, 0x0000000089300000, 0x0000000089400000|  0%| F|  |TS  0|AC  0|TAMS 0x0000000089300000, 0x0000000089300000|
|  98|0x0000000089400000, 0x0000000089400000, 0x0000000089500000|  0%| F|  |TS  0|AC  0|TAMS 0x0000000089400000, 0x0000000089400000|
|  99|0x0000000089500000, 0x0000000089500000, 0x0000000089600000|  0%| F|  |TS  0|AC  0|TAMS 0x0000000089500000, 0x0000000089500000|
| 100|0x0000000089600000, 0x0000000089600000, 0x0000000089700000|  0%| F|  |TS  0|AC  0|TAMS 0x0000000089600000, 0x0000000089600000|
| 101|0x0000000089700000, 0x0000000089700000, 0x0000000089800000|  0%| F|  |TS  0|AC  0|TAMS 0x0000000089700000, 0x0000000089700000|
| 102|0x0000000089800000, 0x0000000089800000, 0x0000000089900000|  0%| F|  |TS  0|AC  0|TAMS 0x0000000089800000, 0x0000000089800000|
| 103|0x0000000089900000, 0x0000000089900000, 0x0000000089a00000|  0%| F|  |TS  0|AC  0|TAMS 0x0000000089900000, 0x0000000089900000|
| 104|0x0000000089a00000, 0x0000000089a00000, 0x0000000089b00000|  0%| F|  |TS  0|AC  0|TAMS 0x0000000089a00000, 0x0000000089a00000|
| 105|0x0000000089b00000, 0x0000000089b00000, 0x0000000089c00000|  0%| F|  |TS  0|AC  0|TAMS 0x0000000089b00000, 0x0000000089b00000|
| 106|0x0000000089c00000, 0x0000000089c00000, 0x0000000089d00000|  0%| F|  |TS  0|AC  0|TAMS 0x0000000089c00000, 0x0000000089c00000|
| 107|0x0000000089d00000, 0x0000000089d00000, 0x0000000089e00000|  0%| F|  |TS  0|AC  0|TAMS 0x0000000089d00000, 0x0000000089d00000|
| 108|0x0000000089e00000, 0x0000000089e00000, 0x0000000089f00000|  0%| F|  |TS  0|AC  0|TAMS 0x0000000089e00000, 0x0000000089e00000|
| 109|0x0000000089f00000, 0x0000000089f00000, 0x000000008a000000|  0%| F|  |TS  0|AC  0|TAMS 0x0000000089f00000, 0x0000000089f00000|
| 110|0x000000008a000000, 0x000000008a000000, 0x000000008a100000|  0%| F|  |TS  0|AC  0|TAMS 0x000000008a000000, 0x000000008a000000|
| 111|0x000000008a100000, 0x000000008a100000, 0x000000008a200000|  0%| F|  |TS  0|AC  0|TAMS 0x000000008a100000, 0x000000008a100000|
| 112|0x000000008a200000, 0x000000008a200000, 0x000000008a300000|  0%| F|  |TS  0|AC  0|TAMS 0x000000008a200000, 0x000000008a200000|
| 113|0x000000008a300000, 0x000000008a300000, 0x000000008a400000|  0%| F|  |TS  0|AC  0|TAMS 0x000000008a300000, 0x000000008a300000|
| 114|0x000000008a400000, 0x000000008a400000, 0x000000008a500000|  0%| F|  |TS  0|AC  0|TAMS 0x000000008a400000, 0x000000008a400000|
| 115|0x000000008a500000, 0x000000008a500000, 0x000000008a600000|  0%| F|  |TS  0|AC  0|TAMS 0x000000008a500000, 0x000000008a500000|
| 116|0x000000008a600000, 0x000000008a600000, 0x000000008a700000|  0%| F|  |TS  0|AC  0|TAMS 0x000000008a600000, 0x000000008a600000|
| 117|0x000000008a700000, 0x000000008a700000, 0x000000008a800000|  0%| F|  |TS  0|AC  0|TAMS 0x000000008a700000, 0x000000008a700000|
| 118|0x000000008a800000, 0x000000008a800000, 0x000000008a900000|  0%| F|  |TS  0|AC  0|TAMS 0x000000008a800000, 0x000000008a800000|
| 119|0x000000008a900000, 0x000000008aa00000, 0x000000008aa00000|100%| E|  |TS  0|AC  0|TAMS 0x000000008a900000, 0x000000008a900000|
| 120|0x000000008aa00000, 0x000000008ab00000, 0x000000008ab00000|100%| E|CS|TS  0|AC  0|TAMS 0x000000008aa00000, 0x000000008aa00000|
| 121|0x000000008ab00000, 0x000000008ac00000, 0x000000008ac00000|100%| E|CS|TS  0|AC  0|TAMS 0x000000008ab00000, 0x000000008ab00000|
| 122|0x000000008ac00000, 0x000000008ad00000, 0x000000008ad00000|100%| E|CS|TS  0|AC  0|TAMS 0x000000008ac00000, 0x000000008ac00000|
| 123|0x000000008ad00000, 0x000000008ae00000, 0x000000008ae00000|100%| E|CS|TS  0|AC  0|TAMS 0x000000008ad00000, 0x000000008ad00000|
| 124|0x000000008ae00000, 0x000000008af00000, 0x000000008af00000|100%| E|CS|TS  0|AC  0|TAMS 0x000000008ae00000, 0x000000008ae00000|
| 125|0x000000008af00000, 0x000000008b000000, 0x000000008b000000|100%| E|CS|TS  0|AC  0|TAMS 0x000000008af00000, 0x000000008af00000|

Card table byte_map: [0x00007fe005c91000,0x00007fe006078000] byte_map_base: 0x00007fe005878000

Marking Bits (Prev, Next): (CMBitMap*) 0x00007fe020069e48, (CMBitMap*) 0x00007fe020069e80
 Prev Bits: [0x00007fdfde0c8000, 0x00007fdfe0000000)
 Next Bits: [0x00007fdfdc190000, 0x00007fdfde0c8000)

Polling page: 0x00007fe0271e5000

CodeHeap 'non-profiled nmethods': size=120032Kb used=452Kb max_used=452Kb free=119579Kb
 bounds [0x00007fe00f106000, 0x00007fe00f376000, 0x00007fe01663e000]
CodeHeap 'profiled nmethods': size=120032Kb used=2018Kb max_used=2018Kb free=118013Kb
 bounds [0x00007fe007bce000, 0x00007fe007e3e000, 0x00007fe00f106000]
CodeHeap 'non-nmethods': size=5696Kb used=2765Kb max_used=2793Kb free=2930Kb
 bounds [0x00007fe00763e000, 0x00007fe0078fe000, 0x00007fe007bce000]
 total_blobs=1827 nmethods=715 adapters=875
 compilation: enabled

Compilation events (10 events):
Event: 10,711 Thread 0x00007fe020256000 nmethod 710 0x00007fe00f176310 code [0x00007fe00f1764c0, 0x00007fe00f176638]
Event: 10,711 Thread 0x00007fe020258800  711   !b  3       java.util.concurrent.ConcurrentHashMap::putVal (432 bytes)
Event: 10,755 Thread 0x00007fe020258800 nmethod 711 0x00007fe007dc0110 code [0x00007fe007dc07e0, 0x00007fe007dc3c00]
Event: 10,755 Thread 0x00007fe020258800  712    b  3       java.lang.String::substring (58 bytes)
Event: 10,765 Thread 0x00007fe020258800 nmethod 712 0x00007fe007dc4f10 code [0x00007fe007dc51e0, 0x00007fe007dc5cf0]
Event: 10,765 Thread 0x00007fe020254000  713    b  4       java.lang.String::charAt (25 bytes)
Event: 10,771 Thread 0x00007fe020254000 nmethod 713 0x00007fe00f176890 code [0x00007fe00f176a40, 0x00007fe00f176b18]
Event: 10,785 Thread 0x00007fe020258800  715    b  3       org.simonis.Crash6$A::crash (12 bytes)
Event: 10,787 Thread 0x00007fe020258800 nmethod 715 0x00007fe007dc6190 code [0x00007fe007dc6380, 0x00007fe007dc6790]
Event: 10,798 Thread 0x00007fe020256000  716    b  4       org.simonis.Crash6$A::crash (12 bytes)

GC Heap History (0 events):
No events

Deoptimization events (3 events):
Event: 6,443 Thread 0x00007fe020019800 Uncommon trap: reason=unstable_if action=reinterpret pc=0x00007fe00f1382f0 method=java.lang.StringLatin1.replace([BCC)Ljava/lang/String; @ 19 c2
Event: 9,131 Thread 0x00007fe020019800 Uncommon trap: reason=unstable_if action=reinterpret pc=0x00007fe00f164b84 method=java.io.BufferedReader.read()I @ 19 c2
Event: 9,474 Thread 0x00007fe020019800 Uncommon trap: reason=unstable_fused_if action=reinterpret pc=0x00007fe00f168908 method=java.io.StreamTokenizer.nextToken()I @ 217 c2

Classes redefined (1 events):
Event: 10,631 Thread 0x00007fe020212800 redefined class name=org.simonis.Crash6$A, count=1

Internal exceptions (10 events):
Event: 3,404 Thread 0x00007fe020019800 Exception <a 'java/lang/NoSuchMethodError'{0x000000008ada6a20}: java.lang.invoke.DirectMethodHandle$Holder.invokeSpecial(Ljava/lang/Object;Ljava/lang/Object;Ljava/lang/Object;)I> (0x000000008ada6a20) thrown at [/share/OpenJDK/jdk9-dev/hotspot/src/share/vm
Event: 5,016 Thread 0x00007fe020019800 Exception <a 'java/lang/NoSuchMethodError'{0x000000008ac49878}: method resolution failed> (0x000000008ac49878) thrown at [/share/OpenJDK/jdk9-dev/hotspot/src/share/vm/prims/methodHandles.cpp, line 1256]
Event: 6,209 Thread 0x00007fe020019800 Exception <a 'java/lang/NoSuchMethodError'{0x000000008acefcc8}: java.lang.invoke.DirectMethodHandle$Holder.invokeStatic(Ljava/lang/Object;Ljava/lang/Object;Ljava/lang/Object;Ljava/lang/Object;Ljava/lang/Object;Ljava/lang/Object;Ljava/lang/Object;Ljava/lan
Event: 6,260 Thread 0x00007fe020019800 Exception <a 'java/lang/NoSuchMethodError'{0x000000008ab0ea38}: java.lang.invoke.DirectMethodHandle$Holder.invokeStatic(Ljava/lang/Object;Ljava/lang/Object;Ljava/lang/Object;Ljava/lang/Object;Ljava/lang/Object;Ljava/lang/Object;Ljava/lang/Object;Ljava/lan
Event: 6,302 Thread 0x00007fe020019800 Exception <a 'java/lang/NoSuchMethodError'{0x000000008ab2dc60}: java.lang.invoke.DirectMethodHandle$Holder.invokeStatic(Ljava/lang/Object;Ljava/lang/Object;Ljava/lang/Object;Ljava/lang/Object;Ljava/lang/Object;Ljava/lang/Object;Ljava/lang/Object;Ljava/lan
Event: 6,371 Thread 0x00007fe020019800 Exception <a 'java/lang/NoSuchMethodError'{0x000000008ab4e9e8}: java.lang.invoke.DirectMethodHandle$Holder.invokeStatic(Ljava/lang/Object;Ljava/lang/Object;Ljava/lang/Object;Ljava/lang/Object;Ljava/lang/Object;Ljava/lang/Object;Ljava/lang/Object;Ljava/lan
Event: 6,430 Thread 0x00007fe020019800 Exception <a 'java/lang/NoSuchMethodError'{0x000000008ab624a0}: java.lang.Object.lambda$negate$3(I)Z> (0x000000008ab624a0) thrown at [/share/OpenJDK/jdk9-dev/hotspot/src/share/vm/interpreter/linkResolver.cpp, line 731]
Event: 10,185 Thread 0x00007fe020019800 Exception <a 'java/lang/NoSuchMethodError'{0x000000008aad4ef0}: java.lang.invoke.DirectMethodHandle$Holder.invokeStatic(Ljava/lang/Object;Ljava/lang/Object;Ljava/lang/Object;Ljava/lang/Object;Ljava/lang/Object;Ljava/lang/Object;Ljava/lang/Object;Ljava/lan
Event: 10,284 Thread 0x00007fe020019800 Exception <a 'java/lang/NoSuchMethodError'{0x000000008aae3cb8}: java.lang.invoke.DirectMethodHandle$Holder.invokeStatic(Ljava/lang/Object;Ljava/lang/Object;Ljava/lang/Object;Ljava/lang/Object;Ljava/lang/Object;Ljava/lang/Object;Ljava/lang/Object;Ljava/lan
Event: 10,304 Thread 0x00007fe020019800 Exception <a 'java/lang/NoSuchMethodError'{0x000000008aaf2bf8}: method resolution failed> (0x000000008aaf2bf8) thrown at [/share/OpenJDK/jdk9-dev/hotspot/src/share/vm/prims/methodHandles.cpp, line 1256]

Events (10 events):
Event: 10,607 loading class java/lang/instrument/ClassDefinition
Event: 10,608 loading class java/lang/instrument/ClassDefinition done
Event: 10,609 loading class org/simonis/Crash6$A
Event: 10,609 loading class org/simonis/Crash6$A done
Event: 10,621 Executing VM operation: RedefineClasses
Event: 10,643 Executing VM operation: RedefineClasses done
Event: 10,661 loading class org/simonis/Crash6$Y
Event: 10,661 loading class org/simonis/Crash6$Y done
Event: 10,755 loading class org/simonis/Crash6$X
Event: 10,755 loading class org/simonis/Crash6$X done


Dynamic libraries:
00400000-00401000 r-xp 00000000 08:01 1759537                            /share/output-jdk9-dev-dbg/images/jdk/bin/java
00601000-00602000 r--p 00001000 08:01 1759537                            /share/output-jdk9-dev-dbg/images/jdk/bin/java
00602000-00603000 rw-p 00002000 08:01 1759537                            /share/output-jdk9-dev-dbg/images/jdk/bin/java
014d9000-014fa000 rw-p 00000000 00:00 0                                  [heap]
83200000-8b000000 rw-p 00000000 00:00 0 
8b000000-100000000 ---p 00000000 00:00 0 
100000000-100100000 rw-p 00000000 00:00 0 
100100000-140000000 ---p 00000000 00:00 0 
7fdf9c000000-7fdf9c033000 rw-p 00000000 00:00 0 
7fdf9c033000-7fdfa0000000 ---p 00000000 00:00 0 
7fdfa3b23000-7fdfa4000000 rw-p 00000000 00:00 0 
7fdfa4000000-7fdfa4021000 rw-p 00000000 00:00 0 
7fdfa4021000-7fdfa8000000 ---p 00000000 00:00 0 
7fdfa8000000-7fdfa8021000 rw-p 00000000 00:00 0 
7fdfa8021000-7fdfac000000 ---p 00000000 00:00 0 
7fdfac000000-7fdfac021000 rw-p 00000000 00:00 0 
7fdfac021000-7fdfb0000000 ---p 00000000 00:00 0 
7fdfb0000000-7fdfb0021000 rw-p 00000000 00:00 0 
7fdfb0021000-7fdfb4000000 ---p 00000000 00:00 0 
7fdfb4000000-7fdfb56ce000 rw-p 00000000 00:00 0 
7fdfb56ce000-7fdfb8000000 ---p 00000000 00:00 0 
7fdfb8000000-7fdfb85bd000 rw-p 00000000 00:00 0 
7fdfb85bd000-7fdfbc000000 ---p 00000000 00:00 0 
7fdfbc000000-7fdfbc021000 rw-p 00000000 00:00 0 
7fdfbc021000-7fdfc0000000 ---p 00000000 00:00 0 
7fdfc0000000-7fdfc04d3000 rw-p 00000000 00:00 0 
7fdfc04d3000-7fdfc4000000 ---p 00000000 00:00 0 
7fdfc4000000-7fdfc4021000 rw-p 00000000 00:00 0 
7fdfc4021000-7fdfc8000000 ---p 00000000 00:00 0 
7fdfc8000000-7fdfc8021000 rw-p 00000000 00:00 0 
7fdfc8021000-7fdfcc000000 ---p 00000000 00:00 0 
7fdfcc000000-7fdfcc021000 rw-p 00000000 00:00 0 
7fdfcc021000-7fdfd0000000 ---p 00000000 00:00 0 
7fdfd0000000-7fdfd0021000 rw-p 00000000 00:00 0 
7fdfd0021000-7fdfd4000000 ---p 00000000 00:00 0 
7fdfd40de000-7fdfd446b000 rw-p 00000000 00:00 0 
7fdfd446b000-7fdfd4477000 r-xp 00000000 08:01 1759446                    /share/output-jdk9-dev-dbg/images/jdk/lib/libinstrument.so
7fdfd4477000-7fdfd4677000 ---p 0000c000 08:01 1759446                    /share/output-jdk9-dev-dbg/images/jdk/lib/libinstrument.so
7fdfd4677000-7fdfd4678000 r--p 0000c000 08:01 1759446                    /share/output-jdk9-dev-dbg/images/jdk/lib/libinstrument.so
7fdfd4678000-7fdfd4679000 rw-p 0000d000 08:01 1759446                    /share/output-jdk9-dev-dbg/images/jdk/lib/libinstrument.so
7fdfd4679000-7fdfd467d000 ---p 00000000 00:00 0 
7fdfd467d000-7fdfd47fa000 rw-p 00000000 00:00 0 
7fdfd47fa000-7fdfd497a000 ---p 00000000 00:00 0 
7fdfd497a000-7fdfd497d000 r-xp 00000000 08:01 1759566                    /share/output-jdk9-dev-dbg/images/jdk/lib/libattach.so
7fdfd497d000-7fdfd4b7c000 ---p 00003000 08:01 1759566                    /share/output-jdk9-dev-dbg/images/jdk/lib/libattach.so
7fdfd4b7c000-7fdfd4b7d000 r--p 00002000 08:01 1759566                    /share/output-jdk9-dev-dbg/images/jdk/lib/libattach.so
7fdfd4b7d000-7fdfd4b7e000 rw-p 00003000 08:01 1759566                    /share/output-jdk9-dev-dbg/images/jdk/lib/libattach.so
7fdfd4b7e000-7fdfd4b85000 r-xp 00000000 08:01 1759458                    /share/output-jdk9-dev-dbg/images/jdk/lib/libmanagement_ext.so
7fdfd4b85000-7fdfd4d84000 ---p 00007000 08:01 1759458                    /share/output-jdk9-dev-dbg/images/jdk/lib/libmanagement_ext.so
7fdfd4d84000-7fdfd4d85000 r--p 00006000 08:01 1759458                    /share/output-jdk9-dev-dbg/images/jdk/lib/libmanagement_ext.so
7fdfd4d85000-7fdfd4d86000 rw-p 00007000 08:01 1759458                    /share/output-jdk9-dev-dbg/images/jdk/lib/libmanagement_ext.so
7fdfd4d86000-7fdfd4d8b000 r-xp 00000000 08:01 1759502                    /share/output-jdk9-dev-dbg/images/jdk/lib/libmanagement.so
7fdfd4d8b000-7fdfd4f8a000 ---p 00005000 08:01 1759502                    /share/output-jdk9-dev-dbg/images/jdk/lib/libmanagement.so
7fdfd4f8a000-7fdfd4f8b000 r--p 00004000 08:01 1759502                    /share/output-jdk9-dev-dbg/images/jdk/lib/libmanagement.so
7fdfd4f8b000-7fdfd4f8c000 rw-p 00005000 08:01 1759502                    /share/output-jdk9-dev-dbg/images/jdk/lib/libmanagement.so
7fdfd4f8c000-7fdfd4f8d000 ---p 00000000 00:00 0 
7fdfd4f8d000-7fdfd508d000 rw-p 00000000 00:00 0 
7fdfd508d000-7fdfd5091000 ---p 00000000 00:00 0 
7fdfd5091000-7fdfd518e000 rw-p 00000000 00:00 0 
7fdfd518e000-7fdfd51a9000 r-xp 00000000 08:01 1759552                    /share/output-jdk9-dev-dbg/images/jdk/lib/libnet.so
7fdfd51a9000-7fdfd53a9000 ---p 0001b000 08:01 1759552                    /share/output-jdk9-dev-dbg/images/jdk/lib/libnet.so
7fdfd53a9000-7fdfd53aa000 r--p 0001b000 08:01 1759552                    /share/output-jdk9-dev-dbg/images/jdk/lib/libnet.so
7fdfd53aa000-7fdfd53ab000 rw-p 0001c000 08:01 1759552                    /share/output-jdk9-dev-dbg/images/jdk/lib/libnet.so
7fdfd53ab000-7fdfd53be000 r-xp 00000000 08:01 1759548                    /share/output-jdk9-dev-dbg/images/jdk/lib/libnio.so
7fdfd53be000-7fdfd55bd000 ---p 00013000 08:01 1759548                    /share/output-jdk9-dev-dbg/images/jdk/lib/libnio.so
7fdfd55bd000-7fdfd55be000 r--p 00012000 08:01 1759548                    /share/output-jdk9-dev-dbg/images/jdk/lib/libnio.so
7fdfd55be000-7fdfd55bf000 rw-p 00013000 08:01 1759548                    /share/output-jdk9-dev-dbg/images/jdk/lib/libnio.so
7fdfd55bf000-7fdfd6000000 r--p 00000000 08:01 11552                      /usr/lib/locale/locale-archive
7fdfd6000000-7fdfd8000000 rwxp 00000000 00:00 0 
7fdfd8000000-7fdfd8021000 rw-p 00000000 00:00 0 
7fdfd8021000-7fdfdc000000 ---p 00000000 00:00 0 
7fdfdc08f000-7fdfdc093000 ---p 00000000 00:00 0 
7fdfdc093000-7fdfdc388000 rw-p 00000000 00:00 0 
7fdfdc388000-7fdfde0c8000 ---p 00000000 00:00 0 
7fdfde0c8000-7fdfde2c0000 rw-p 00000000 00:00 0 
7fdfde2c0000-7fdfe0000000 ---p 00000000 00:00 0 
7fdfe0000000-7fdfe0021000 rw-p 00000000 00:00 0 
7fdfe0021000-7fdfe4000000 ---p 00000000 00:00 0 
7fdfe4000000-7fdfe4021000 rw-p 00000000 00:00 0 
7fdfe4021000-7fdfe8000000 ---p 00000000 00:00 0 
7fdfe8000000-7fdfe8021000 rw-p 00000000 00:00 0 
7fdfe8021000-7fdfec000000 ---p 00000000 00:00 0 
7fdfec000000-7fdfec021000 rw-p 00000000 00:00 0 
7fdfec021000-7fdff0000000 ---p 00000000 00:00 0 
7fdff0000000-7fdff0021000 rw-p 00000000 00:00 0 
7fdff0021000-7fdff4000000 ---p 00000000 00:00 0 
7fdff4000000-7fdff4021000 rw-p 00000000 00:00 0 
7fdff4021000-7fdff8000000 ---p 00000000 00:00 0 
7fdff8000000-7fdff8021000 rw-p 00000000 00:00 0 
7fdff8021000-7fdffc000000 ---p 00000000 00:00 0 
7fdffc000000-7fdffc021000 rw-p 00000000 00:00 0 
7fdffc021000-7fe000000000 ---p 00000000 00:00 0 
7fe000000000-7fe000021000 rw-p 00000000 00:00 0 
7fe000021000-7fe004000000 ---p 00000000 00:00 0 
7fe00403a000-7fe00406b000 rw-p 00000000 00:00 0 
7fe00406b000-7fe00406f000 ---p 00000000 00:00 0 
7fe00406f000-7fe00416c000 rw-p 00000000 00:00 0 
7fe00416c000-7fe004170000 ---p 00000000 00:00 0 
7fe004170000-7fe00426d000 rw-p 00000000 00:00 0 
7fe00426d000-7fe004271000 ---p 00000000 00:00 0 
7fe004271000-7fe00436e000 rw-p 00000000 00:00 0 
7fe00436e000-7fe004372000 ---p 00000000 00:00 0 
7fe004372000-7fe00446f000 rw-p 00000000 00:00 0 
7fe00446f000-7fe004473000 ---p 00000000 00:00 0 
7fe004473000-7fe004570000 rw-p 00000000 00:00 0 
7fe004570000-7fe004574000 ---p 00000000 00:00 0 
7fe004574000-7fe004671000 rw-p 00000000 00:00 0 
7fe004671000-7fe004675000 ---p 00000000 00:00 0 
7fe004675000-7fe004772000 rw-p 00000000 00:00 0 
7fe004772000-7fe004773000 ---p 00000000 00:00 0 
7fe004773000-7fe0052a4000 rw-p 00000000 00:00 0 
7fe0052a4000-7fe0056a8000 rw-p 00000000 00:00 0 
7fe0056a8000-7fe0056a9000 ---p 00000000 00:00 0 
7fe0056a9000-7fe0057a9000 rw-p 00000000 00:00 0 
7fe0057a9000-7fe0057aa000 ---p 00000000 00:00 0 
7fe0057aa000-7fe0058e9000 rw-p 00000000 00:00 0 
7fe0058e9000-7fe005c91000 ---p 00000000 00:00 0 
7fe005c91000-7fe005cd0000 rw-p 00000000 00:00 0 
7fe005cd0000-7fe00645f000 ---p 00000000 00:00 0 
7fe00645f000-7fe00649e000 rw-p 00000000 00:00 0 
7fe00649e000-7fe006846000 ---p 00000000 00:00 0 
7fe006846000-7fe006847000 ---p 00000000 00:00 0 
7fe006847000-7fe006947000 rw-p 00000000 00:00 0 
7fe006947000-7fe006948000 ---p 00000000 00:00 0 
7fe006948000-7fe006a48000 rw-p 00000000 00:00 0 
7fe006a48000-7fe006a49000 ---p 00000000 00:00 0 
7fe006a49000-7fe006b49000 rw-p 00000000 00:00 0 
7fe006b49000-7fe006b4a000 ---p 00000000 00:00 0 
7fe006b4a000-7fe006c4a000 rw-p 00000000 00:00 0 
7fe006c4a000-7fe006c4b000 ---p 00000000 00:00 0 
7fe006c4b000-7fe00714f000 rw-p 00000000 00:00 0 
7fe00714f000-7fe007150000 ---p 00000000 00:00 0 
7fe007150000-7fe007250000 rw-p 00000000 00:00 0 
7fe007250000-7fe007251000 ---p 00000000 00:00 0 
7fe007251000-7fe007351000 rw-p 00000000 00:00 0 
7fe007351000-7fe007352000 ---p 00000000 00:00 0 
7fe007352000-7fe007452000 rw-p 00000000 00:00 0 
7fe007452000-7fe007453000 ---p 00000000 00:00 0 
7fe007453000-7fe007558000 rw-p 00000000 00:00 0 
7fe007558000-7fe00763e000 ---p 00000000 00:00 0 
7fe00763e000-7fe0078fe000 rwxp 00000000 00:00 0 
7fe0078fe000-7fe007bce000 ---p 00000000 00:00 0 
7fe007bce000-7fe007e3e000 rwxp 00000000 00:00 0 
7fe007e3e000-7fe00f106000 ---p 00000000 00:00 0 
7fe00f106000-7fe00f376000 rwxp 00000000 00:00 0 
7fe00f376000-7fe01663e000 ---p 00000000 00:00 0 
7fe01663e000-7fe01ef3e000 r--s 00000000 08:01 1759445                    /share/output-jdk9-dev-dbg/images/jdk/lib/modules
7fe01ef3e000-7fe01ef5c000 r-xp 00000000 08:01 1759553                    /share/output-jdk9-dev-dbg/images/jdk/lib/libjimage.so
7fe01ef5c000-7fe01f15c000 ---p 0001e000 08:01 1759553                    /share/output-jdk9-dev-dbg/images/jdk/lib/libjimage.so
7fe01f15c000-7fe01f15e000 r--p 0001e000 08:01 1759553                    /share/output-jdk9-dev-dbg/images/jdk/lib/libjimage.so
7fe01f15e000-7fe01f15f000 rw-p 00020000 08:01 1759553                    /share/output-jdk9-dev-dbg/images/jdk/lib/libjimage.so
7fe01f15f000-7fe01f170000 rw-p 00000000 00:00 0 
7fe01f170000-7fe01f179000 r-xp 00000000 08:01 1759538                    /share/output-jdk9-dev-dbg/images/jdk/lib/libzip.so
7fe01f179000-7fe01f378000 ---p 00009000 08:01 1759538                    /share/output-jdk9-dev-dbg/images/jdk/lib/libzip.so
7fe01f378000-7fe01f379000 r--p 00008000 08:01 1759538                    /share/output-jdk9-dev-dbg/images/jdk/lib/libzip.so
7fe01f379000-7fe01f37a000 rw-p 00009000 08:01 1759538                    /share/output-jdk9-dev-dbg/images/jdk/lib/libzip.so
7fe01f37a000-7fe01f385000 r-xp 00000000 08:01 8984                       /lib/x86_64-linux-gnu/libnss_files-2.19.so
7fe01f385000-7fe01f584000 ---p 0000b000 08:01 8984                       /lib/x86_64-linux-gnu/libnss_files-2.19.so
7fe01f584000-7fe01f585000 r--p 0000a000 08:01 8984                       /lib/x86_64-linux-gnu/libnss_files-2.19.so
7fe01f585000-7fe01f586000 rw-p 0000b000 08:01 8984                       /lib/x86_64-linux-gnu/libnss_files-2.19.so
7fe01f586000-7fe01f591000 r-xp 00000000 08:01 8985                       /lib/x86_64-linux-gnu/libnss_nis-2.19.so
7fe01f591000-7fe01f790000 ---p 0000b000 08:01 8985                       /lib/x86_64-linux-gnu/libnss_nis-2.19.so
7fe01f790000-7fe01f791000 r--p 0000a000 08:01 8985                       /lib/x86_64-linux-gnu/libnss_nis-2.19.so
7fe01f791000-7fe01f792000 rw-p 0000b000 08:01 8985                       /lib/x86_64-linux-gnu/libnss_nis-2.19.so
7fe01f792000-7fe01f7a9000 r-xp 00000000 08:01 8971                       /lib/x86_64-linux-gnu/libnsl-2.19.so
7fe01f7a9000-7fe01f9a8000 ---p 00017000 08:01 8971                       /lib/x86_64-linux-gnu/libnsl-2.19.so
7fe01f9a8000-7fe01f9a9000 r--p 00016000 08:01 8971                       /lib/x86_64-linux-gnu/libnsl-2.19.so
7fe01f9a9000-7fe01f9aa000 rw-p 00017000 08:01 8971                       /lib/x86_64-linux-gnu/libnsl-2.19.so
7fe01f9aa000-7fe01f9ac000 rw-p 00000000 00:00 0 
7fe01f9ac000-7fe01f9b5000 r-xp 00000000 08:01 8968                       /lib/x86_64-linux-gnu/libnss_compat-2.19.so
7fe01f9b5000-7fe01fbb4000 ---p 00009000 08:01 8968                       /lib/x86_64-linux-gnu/libnss_compat-2.19.so
7fe01fbb4000-7fe01fbb5000 r--p 00008000 08:01 8968                       /lib/x86_64-linux-gnu/libnss_compat-2.19.so
7fe01fbb5000-7fe01fbb6000 rw-p 00009000 08:01 8968                       /lib/x86_64-linux-gnu/libnss_compat-2.19.so
7fe01fbb6000-7fe01fbea000 r-xp 00000000 08:01 1759540                    /share/output-jdk9-dev-dbg/images/jdk/lib/libjava.so
7fe01fbea000-7fe01fde9000 ---p 00034000 08:01 1759540                    /share/output-jdk9-dev-dbg/images/jdk/lib/libjava.so
7fe01fde9000-7fe01fdea000 r--p 00033000 08:01 1759540                    /share/output-jdk9-dev-dbg/images/jdk/lib/libjava.so
7fe01fdea000-7fe01fdeb000 rw-p 00034000 08:01 1759540                    /share/output-jdk9-dev-dbg/images/jdk/lib/libjava.so
7fe01fdeb000-7fe01fdec000 rw-p 00000000 00:00 0 
7fe01fdec000-7fe01fdfe000 r-xp 00000000 08:01 1759547                    /share/output-jdk9-dev-dbg/images/jdk/lib/libverify.so
7fe01fdfe000-7fe01fffd000 ---p 00012000 08:01 1759547                    /share/output-jdk9-dev-dbg/images/jdk/lib/libverify.so
7fe01fffd000-7fe01ffff000 r--p 00011000 08:01 1759547                    /share/output-jdk9-dev-dbg/images/jdk/lib/libverify.so
7fe01ffff000-7fe020000000 rw-p 00013000 08:01 1759547                    /share/output-jdk9-dev-dbg/images/jdk/lib/libverify.so
7fe020000000-7fe02046d000 rw-p 00000000 00:00 0 
7fe02046d000-7fe024000000 ---p 00000000 00:00 0 
7fe024004000-7fe024009000 rw-p 00000000 00:00 0 
7fe024009000-7fe0240ef000 ---p 00000000 00:00 0 
7fe0240ef000-7fe0240f6000 r-xp 00000000 08:01 8973                       /lib/x86_64-linux-gnu/librt-2.19.so
7fe0240f6000-7fe0242f5000 ---p 00007000 08:01 8973                       /lib/x86_64-linux-gnu/librt-2.19.so
7fe0242f5000-7fe0242f6000 r--p 00006000 08:01 8973                       /lib/x86_64-linux-gnu/librt-2.19.so
7fe0242f6000-7fe0242f7000 rw-p 00007000 08:01 8973                       /lib/x86_64-linux-gnu/librt-2.19.so
7fe0242f7000-7fe0243fc000 r-xp 00000000 08:01 8980                       /lib/x86_64-linux-gnu/libm-2.19.so
7fe0243fc000-7fe0245fb000 ---p 00105000 08:01 8980                       /lib/x86_64-linux-gnu/libm-2.19.so
7fe0245fb000-7fe0245fc000 r--p 00104000 08:01 8980                       /lib/x86_64-linux-gnu/libm-2.19.so
7fe0245fc000-7fe0245fd000 rw-p 00105000 08:01 8980                       /lib/x86_64-linux-gnu/libm-2.19.so
7fe0245fd000-7fe025fd6000 r-xp 00000000 08:01 1759546                    /share/output-jdk9-dev-dbg/images/jdk/lib/server/libjvm.so
7fe025fd6000-7fe0261d6000 ---p 019d9000 08:01 1759546                    /share/output-jdk9-dev-dbg/images/jdk/lib/server/libjvm.so
7fe0261d6000-7fe0262c7000 r--p 019d9000 08:01 1759546                    /share/output-jdk9-dev-dbg/images/jdk/lib/server/libjvm.so
7fe0262c7000-7fe026300000 rw-p 01aca000 08:01 1759546                    /share/output-jdk9-dev-dbg/images/jdk/lib/server/libjvm.so
7fe026300000-7fe0263b1000 rw-p 00000000 00:00 0 
7fe0263b1000-7fe0263ca000 r-xp 00000000 08:01 8990                       /lib/x86_64-linux-gnu/libpthread-2.19.so
7fe0263ca000-7fe0265c9000 ---p 00019000 08:01 8990                       /lib/x86_64-linux-gnu/libpthread-2.19.so
7fe0265c9000-7fe0265ca000 r--p 00018000 08:01 8990                       /lib/x86_64-linux-gnu/libpthread-2.19.so
7fe0265ca000-7fe0265cb000 rw-p 00019000 08:01 8990                       /lib/x86_64-linux-gnu/libpthread-2.19.so
7fe0265cb000-7fe0265cf000 rw-p 00000000 00:00 0 
7fe0265cf000-7fe0265d2000 r-xp 00000000 08:01 8989                       /lib/x86_64-linux-gnu/libdl-2.19.so
7fe0265d2000-7fe0267d1000 ---p 00003000 08:01 8989                       /lib/x86_64-linux-gnu/libdl-2.19.so
7fe0267d1000-7fe0267d2000 r--p 00002000 08:01 8989                       /lib/x86_64-linux-gnu/libdl-2.19.so
7fe0267d2000-7fe0267d3000 rw-p 00003000 08:01 8989                       /lib/x86_64-linux-gnu/libdl-2.19.so
7fe0267d3000-7fe0267eb000 r-xp 00000000 08:01 6600                       /lib/x86_64-linux-gnu/libz.so.1.2.8
7fe0267eb000-7fe0269ea000 ---p 00018000 08:01 6600                       /lib/x86_64-linux-gnu/libz.so.1.2.8
7fe0269ea000-7fe0269eb000 r--p 00017000 08:01 6600                       /lib/x86_64-linux-gnu/libz.so.1.2.8
7fe0269eb000-7fe0269ec000 rw-p 00018000 08:01 6600                       /lib/x86_64-linux-gnu/libz.so.1.2.8
7fe0269ec000-7fe026ba7000 r-xp 00000000 08:01 8977                       /lib/x86_64-linux-gnu/libc-2.19.so
7fe026ba7000-7fe026da7000 ---p 001bb000 08:01 8977                       /lib/x86_64-linux-gnu/libc-2.19.so
7fe026da7000-7fe026dab000 r--p 001bb000 08:01 8977                       /lib/x86_64-linux-gnu/libc-2.19.so
7fe026dab000-7fe026dad000 rw-p 001bf000 08:01 8977                       /lib/x86_64-linux-gnu/libc-2.19.so
7fe026dad000-7fe026db2000 rw-p 00000000 00:00 0 
7fe026db2000-7fe026dc5000 r-xp 00000000 08:01 1759555                    /share/output-jdk9-dev-dbg/images/jdk/lib/jli/libjli.so
7fe026dc5000-7fe026fc4000 ---p 00013000 08:01 1759555                    /share/output-jdk9-dev-dbg/images/jdk/lib/jli/libjli.so
7fe026fc4000-7fe026fc5000 r--p 00012000 08:01 1759555                    /share/output-jdk9-dev-dbg/images/jdk/lib/jli/libjli.so
7fe026fc5000-7fe026fc6000 rw-p 00013000 08:01 1759555                    /share/output-jdk9-dev-dbg/images/jdk/lib/jli/libjli.so
7fe026fc6000-7fe026fe9000 r-xp 00000000 08:01 8978                       /lib/x86_64-linux-gnu/ld-2.19.so
7fe026fff000-7fe0270c5000 rw-p 00000000 00:00 0 
7fe0270c5000-7fe0270cb000 ---p 00000000 00:00 0 
7fe0270cb000-7fe0270d0000 ---p 00000000 00:00 0 
7fe0270d0000-7fe0271d1000 rw-p 00000000 00:00 0 
7fe0271d9000-7fe0271dc000 rw-p 00000000 00:00 0 
7fe0271dc000-7fe0271e4000 rw-s 00000000 08:01 581297                     /tmp/hsperfdata_simonis/480
7fe0271e4000-7fe0271e5000 rw-p 00000000 00:00 0 
7fe0271e5000-7fe0271e6000 r--p 00000000 00:00 0 
7fe0271e6000-7fe0271e8000 rw-p 00000000 00:00 0 
7fe0271e8000-7fe0271e9000 r--p 00022000 08:01 8978                       /lib/x86_64-linux-gnu/ld-2.19.so
7fe0271e9000-7fe0271ea000 rw-p 00023000 08:01 8978                       /lib/x86_64-linux-gnu/ld-2.19.so
7fe0271ea000-7fe0271eb000 rw-p 00000000 00:00 0 
7ffe08496000-7ffe084b7000 rw-p 00000000 00:00 0                          [stack]
7ffe084cb000-7ffe084cd000 r--p 00000000 00:00 0                          [vvar]
7ffe084cd000-7ffe084cf000 r-xp 00000000 00:00 0                          [vdso]
ffffffffff600000-ffffffffff601000 r-xp 00000000 00:00 0                  [vsyscall]

VM Arguments:
jvm_args: -Xbatch -XX:-DoEscapeAnalysis 
java_command: org.simonis.Crash6
java_class_path (initial): /c/Users/D046063/public_html/hotspot/JBreak2017/git/examples/bin
Launcher Type: SUN_STANDARD

Logging:
Log output configuration:
#0: stdout all=warning uptime,level,tags
#1: stderr all=off uptime,level,tags

Environment Variables:
PATH=/usr/local/sbin:/usr/local/bin:/usr/sbin:/usr/bin:/sbin:/bin:/usr/games:/usr/local/games:/share/software/npm-global/bin
SHELL=/bin/bash
DISPLAY=:0.0

Signal Handlers:
SIGSEGV: [libjvm.so+0x12b2a5a], sa_mask[0]=11111111011111111101111111111110, sa_flags=SA_RESTART|SA_SIGINFO
SIGBUS: [libjvm.so+0x12b2a5a], sa_mask[0]=11111111011111111101111111111110, sa_flags=SA_RESTART|SA_SIGINFO
SIGFPE: [libjvm.so+0x12b2a5a], sa_mask[0]=11111111011111111101111111111110, sa_flags=SA_RESTART|SA_SIGINFO
SIGPIPE: [libjvm.so+0x104fae2], sa_mask[0]=11111111011111111101111111111110, sa_flags=SA_RESTART|SA_SIGINFO
SIGXFSZ: [libjvm.so+0x104fae2], sa_mask[0]=11111111011111111101111111111110, sa_flags=SA_RESTART|SA_SIGINFO
SIGILL: [libjvm.so+0x12b2a5a], sa_mask[0]=11111111011111111101111111111110, sa_flags=SA_RESTART|SA_SIGINFO
SIGUSR2: [libjvm.so+0x104f241], sa_mask[0]=00000000000000000000000000000000, sa_flags=SA_RESTART|SA_SIGINFO
SIGHUP: [libjvm.so+0x104aa0e], sa_mask[0]=11111111011111111101111111111110, sa_flags=SA_RESTART|SA_SIGINFO
SIGINT: [libjvm.so+0x104aa0e], sa_mask[0]=11111111011111111101111111111110, sa_flags=SA_RESTART|SA_SIGINFO
SIGTERM: [libjvm.so+0x104aa0e], sa_mask[0]=11111111011111111101111111111110, sa_flags=SA_RESTART|SA_SIGINFO
SIGQUIT: [libjvm.so+0x104aa0e], sa_mask[0]=11111111011111111101111111111110, sa_flags=SA_RESTART|SA_SIGINFO


---------------  S Y S T E M  ---------------

OS:DISTRIB_ID=Ubuntu
DISTRIB_RELEASE=14.04
DISTRIB_CODENAME=trusty
DISTRIB_DESCRIPTION="Ubuntu 14.04.1 LTS"
uname:Linux simonis 4.2.0-42-generic #49~14.04.1-Ubuntu SMP Wed Jun 29 20:22:11 UTC 2016 x86_64
libc:glibc 2.19 NPTL 2.19 
rlimit: STACK 8192k, CORE 0k, NPROC 31852, NOFILE 4096, AS infinity
load average:0,13 0,12 0,09

/proc/meminfo:
MemTotal:        8175724 kB
MemFree:         1729416 kB
MemAvailable:    5717616 kB
Buffers:          154864 kB
Cached:          3644980 kB
SwapCached:            0 kB
Active:          4134008 kB
Inactive:        1749580 kB
Active(anon):    2084608 kB
Inactive(anon):    19688 kB
Active(file):    2049400 kB
Inactive(file):  1729892 kB
Unevictable:          32 kB
Mlocked:              32 kB
SwapTotal:             0 kB
SwapFree:              0 kB
Dirty:               152 kB
Writeback:             0 kB
AnonPages:       2085916 kB
Mapped:           222496 kB
Shmem:             20552 kB
Slab:             489924 kB
SReclaimable:     462312 kB
SUnreclaim:        27612 kB
KernelStack:        7664 kB
PageTables:        32492 kB
NFS_Unstable:          0 kB
Bounce:                0 kB
WritebackTmp:          0 kB
CommitLimit:     4087860 kB
Committed_AS:    4297836 kB
VmallocTotal:   34359738367 kB
VmallocUsed:       80848 kB
VmallocChunk:   34359648248 kB
HardwareCorrupted:     0 kB
AnonHugePages:   1429504 kB
CmaTotal:              0 kB
CmaFree:               0 kB
HugePages_Total:       0
HugePages_Free:        0
HugePages_Rsvd:        0
HugePages_Surp:        0
Hugepagesize:       2048 kB
DirectMap4k:      104384 kB
DirectMap2M:     8284160 kB


CPU:total 4 (initial active 4) (4 cores per cpu, 1 threads per core) family 6 model 69 stepping 1, cmov, cx8, fxsr, mmx, sse, sse2, sse3, ssse3, sse4.1, sse4.2, popcnt, avx, aes, clmul, lzcnt, tsc, tscinvbit
CPU Model and flags from /proc/cpuinfo:
model name	: Intel(R) Core(TM) i5-4300U CPU @ 1.90GHz
flags		: fpu vme de pse tsc msr pae mce cx8 apic sep mtrr pge mca cmov pat pse36 clflush mmx fxsr sse sse2 ht syscall nx rdtscp lm constant_tsc rep_good nopl xtopology nonstop_tsc pni pclmulqdq ssse3 cx16 sse4_1 sse4_2 movbe popcnt aes xsave avx rdrand hypervisor lahf_lm abm

Memory: 4k page, physical 8175724k(1729416k free), swap 0k(0k free)

vm_info: OpenJDK 64-Bit Server VM (slowdebug 9-internal+0-adhoc.simonis.jdk9-dev) for linux-amd64 JRE (9-internal+0-adhoc.simonis.jdk9-dev), built on Mar 17 2017 15:50:00 by "simonis" with gcc 4.8.2

END.
