#
# A fatal error has been detected by the Java Runtime Environment:
#
#  Internal Error (/share/OpenJDK/jdk9-dev/hotspot/src/share/vm/utilities/debug.cpp:340), pid=23919, tid=23920
#  fatal error: OutOfMemory encountered: Metaspace
#
# JRE version: OpenJDK Runtime Environment (9.0) (slowdebug build 9-internal+0-adhoc.simonis.jdk9-dev)
# Java VM: OpenJDK 64-Bit Server VM (slowdebug 9-internal+0-adhoc.simonis.jdk9-dev, mixed mode, tiered, compressed oops, g1 gc, linux-amd64)
# Core dump will be written. Default location: Core dumps may be processed with "/usr/share/apport/apport %p %s %c %P" (or dumping to /tmp/JBreak2017_crash_oom/core.23919)
#
# If you would like to submit a bug report, please visit:
#   http://bugreport.java.com/bugreport/crash.jsp
#

---------------  S U M M A R Y ------------

Command Line: -Xmx20m -XX:MaxMetaspaceSize=6m -XX:+CrashOnOutOfMemoryError org.simonis.CrashOOM 1000

Host: simonis, Intel(R) Core(TM) i5-4300U CPU @ 1.90GHz, 4 cores, 7G, Ubuntu 14.04.1 LTS
Time: Fri Mar 17 16:11:56 2017 CET elapsed time: 1 seconds (0d 0h 0m 1s)

---------------  T H R E A D  ---------------

Current thread (0x00007f4150019800):  JavaThread "main" [_thread_in_vm, id=23920, stack(0x00007f415a7e6000,0x00007f415a8e6000)]

Stack: [0x00007f415a7e6000,0x00007f415a8e6000],  sp=0x00007f415a8e33e0,  free space=1012k
Native frames: (J=compiled Java code, A=aot compiled Java code, j=interpreted, Vv=VM code, C=native code)
V  [libjvm.so+0x12b1933]  VMError::report_and_die(int, char const*, char const*, __va_list_tag*, Thread*, unsigned char*, void*, void*, char const*, int, unsigned long)+0x49f
V  [libjvm.so+0x12b13e4]  VMError::report_and_die(Thread*, char const*, int, char const*, char const*, __va_list_tag*)+0x7e
V  [libjvm.so+0x990695]  report_fatal(char const*, int, char const*, ...)+0x105
V  [libjvm.so+0x990c24]  report_java_out_of_memory(char const*)+0xf8
V  [libjvm.so+0xfa6346]  Metaspace::report_metadata_oome(ClassLoaderData*, unsigned long, MetaspaceObj::Type, Metaspace::MetadataType, Thread*)+0x1aa
V  [libjvm.so+0xfa60a8]  Metaspace::allocate(ClassLoaderData*, unsigned long, bool, MetaspaceObj::Type, Thread*)+0x308
V  [libjvm.so+0x5bee05]  MetaspaceObj::operator new(unsigned long, ClassLoaderData*, unsigned long, bool, MetaspaceObj::Type, Thread*)+0x4f
V  [libjvm.so+0x97bc93]  ConstantPool::allocate(ClassLoaderData*, int, Thread*)+0x8f
V  [libjvm.so+0x851b21]  ClassFileParser::parse_stream(ClassFileStream const*, Thread*)+0x42f
V  [libjvm.so+0x85128c]  ClassFileParser::ClassFileParser(ClassFileStream*, Symbol*, ClassLoaderData*, Handle, InstanceKlass const*, GrowableArray<Handle>*, ClassFileParser::Publicity, Thread*)+0x61c
V  [libjvm.so+0xe2ee3f]  KlassFactory::create_from_stream(ClassFileStream*, Symbol*, ClassLoaderData*, Handle, InstanceKlass const*, GrowableArray<Handle>*, Thread*)+0x259
V  [libjvm.so+0x11fc770]  SystemDictionary::resolve_from_stream(Symbol*, Handle, Handle, ClassFileStream*, Thread*)+0x238
V  [libjvm.so+0xcec45c]  jvm_define_class_common(JNIEnv_*, char const*, _jobject*, signed char const*, int, _jobject*, char const*, Thread*)+0x37f
V  [libjvm.so+0xcec983]  JVM_DefineClassWithSource+0x207
C  [libjava.so+0xe6b1]  Java_java_lang_ClassLoader_defineClass1+0x231
j  java.lang.ClassLoader.defineClass1(Ljava/lang/String;[BIILjava/security/ProtectionDomain;Ljava/lang/String;)Ljava/lang/Class;+0 java.base@9-internal
j  java.lang.ClassLoader.defineClass(Ljava/lang/String;[BIILjava/security/ProtectionDomain;)Ljava/lang/Class;+27 java.base@9-internal
j  org.simonis.CrashOOM$MyClassLoader.myDefineClass(Ljava/lang/String;[BII)Ljava/lang/Class;+7
j  org.simonis.CrashOOM.crash(I)V+27
j  org.simonis.CrashOOM.main([Ljava/lang/String;)V+16
v  ~StubRoutines::call_stub
V  [libjvm.so+0xc6abd5]  JavaCalls::call_helper(JavaValue*, methodHandle const&, JavaCallArguments*, Thread*)+0x6ad
V  [libjvm.so+0x10524b1]  os::os_exception_wrapper(void (*)(JavaValue*, methodHandle const&, JavaCallArguments*, Thread*), JavaValue*, methodHandle const&, JavaCallArguments*, Thread*)+0x41
V  [libjvm.so+0xc6a512]  JavaCalls::call(JavaValue*, methodHandle const&, JavaCallArguments*, Thread*)+0xaa
V  [libjvm.so+0xc887dc]  jni_invoke_static(JNIEnv_*, JavaValue*, _jobject*, JNICallType, _jmethodID*, JNI_ArgumentPusher*, Thread*)+0x1e3
V  [libjvm.so+0xc9f1f5]  jni_CallStaticVoidMethod+0x33b
C  [libjli.so+0x49f8]  JavaMain+0xac0
C  [libpthread.so.0+0x8182]  start_thread+0xc2

Java frames: (J=compiled Java code, j=interpreted, Vv=VM code)
j  java.lang.ClassLoader.defineClass1(Ljava/lang/String;[BIILjava/security/ProtectionDomain;Ljava/lang/String;)Ljava/lang/Class;+0 java.base@9-internal
j  java.lang.ClassLoader.defineClass(Ljava/lang/String;[BIILjava/security/ProtectionDomain;)Ljava/lang/Class;+27 java.base@9-internal
j  org.simonis.CrashOOM$MyClassLoader.myDefineClass(Ljava/lang/String;[BII)Ljava/lang/Class;+7
j  org.simonis.CrashOOM.crash(I)V+27
j  org.simonis.CrashOOM.main([Ljava/lang/String;)V+16
v  ~StubRoutines::call_stub

---------------  P R O C E S S  ---------------

Java Threads: ( => current thread )
  0x00007f415029b800 JavaThread "Service Thread" daemon [_thread_blocked, id=23941, stack(0x00007f413809c000,0x00007f413819d000)]
  0x00007f41501f8800 JavaThread "Common-Cleaner" daemon [_thread_blocked, id=23940, stack(0x00007f413819d000,0x00007f413829e000)]
  0x00007f41501d2800 JavaThread "Sweeper thread" daemon [_thread_blocked, id=23939, stack(0x00007f4154025000,0x00007f4154126000)]
  0x00007f41501d0800 JavaThread "C1 CompilerThread2" daemon [_thread_blocked, id=23938, stack(0x00007f4154126000,0x00007f4154227000)]
  0x00007f41501ce000 JavaThread "C2 CompilerThread1" daemon [_thread_blocked, id=23937, stack(0x00007f4154227000,0x00007f4154328000)]
  0x00007f41501cb800 JavaThread "C2 CompilerThread0" daemon [_thread_blocked, id=23936, stack(0x00007f4154328000,0x00007f4154429000)]
  0x00007f41501c9000 JavaThread "Signal Dispatcher" daemon [_thread_blocked, id=23935, stack(0x00007f4154429000,0x00007f415452a000)]
  0x00007f41501aa000 JavaThread "Finalizer" daemon [_thread_blocked, id=23934, stack(0x00007f415452a000,0x00007f415462b000)]
  0x00007f415019e000 JavaThread "Reference Handler" daemon [_thread_blocked, id=23933, stack(0x00007f415462b000,0x00007f415472c000)]
=>0x00007f4150019800 JavaThread "main" [_thread_in_vm, id=23920, stack(0x00007f415a7e6000,0x00007f415a8e6000)]

Other Threads:
  0x00007f415018a000 VMThread "VM Thread" [stack: 0x00007f415472d000,0x00007f415482d000] [id=23932]
  0x00007f415029f000 WatcherThread [stack: 0x00007f41094bf000,0x00007f41095bf000] [id=23942]
  0x00007f4150034000 GCTaskThread "GC Thread#0" [stack: 0x00007f4156471000,0x00007f4156571000] [id=23921]
  0x00007f4150036000 GCTaskThread "GC Thread#1" [stack: 0x00007f4156370000,0x00007f4156470000] [id=23922]
  0x00007f4150037800 GCTaskThread "GC Thread#2" [stack: 0x00007f415626f000,0x00007f415636f000] [id=23923]
  0x00007f4150039800 GCTaskThread "GC Thread#3" [stack: 0x00007f415616e000,0x00007f415626e000] [id=23924]
  0x00007f415004b000 ConcurrentGCThread "G1 Main Marker" [stack: 0x00007f4155764000,0x00007f4155864000] [id=23930]
  0x00007f415004d800 ConcurrentGCThread "G1 Marker#0" [stack: 0x00007f4155663000,0x00007f4155763000] [id=23931]
  0x00007f4150042800 ConcurrentGCThread "G1 Refine#0" [stack: 0x00007f4155966000,0x00007f4155a66000] [id=23928]
  0x00007f4150040000 ConcurrentGCThread "G1 Refine#1" [stack: 0x00007f4155a67000,0x00007f4155b67000] [id=23927]
  0x00007f415003e000 ConcurrentGCThread "G1 Refine#2" [stack: 0x00007f4155b68000,0x00007f4155c68000] [id=23926]
  0x00007f415003c000 ConcurrentGCThread "G1 Refine#3" [stack: 0x00007f4155c69000,0x00007f4155d69000] [id=23925]
  0x00007f4150044000 ConcurrentGCThread "G1 Young RemSet Sampling" [stack: 0x00007f4155865000,0x00007f4155965000] [id=23929]

Threads with active compile tasks:

VM state:not at safepoint (normal execution)

VM Mutex/Monitor currently owned by a thread: None

Heap address: 0x00000000fec00000, size: 20 MB, Compressed Oops mode: 32-bit
Narrow klass base: 0x0000000000000000, Narrow klass shift: 3
Compressed class space size: 1073741824 Address: 0x0000000100000000

Heap:
 garbage-first heap   total 8192K, used 718K [0x00000000fec00000, 0x00000000fed00040, 0x0000000100000000)
  region size 1024K, 1 young (1024K), 0 survivors (0K)
 Metaspace       used 6054K, capacity 6120K, committed 6144K, reserved 1056768K
  class space    used 595K, capacity 631K, committed 640K, reserved 1048576K
Heap Regions: E=young(eden), S=young(survivor), O=old, HS=humongous(starts), HC=humongous(continues), CS=collection set, F=free, A=archive, TS=gc time stamp, AC=allocation context, TAMS=top-at-mark-start (previous, next)
|   0|0x00000000fec00000, 0x00000000fecb3838, 0x00000000fed00000| 70%| O|  |TS  0|AC  0|TAMS 0x00000000fec00000, 0x00000000fec00000|
|   1|0x00000000fed00000, 0x00000000fed00000, 0x00000000fee00000|  0%| F|  |TS  0|AC  0|TAMS 0x00000000fed00000, 0x00000000fed00000|
|   2|0x00000000fee00000, 0x00000000fee00000, 0x00000000fef00000|  0%| F|  |TS  0|AC  0|TAMS 0x00000000fee00000, 0x00000000fee00000|
|   3|0x00000000fef00000, 0x00000000fef00000, 0x00000000ff000000|  0%| F|  |TS  0|AC  0|TAMS 0x00000000fef00000, 0x00000000fef00000|
|   4|0x00000000ff000000, 0x00000000ff000000, 0x00000000ff100000|  0%| F|  |TS  0|AC  0|TAMS 0x00000000ff000000, 0x00000000ff000000|
|   5|0x00000000ff100000, 0x00000000ff100000, 0x00000000ff200000|  0%| F|  |TS  0|AC  0|TAMS 0x00000000ff100000, 0x00000000ff100000|
|   6|0x00000000ff200000, 0x00000000ff200000, 0x00000000ff300000|  0%| F|  |TS  0|AC  0|TAMS 0x00000000ff200000, 0x00000000ff200000|
|   7|0x00000000ff300000, 0x00000000ff3147b8, 0x00000000ff400000|  8%| E|  |TS  0|AC  0|TAMS 0x00000000ff300000, 0x00000000ff300000|

Card table byte_map: [0x00007f415a7c5000,0x00007f415a7cf000] byte_map_base: 0x00007f4159fcf000

Marking Bits (Prev, Next): (CMBitMap*) 0x00007f415004a438, (CMBitMap*) 0x00007f415004a470
 Prev Bits: [0x00007f415a76b000, 0x00007f415a7bb000)
 Next Bits: [0x00007f415a71b000, 0x00007f415a76b000)

Polling page: 0x00007f415a8ff000

CodeHeap 'non-profiled nmethods': size=120032Kb used=56Kb max_used=56Kb free=119975Kb
 bounds [0x00007f41401c8000, 0x00007f4140438000, 0x00007f4147700000]
CodeHeap 'profiled nmethods': size=120032Kb used=252Kb max_used=252Kb free=119779Kb
 bounds [0x00007f4138c90000, 0x00007f4138f00000, 0x00007f41401c8000]
CodeHeap 'non-nmethods': size=5696Kb used=2675Kb max_used=2684Kb free=3020Kb
 bounds [0x00007f4138700000, 0x00007f41389a0000, 0x00007f4138c90000]
 total_blobs=1054 nmethods=139 adapters=776
 compilation: enabled

Compilation events (10 events):
Event: 1,402 Thread 0x00007f41501d0800 nmethod 140 0x00007f4138cc7d10 code [0x00007f4138cc7fe0, 0x00007f4138cc8b20]
Event: 1,407 Thread 0x00007f41501d0800  141       3       java.lang.ClassLoader::checkName (37 bytes)
Event: 1,425 Thread 0x00007f41501d0800 nmethod 141 0x00007f4138cc8e90 code [0x00007f4138cc91a0, 0x00007f4138cca140]
Event: 1,425 Thread 0x00007f41501d0800  142       3       java.security.CodeSource::getCertificates (98 bytes)
Event: 1,436 Thread 0x00007f41501d0800 nmethod 142 0x00007f4138cca890 code [0x00007f4138ccac60, 0x00007f4138ccbf60]
Event: 1,436 Thread 0x00007f41501d0800  143       3       java.lang.String::lastIndexOf (12 bytes)
Event: 1,442 Thread 0x00007f41501d0800 nmethod 143 0x00007f4138ccc490 code [0x00007f4138ccc6c0, 0x00007f4138cccda0]
Event: 1,442 Thread 0x00007f41501d0800  144       3       java.lang.String::lastIndexOf (29 bytes)
Event: 1,446 Thread 0x00007f41501d0800 nmethod 144 0x00007f4138ccd090 code [0x00007f4138ccd2c0, 0x00007f4138ccd6c0]
Event: 1,446 Thread 0x00007f41501d0800  145       3       java.lang.String::startsWith (138 bytes)

GC Heap History (6 events):
Event: 1,465 GC heap before
{Heap before GC invocations=0 (full 0):
 garbage-first heap   total 20480K, used 1024K [0x00000000fec00000, 0x00000000fed000a0, 0x0000000100000000)
  region size 1024K, 2 young (2048K), 0 survivors (0K)
 Metaspace       used 6056K, capacity 6124K, committed 6144K, reserved 1056768K
  class space    used 596K, capacity 633K, committed 640K, reserved 1048576K
}
Event: 1,507 GC heap after
{Heap after GC invocations=1 (full 0):
 garbage-first heap   total 20480K, used 790K [0x00000000fec00000, 0x00000000fed000a0, 0x0000000100000000)
  region size 1024K, 1 young (1024K), 1 survivors (1024K)
 Metaspace       used 6056K, capacity 6124K, committed 6144K, reserved 1056768K
  class space    used 596K, capacity 633K, committed 640K, reserved 1048576K
}
Event: 1,507 GC heap before
{Heap before GC invocations=1 (full 0):
 garbage-first heap   total 20480K, used 790K [0x00000000fec00000, 0x00000000fed000a0, 0x0000000100000000)
  region size 1024K, 1 young (1024K), 1 survivors (1024K)
 Metaspace       used 6056K, capacity 6124K, committed 6144K, reserved 1056768K
  class space    used 596K, capacity 633K, committed 640K, reserved 1048576K
}
Event: 1,614 GC heap after
{Heap after GC invocations=2 (full 1):
 garbage-first heap   total 8192K, used 774K [0x00000000fec00000, 0x00000000fed00040, 0x0000000100000000)
  region size 1024K, 0 young (0K), 0 survivors (0K)
 Metaspace       used 6056K, capacity 6124K, committed 6144K, reserved 1056768K
  class space    used 596K, capacity 633K, committed 640K, reserved 1048576K
}
Event: 1,614 GC heap before
{Heap before GC invocations=2 (full 1):
 garbage-first heap   total 8192K, used 774K [0x00000000fec00000, 0x00000000fed00040, 0x0000000100000000)
  region size 1024K, 0 young (0K), 0 survivors (0K)
 Metaspace       used 6056K, capacity 6124K, committed 6144K, reserved 1056768K
  class space    used 596K, capacity 633K, committed 640K, reserved 1048576K
}
Event: 1,713 GC heap after
{Heap after GC invocations=3 (full 2):
 garbage-first heap   total 8192K, used 718K [0x00000000fec00000, 0x00000000fed00040, 0x0000000100000000)
  region size 1024K, 0 young (0K), 0 survivors (0K)
 Metaspace       used 6053K, capacity 6120K, committed 6144K, reserved 1056768K
  class space    used 595K, capacity 631K, committed 640K, reserved 1048576K
}

Deoptimization events (0 events):
No events

Classes redefined (0 events):
No events

Internal exceptions (10 events):
Event: 1,459 Thread 0x00007f4150019800 Exception <a 'java/lang/LinkageError'{0x00000000ffe7c180}: loader (instance of  org/simonis/CrashOOM$MyClassLoader): attempted  duplicate class definition for name: "org/simonis/CrashOOM"> (0x00000000ffe7c180) thrown at [/share/OpenJDK/jdk9-dev/hotspot/sr
Event: 1,460 Thread 0x00007f4150019800 Exception <a 'java/lang/LinkageError'{0x00000000ffe7c4f0}: loader (instance of  org/simonis/CrashOOM$MyClassLoader): attempted  duplicate class definition for name: "org/simonis/CrashOOM"> (0x00000000ffe7c4f0) thrown at [/share/OpenJDK/jdk9-dev/hotspot/sr
Event: 1,461 Thread 0x00007f4150019800 Exception <a 'java/lang/LinkageError'{0x00000000ffe7c860}: loader (instance of  org/simonis/CrashOOM$MyClassLoader): attempted  duplicate class definition for name: "org/simonis/CrashOOM"> (0x00000000ffe7c860) thrown at [/share/OpenJDK/jdk9-dev/hotspot/sr
Event: 1,461 Thread 0x00007f4150019800 Exception <a 'java/lang/LinkageError'{0x00000000ffe7cbd0}: loader (instance of  org/simonis/CrashOOM$MyClassLoader): attempted  duplicate class definition for name: "org/simonis/CrashOOM"> (0x00000000ffe7cbd0) thrown at [/share/OpenJDK/jdk9-dev/hotspot/sr
Event: 1,462 Thread 0x00007f4150019800 Exception <a 'java/lang/LinkageError'{0x00000000ffe7cf40}: loader (instance of  org/simonis/CrashOOM$MyClassLoader): attempted  duplicate class definition for name: "org/simonis/CrashOOM"> (0x00000000ffe7cf40) thrown at [/share/OpenJDK/jdk9-dev/hotspot/sr
Event: 1,462 Thread 0x00007f4150019800 Exception <a 'java/lang/LinkageError'{0x00000000ffe7d2b0}: loader (instance of  org/simonis/CrashOOM$MyClassLoader): attempted  duplicate class definition for name: "org/simonis/CrashOOM"> (0x00000000ffe7d2b0) thrown at [/share/OpenJDK/jdk9-dev/hotspot/sr
Event: 1,463 Thread 0x00007f4150019800 Exception <a 'java/lang/LinkageError'{0x00000000ffe7d620}: loader (instance of  org/simonis/CrashOOM$MyClassLoader): attempted  duplicate class definition for name: "org/simonis/CrashOOM"> (0x00000000ffe7d620) thrown at [/share/OpenJDK/jdk9-dev/hotspot/sr
Event: 1,463 Thread 0x00007f4150019800 Exception <a 'java/lang/LinkageError'{0x00000000ffe7d990}: loader (instance of  org/simonis/CrashOOM$MyClassLoader): attempted  duplicate class definition for name: "org/simonis/CrashOOM"> (0x00000000ffe7d990) thrown at [/share/OpenJDK/jdk9-dev/hotspot/sr
Event: 1,464 Thread 0x00007f4150019800 Exception <a 'java/lang/LinkageError'{0x00000000ffe7dd00}: loader (instance of  org/simonis/CrashOOM$MyClassLoader): attempted  duplicate class definition for name: "org/simonis/CrashOOM"> (0x00000000ffe7dd00) thrown at [/share/OpenJDK/jdk9-dev/hotspot/sr
Event: 1,464 Thread 0x00007f4150019800 Exception <a 'java/lang/LinkageError'{0x00000000ffe7e070}: loader (instance of  org/simonis/CrashOOM$MyClassLoader): attempted  duplicate class definition for name: "org/simonis/CrashOOM"> (0x00000000ffe7e070) thrown at [/share/OpenJDK/jdk9-dev/hotspot/sr

Events (10 events):
Event: 1,263 loading class sun/net/DefaultProgressMeteringPolicy
Event: 1,263 loading class sun/net/ProgressMeteringPolicy
Event: 1,263 loading class sun/net/ProgressMeteringPolicy done
Event: 1,263 loading class sun/net/DefaultProgressMeteringPolicy done
Event: 1,264 loading class java/io/ByteArrayOutputStream
Event: 1,264 loading class java/io/ByteArrayOutputStream done
Event: 1,269 loading class org/simonis/CrashOOM$MyClassLoader
Event: 1,269 loading class org/simonis/CrashOOM$MyClassLoader done
Event: 1,464 Executing VM operation: CollectForMetadataAllocation
Event: 1,714 Executing VM operation: CollectForMetadataAllocation done


Dynamic libraries:
00400000-00401000 r-xp 00000000 08:01 1985751                            /share/output-jdk9-dev-dbg/images/jdk/bin/java
00601000-00602000 r--p 00001000 08:01 1985751                            /share/output-jdk9-dev-dbg/images/jdk/bin/java
00602000-00603000 rw-p 00002000 08:01 1985751                            /share/output-jdk9-dev-dbg/images/jdk/bin/java
017f4000-01815000 rw-p 00000000 00:00 0                                  [heap]
fec00000-ff400000 rw-p 00000000 00:00 0 
ff400000-100000000 ---p 00000000 00:00 0 
100000000-1000a0000 rw-p 00000000 00:00 0 
1000a0000-140000000 ---p 00000000 00:00 0 
7f40dc000000-7f40dc021000 rw-p 00000000 00:00 0 
7f40dc021000-7f40e0000000 ---p 00000000 00:00 0 
7f40e0000000-7f40e0021000 rw-p 00000000 00:00 0 
7f40e0021000-7f40e4000000 ---p 00000000 00:00 0 
7f40e4000000-7f40e4021000 rw-p 00000000 00:00 0 
7f40e4021000-7f40e8000000 ---p 00000000 00:00 0 
7f40e8000000-7f40e8021000 rw-p 00000000 00:00 0 
7f40e8021000-7f40ec000000 ---p 00000000 00:00 0 
7f40ec000000-7f40ec0c8000 rw-p 00000000 00:00 0 
7f40ec0c8000-7f40f0000000 ---p 00000000 00:00 0 
7f40f0000000-7f40f010f000 rw-p 00000000 00:00 0 
7f40f010f000-7f40f4000000 ---p 00000000 00:00 0 
7f40f4000000-7f40f4021000 rw-p 00000000 00:00 0 
7f40f4021000-7f40f8000000 ---p 00000000 00:00 0 
7f40f8000000-7f40f808e000 rw-p 00000000 00:00 0 
7f40f808e000-7f40fc000000 ---p 00000000 00:00 0 
7f40fc000000-7f40fc021000 rw-p 00000000 00:00 0 
7f40fc021000-7f4100000000 ---p 00000000 00:00 0 
7f4100000000-7f4100021000 rw-p 00000000 00:00 0 
7f4100021000-7f4104000000 ---p 00000000 00:00 0 
7f4104000000-7f4104021000 rw-p 00000000 00:00 0 
7f4104021000-7f4108000000 ---p 00000000 00:00 0 
7f4108c54000-7f41094be000 rw-p 00000000 00:00 0 
7f41094be000-7f41094bf000 ---p 00000000 00:00 0 
7f41094bf000-7f41095bf000 rw-p 00000000 00:00 0 
7f41095bf000-7f410a000000 r--p 00000000 08:01 11552                      /usr/lib/locale/locale-archive
7f410a000000-7f410c000000 rwxp 00000000 00:00 0 
7f410c000000-7f410c021000 rw-p 00000000 00:00 0 
7f410c021000-7f4110000000 ---p 00000000 00:00 0 
7f4110000000-7f4110021000 rw-p 00000000 00:00 0 
7f4110021000-7f4114000000 ---p 00000000 00:00 0 
7f4114000000-7f4114021000 rw-p 00000000 00:00 0 
7f4114021000-7f4118000000 ---p 00000000 00:00 0 
7f4118000000-7f4118021000 rw-p 00000000 00:00 0 
7f4118021000-7f411c000000 ---p 00000000 00:00 0 
7f411c000000-7f411c021000 rw-p 00000000 00:00 0 
7f411c021000-7f4120000000 ---p 00000000 00:00 0 
7f4120000000-7f4120021000 rw-p 00000000 00:00 0 
7f4120021000-7f4124000000 ---p 00000000 00:00 0 
7f4124000000-7f4124021000 rw-p 00000000 00:00 0 
7f4124021000-7f4128000000 ---p 00000000 00:00 0 
7f4128000000-7f4128021000 rw-p 00000000 00:00 0 
7f4128021000-7f412c000000 ---p 00000000 00:00 0 
7f412c000000-7f412c021000 rw-p 00000000 00:00 0 
7f412c021000-7f4130000000 ---p 00000000 00:00 0 
7f4130000000-7f4130021000 rw-p 00000000 00:00 0 
7f4130021000-7f4134000000 ---p 00000000 00:00 0 
7f4134000000-7f4134021000 rw-p 00000000 00:00 0 
7f4134021000-7f4138000000 ---p 00000000 00:00 0 
7f413809c000-7f41380a0000 ---p 00000000 00:00 0 
7f41380a0000-7f413819d000 rw-p 00000000 00:00 0 
7f413819d000-7f41381a1000 ---p 00000000 00:00 0 
7f41381a1000-7f41382cf000 rw-p 00000000 00:00 0 
7f41382cf000-7f41382ea000 r-xp 00000000 08:01 1759711                    /share/output-jdk9-dev-dbg/images/jdk/lib/libnet.so
7f41382ea000-7f41384ea000 ---p 0001b000 08:01 1759711                    /share/output-jdk9-dev-dbg/images/jdk/lib/libnet.so
7f41384ea000-7f41384eb000 r--p 0001b000 08:01 1759711                    /share/output-jdk9-dev-dbg/images/jdk/lib/libnet.so
7f41384eb000-7f41384ec000 rw-p 0001c000 08:01 1759711                    /share/output-jdk9-dev-dbg/images/jdk/lib/libnet.so
7f41384ec000-7f41384ff000 r-xp 00000000 08:01 1759707                    /share/output-jdk9-dev-dbg/images/jdk/lib/libnio.so
7f41384ff000-7f41386fe000 ---p 00013000 08:01 1759707                    /share/output-jdk9-dev-dbg/images/jdk/lib/libnio.so
7f41386fe000-7f41386ff000 r--p 00012000 08:01 1759707                    /share/output-jdk9-dev-dbg/images/jdk/lib/libnio.so
7f41386ff000-7f4138700000 rw-p 00013000 08:01 1759707                    /share/output-jdk9-dev-dbg/images/jdk/lib/libnio.so
7f4138700000-7f41389a0000 rwxp 00000000 00:00 0 
7f41389a0000-7f4138c90000 ---p 00000000 00:00 0 
7f4138c90000-7f4138f00000 rwxp 00000000 00:00 0 
7f4138f00000-7f41401c8000 ---p 00000000 00:00 0 
7f41401c8000-7f4140438000 rwxp 00000000 00:00 0 
7f4140438000-7f4147700000 ---p 00000000 00:00 0 
7f4147700000-7f4150000000 r--s 00000000 08:01 1759445                    /share/output-jdk9-dev-dbg/images/jdk/lib/modules
7f4150000000-7f415030a000 rw-p 00000000 00:00 0 
7f415030a000-7f4154000000 ---p 00000000 00:00 0 
7f4154025000-7f4154029000 ---p 00000000 00:00 0 
7f4154029000-7f4154126000 rw-p 00000000 00:00 0 
7f4154126000-7f415412a000 ---p 00000000 00:00 0 
7f415412a000-7f4154227000 rw-p 00000000 00:00 0 
7f4154227000-7f415422b000 ---p 00000000 00:00 0 
7f415422b000-7f4154328000 rw-p 00000000 00:00 0 
7f4154328000-7f415432c000 ---p 00000000 00:00 0 
7f415432c000-7f4154429000 rw-p 00000000 00:00 0 
7f4154429000-7f415442d000 ---p 00000000 00:00 0 
7f415442d000-7f415452a000 rw-p 00000000 00:00 0 
7f415452a000-7f415452e000 ---p 00000000 00:00 0 
7f415452e000-7f415462b000 rw-p 00000000 00:00 0 
7f415462b000-7f415462f000 ---p 00000000 00:00 0 
7f415462f000-7f415472c000 rw-p 00000000 00:00 0 
7f415472c000-7f415472d000 ---p 00000000 00:00 0 
7f415472d000-7f4154fbe000 rw-p 00000000 00:00 0 
7f4154fbe000-7f415525e000 ---p 00000000 00:00 0 
7f415525e000-7f4155662000 rw-p 00000000 00:00 0 
7f4155662000-7f4155663000 ---p 00000000 00:00 0 
7f4155663000-7f4155763000 rw-p 00000000 00:00 0 
7f4155763000-7f4155764000 ---p 00000000 00:00 0 
7f4155764000-7f4155864000 rw-p 00000000 00:00 0 
7f4155864000-7f4155865000 ---p 00000000 00:00 0 
7f4155865000-7f4155965000 rw-p 00000000 00:00 0 
7f4155965000-7f4155966000 ---p 00000000 00:00 0 
7f4155966000-7f4155a66000 rw-p 00000000 00:00 0 
7f4155a66000-7f4155a67000 ---p 00000000 00:00 0 
7f4155a67000-7f4155b67000 rw-p 00000000 00:00 0 
7f4155b67000-7f4155b68000 ---p 00000000 00:00 0 
7f4155b68000-7f4155c68000 rw-p 00000000 00:00 0 
7f4155c68000-7f4155c69000 ---p 00000000 00:00 0 
7f4155c69000-7f415616d000 rw-p 00000000 00:00 0 
7f415616d000-7f415616e000 ---p 00000000 00:00 0 
7f415616e000-7f415626e000 rw-p 00000000 00:00 0 
7f415626e000-7f415626f000 ---p 00000000 00:00 0 
7f415626f000-7f415636f000 rw-p 00000000 00:00 0 
7f415636f000-7f4156370000 ---p 00000000 00:00 0 
7f4156370000-7f4156470000 rw-p 00000000 00:00 0 
7f4156470000-7f4156471000 ---p 00000000 00:00 0 
7f4156471000-7f4156576000 rw-p 00000000 00:00 0 
7f4156576000-7f415665c000 ---p 00000000 00:00 0 
7f415665c000-7f4156661000 rw-p 00000000 00:00 0 
7f4156661000-7f4156747000 ---p 00000000 00:00 0 
7f4156747000-7f4156765000 r-xp 00000000 08:01 1759712                    /share/output-jdk9-dev-dbg/images/jdk/lib/libjimage.so
7f4156765000-7f4156965000 ---p 0001e000 08:01 1759712                    /share/output-jdk9-dev-dbg/images/jdk/lib/libjimage.so
7f4156965000-7f4156967000 r--p 0001e000 08:01 1759712                    /share/output-jdk9-dev-dbg/images/jdk/lib/libjimage.so
7f4156967000-7f4156968000 rw-p 00020000 08:01 1759712                    /share/output-jdk9-dev-dbg/images/jdk/lib/libjimage.so
7f4156968000-7f4156979000 rw-p 00000000 00:00 0 
7f4156979000-7f4156982000 r-xp 00000000 08:01 1759701                    /share/output-jdk9-dev-dbg/images/jdk/lib/libzip.so
7f4156982000-7f4156b81000 ---p 00009000 08:01 1759701                    /share/output-jdk9-dev-dbg/images/jdk/lib/libzip.so
7f4156b81000-7f4156b82000 r--p 00008000 08:01 1759701                    /share/output-jdk9-dev-dbg/images/jdk/lib/libzip.so
7f4156b82000-7f4156b83000 rw-p 00009000 08:01 1759701                    /share/output-jdk9-dev-dbg/images/jdk/lib/libzip.so
7f4156b83000-7f4156b8e000 r-xp 00000000 08:01 8984                       /lib/x86_64-linux-gnu/libnss_files-2.19.so
7f4156b8e000-7f4156d8d000 ---p 0000b000 08:01 8984                       /lib/x86_64-linux-gnu/libnss_files-2.19.so
7f4156d8d000-7f4156d8e000 r--p 0000a000 08:01 8984                       /lib/x86_64-linux-gnu/libnss_files-2.19.so
7f4156d8e000-7f4156d8f000 rw-p 0000b000 08:01 8984                       /lib/x86_64-linux-gnu/libnss_files-2.19.so
7f4156d8f000-7f4156d9a000 r-xp 00000000 08:01 8985                       /lib/x86_64-linux-gnu/libnss_nis-2.19.so
7f4156d9a000-7f4156f99000 ---p 0000b000 08:01 8985                       /lib/x86_64-linux-gnu/libnss_nis-2.19.so
7f4156f99000-7f4156f9a000 r--p 0000a000 08:01 8985                       /lib/x86_64-linux-gnu/libnss_nis-2.19.so
7f4156f9a000-7f4156f9b000 rw-p 0000b000 08:01 8985                       /lib/x86_64-linux-gnu/libnss_nis-2.19.so
7f4156f9b000-7f4156fb2000 r-xp 00000000 08:01 8971                       /lib/x86_64-linux-gnu/libnsl-2.19.so
7f4156fb2000-7f41571b1000 ---p 00017000 08:01 8971                       /lib/x86_64-linux-gnu/libnsl-2.19.so
7f41571b1000-7f41571b2000 r--p 00016000 08:01 8971                       /lib/x86_64-linux-gnu/libnsl-2.19.so
7f41571b2000-7f41571b3000 rw-p 00017000 08:01 8971                       /lib/x86_64-linux-gnu/libnsl-2.19.so
7f41571b3000-7f41571b5000 rw-p 00000000 00:00 0 
7f41571b5000-7f41571be000 r-xp 00000000 08:01 8968                       /lib/x86_64-linux-gnu/libnss_compat-2.19.so
7f41571be000-7f41573bd000 ---p 00009000 08:01 8968                       /lib/x86_64-linux-gnu/libnss_compat-2.19.so
7f41573bd000-7f41573be000 r--p 00008000 08:01 8968                       /lib/x86_64-linux-gnu/libnss_compat-2.19.so
7f41573be000-7f41573bf000 rw-p 00009000 08:01 8968                       /lib/x86_64-linux-gnu/libnss_compat-2.19.so
7f41573bf000-7f41573f3000 r-xp 00000000 08:01 1759703                    /share/output-jdk9-dev-dbg/images/jdk/lib/libjava.so
7f41573f3000-7f41575f2000 ---p 00034000 08:01 1759703                    /share/output-jdk9-dev-dbg/images/jdk/lib/libjava.so
7f41575f2000-7f41575f3000 r--p 00033000 08:01 1759703                    /share/output-jdk9-dev-dbg/images/jdk/lib/libjava.so
7f41575f3000-7f41575f4000 rw-p 00034000 08:01 1759703                    /share/output-jdk9-dev-dbg/images/jdk/lib/libjava.so
7f41575f4000-7f41575f5000 rw-p 00000000 00:00 0 
7f41575f5000-7f4157607000 r-xp 00000000 08:01 1759706                    /share/output-jdk9-dev-dbg/images/jdk/lib/libverify.so
7f4157607000-7f4157806000 ---p 00012000 08:01 1759706                    /share/output-jdk9-dev-dbg/images/jdk/lib/libverify.so
7f4157806000-7f4157808000 r--p 00011000 08:01 1759706                    /share/output-jdk9-dev-dbg/images/jdk/lib/libverify.so
7f4157808000-7f4157809000 rw-p 00013000 08:01 1759706                    /share/output-jdk9-dev-dbg/images/jdk/lib/libverify.so
7f4157809000-7f4157810000 r-xp 00000000 08:01 8973                       /lib/x86_64-linux-gnu/librt-2.19.so
7f4157810000-7f4157a0f000 ---p 00007000 08:01 8973                       /lib/x86_64-linux-gnu/librt-2.19.so
7f4157a0f000-7f4157a10000 r--p 00006000 08:01 8973                       /lib/x86_64-linux-gnu/librt-2.19.so
7f4157a10000-7f4157a11000 rw-p 00007000 08:01 8973                       /lib/x86_64-linux-gnu/librt-2.19.so
7f4157a11000-7f4157b16000 r-xp 00000000 08:01 8980                       /lib/x86_64-linux-gnu/libm-2.19.so
7f4157b16000-7f4157d15000 ---p 00105000 08:01 8980                       /lib/x86_64-linux-gnu/libm-2.19.so
7f4157d15000-7f4157d16000 r--p 00104000 08:01 8980                       /lib/x86_64-linux-gnu/libm-2.19.so
7f4157d16000-7f4157d17000 rw-p 00105000 08:01 8980                       /lib/x86_64-linux-gnu/libm-2.19.so
7f4157d17000-7f41596f0000 r-xp 00000000 08:01 1985755                    /share/output-jdk9-dev-dbg/images/jdk/lib/server/libjvm.so
7f41596f0000-7f41598f0000 ---p 019d9000 08:01 1985755                    /share/output-jdk9-dev-dbg/images/jdk/lib/server/libjvm.so
7f41598f0000-7f41599e1000 r--p 019d9000 08:01 1985755                    /share/output-jdk9-dev-dbg/images/jdk/lib/server/libjvm.so
7f41599e1000-7f4159a1a000 rw-p 01aca000 08:01 1985755                    /share/output-jdk9-dev-dbg/images/jdk/lib/server/libjvm.so
7f4159a1a000-7f4159acb000 rw-p 00000000 00:00 0 
7f4159acb000-7f4159ae4000 r-xp 00000000 08:01 8990                       /lib/x86_64-linux-gnu/libpthread-2.19.so
7f4159ae4000-7f4159ce3000 ---p 00019000 08:01 8990                       /lib/x86_64-linux-gnu/libpthread-2.19.so
7f4159ce3000-7f4159ce4000 r--p 00018000 08:01 8990                       /lib/x86_64-linux-gnu/libpthread-2.19.so
7f4159ce4000-7f4159ce5000 rw-p 00019000 08:01 8990                       /lib/x86_64-linux-gnu/libpthread-2.19.so
7f4159ce5000-7f4159ce9000 rw-p 00000000 00:00 0 
7f4159ce9000-7f4159cec000 r-xp 00000000 08:01 8989                       /lib/x86_64-linux-gnu/libdl-2.19.so
7f4159cec000-7f4159eeb000 ---p 00003000 08:01 8989                       /lib/x86_64-linux-gnu/libdl-2.19.so
7f4159eeb000-7f4159eec000 r--p 00002000 08:01 8989                       /lib/x86_64-linux-gnu/libdl-2.19.so
7f4159eec000-7f4159eed000 rw-p 00003000 08:01 8989                       /lib/x86_64-linux-gnu/libdl-2.19.so
7f4159eed000-7f4159f05000 r-xp 00000000 08:01 6600                       /lib/x86_64-linux-gnu/libz.so.1.2.8
7f4159f05000-7f415a104000 ---p 00018000 08:01 6600                       /lib/x86_64-linux-gnu/libz.so.1.2.8
7f415a104000-7f415a105000 r--p 00017000 08:01 6600                       /lib/x86_64-linux-gnu/libz.so.1.2.8
7f415a105000-7f415a106000 rw-p 00018000 08:01 6600                       /lib/x86_64-linux-gnu/libz.so.1.2.8
7f415a106000-7f415a2c1000 r-xp 00000000 08:01 8977                       /lib/x86_64-linux-gnu/libc-2.19.so
7f415a2c1000-7f415a4c1000 ---p 001bb000 08:01 8977                       /lib/x86_64-linux-gnu/libc-2.19.so
7f415a4c1000-7f415a4c5000 r--p 001bb000 08:01 8977                       /lib/x86_64-linux-gnu/libc-2.19.so
7f415a4c5000-7f415a4c7000 rw-p 001bf000 08:01 8977                       /lib/x86_64-linux-gnu/libc-2.19.so
7f415a4c7000-7f415a4cc000 rw-p 00000000 00:00 0 
7f415a4cc000-7f415a4df000 r-xp 00000000 08:01 1985757                    /share/output-jdk9-dev-dbg/images/jdk/lib/jli/libjli.so
7f415a4df000-7f415a6de000 ---p 00013000 08:01 1985757                    /share/output-jdk9-dev-dbg/images/jdk/lib/jli/libjli.so
7f415a6de000-7f415a6df000 r--p 00012000 08:01 1985757                    /share/output-jdk9-dev-dbg/images/jdk/lib/jli/libjli.so
7f415a6df000-7f415a6e0000 rw-p 00013000 08:01 1985757                    /share/output-jdk9-dev-dbg/images/jdk/lib/jli/libjli.so
7f415a6e0000-7f415a703000 r-xp 00000000 08:01 8978                       /lib/x86_64-linux-gnu/ld-2.19.so
7f415a716000-7f415a73b000 rw-p 00000000 00:00 0 
7f415a73b000-7f415a76b000 ---p 00000000 00:00 0 
7f415a76b000-7f415a78b000 rw-p 00000000 00:00 0 
7f415a78b000-7f415a7bb000 ---p 00000000 00:00 0 
7f415a7bb000-7f415a7bf000 rw-p 00000000 00:00 0 
7f415a7bf000-7f415a7c5000 ---p 00000000 00:00 0 
7f415a7c5000-7f415a7c9000 rw-p 00000000 00:00 0 
7f415a7c9000-7f415a7d9000 ---p 00000000 00:00 0 
7f415a7d9000-7f415a7df000 rw-p 00000000 00:00 0 
7f415a7df000-7f415a7e5000 ---p 00000000 00:00 0 
7f415a7e5000-7f415a7ea000 ---p 00000000 00:00 0 
7f415a7ea000-7f415a8f0000 rw-p 00000000 00:00 0 
7f415a8f0000-7f415a8f6000 ---p 00000000 00:00 0 
7f415a8f6000-7f415a8fe000 rw-s 00000000 08:01 581261                     /tmp/hsperfdata_simonis/23919
7f415a8fe000-7f415a8ff000 rw-p 00000000 00:00 0 
7f415a8ff000-7f415a900000 r--p 00000000 00:00 0 
7f415a900000-7f415a902000 rw-p 00000000 00:00 0 
7f415a902000-7f415a903000 r--p 00022000 08:01 8978                       /lib/x86_64-linux-gnu/ld-2.19.so
7f415a903000-7f415a904000 rw-p 00023000 08:01 8978                       /lib/x86_64-linux-gnu/ld-2.19.so
7f415a904000-7f415a905000 rw-p 00000000 00:00 0 
7ffc65a9b000-7ffc65abc000 rw-p 00000000 00:00 0                          [stack]
7ffc65b25000-7ffc65b27000 r--p 00000000 00:00 0                          [vvar]
7ffc65b27000-7ffc65b29000 r-xp 00000000 00:00 0                          [vdso]
ffffffffff600000-ffffffffff601000 r-xp 00000000 00:00 0                  [vsyscall]

VM Arguments:
jvm_args: -Xmx20m -XX:MaxMetaspaceSize=6m -XX:+CrashOnOutOfMemoryError 
java_command: org.simonis.CrashOOM 1000
java_class_path (initial): /c/Users/D046063/public_html/hotspot/JBreak2017/git/examples/bin
Launcher Type: SUN_STANDARD

Logging:
Log output configuration:
#0: stdout all=warning uptime,level,tags
#1: stderr all=off uptime,level,tags

Environment Variables:
CLASSPATH=/c/Users/D046063/public_html/hotspot/JBreak2017/git/examples/bin
PATH=/share/output-jdk9-dev-dbg/images/jdk/bin:/usr/local/sbin:/usr/local/bin:/usr/sbin:/usr/bin:/sbin:/bin:/usr/games:/usr/local/games:/share/software/npm-global/bin
LD_LIBRARY_PATH=/share/OpenJDK/hsdis
SHELL=/bin/bash
DISPLAY=:0.0

Signal Handlers:
SIGSEGV: [libjvm.so+0x12b2aaa], sa_mask[0]=11111111011111111101111111111110, sa_flags=SA_RESTART|SA_SIGINFO
SIGBUS: [libjvm.so+0x12b2aaa], sa_mask[0]=11111111011111111101111111111110, sa_flags=SA_RESTART|SA_SIGINFO
SIGFPE: [libjvm.so+0x12b2aaa], sa_mask[0]=11111111011111111101111111111110, sa_flags=SA_RESTART|SA_SIGINFO
SIGPIPE: [libjvm.so+0x104fb32], sa_mask[0]=11111111011111111101111111111110, sa_flags=SA_RESTART|SA_SIGINFO
SIGXFSZ: [libjvm.so+0x104fb32], sa_mask[0]=11111111011111111101111111111110, sa_flags=SA_RESTART|SA_SIGINFO
SIGILL: [libjvm.so+0x12b2aaa], sa_mask[0]=11111111011111111101111111111110, sa_flags=SA_RESTART|SA_SIGINFO
SIGUSR2: [libjvm.so+0x104f291], sa_mask[0]=00000000000000000000000000000000, sa_flags=SA_RESTART|SA_SIGINFO
SIGHUP: [libjvm.so+0x104aa5e], sa_mask[0]=11111111011111111101111111111110, sa_flags=SA_RESTART|SA_SIGINFO
SIGINT: [libjvm.so+0x104aa5e], sa_mask[0]=11111111011111111101111111111110, sa_flags=SA_RESTART|SA_SIGINFO
SIGTERM: [libjvm.so+0x104aa5e], sa_mask[0]=11111111011111111101111111111110, sa_flags=SA_RESTART|SA_SIGINFO
SIGQUIT: [libjvm.so+0x104aa5e], sa_mask[0]=11111111011111111101111111111110, sa_flags=SA_RESTART|SA_SIGINFO


---------------  S Y S T E M  ---------------

OS:DISTRIB_ID=Ubuntu
DISTRIB_RELEASE=14.04
DISTRIB_CODENAME=trusty
DISTRIB_DESCRIPTION="Ubuntu 14.04.1 LTS"
uname:Linux simonis 4.2.0-42-generic #49~14.04.1-Ubuntu SMP Wed Jun 29 20:22:11 UTC 2016 x86_64
libc:glibc 2.19 NPTL 2.19 
rlimit: STACK 8192k, CORE infinity, NPROC 31852, NOFILE 4096, AS infinity
load average:0,10 0,29 0,79

/proc/meminfo:
MemTotal:        8175724 kB
MemFree:         1418040 kB
MemAvailable:    5807040 kB
Buffers:          137872 kB
Cached:          4003428 kB
SwapCached:            0 kB
Active:          4561552 kB
Inactive:        1585312 kB
Active(anon):    2006368 kB
Inactive(anon):    12692 kB
Active(file):    2555184 kB
Inactive(file):  1572620 kB
Unevictable:          32 kB
Mlocked:              32 kB
SwapTotal:             0 kB
SwapFree:              0 kB
Dirty:                88 kB
Writeback:             0 kB
AnonPages:       2007712 kB
Mapped:           270220 kB
Shmem:             13496 kB
Slab:             541084 kB
SReclaimable:     514600 kB
SUnreclaim:        26484 kB
KernelStack:        7552 kB
PageTables:        29884 kB
NFS_Unstable:          0 kB
Bounce:                0 kB
WritebackTmp:          0 kB
CommitLimit:     4087860 kB
Committed_AS:    3874012 kB
VmallocTotal:   34359738367 kB
VmallocUsed:       80592 kB
VmallocChunk:   34359648248 kB
HardwareCorrupted:     0 kB
AnonHugePages:   1492992 kB
CmaTotal:              0 kB
CmaFree:               0 kB
HugePages_Total:       0
HugePages_Free:        0
HugePages_Rsvd:        0
HugePages_Surp:        0
Hugepagesize:       2048 kB
DirectMap4k:       81856 kB
DirectMap2M:     8306688 kB


CPU:total 4 (initial active 4) (4 cores per cpu, 1 threads per core) family 6 model 69 stepping 1, cmov, cx8, fxsr, mmx, sse, sse2, sse3, ssse3, sse4.1, sse4.2, popcnt, avx, aes, clmul, lzcnt, tsc, tscinvbit
CPU Model and flags from /proc/cpuinfo:
model name	: Intel(R) Core(TM) i5-4300U CPU @ 1.90GHz
flags		: fpu vme de pse tsc msr pae mce cx8 apic sep mtrr pge mca cmov pat pse36 clflush mmx fxsr sse sse2 ht syscall nx rdtscp lm constant_tsc rep_good nopl xtopology nonstop_tsc pni pclmulqdq ssse3 cx16 sse4_1 sse4_2 movbe popcnt aes xsave avx rdrand hypervisor lahf_lm abm

Memory: 4k page, physical 8175724k(1418040k free), swap 0k(0k free)

vm_info: OpenJDK 64-Bit Server VM (slowdebug 9-internal+0-adhoc.simonis.jdk9-dev) for linux-amd64 JRE (9-internal+0-adhoc.simonis.jdk9-dev), built on Mar 17 2017 15:50:00 by "simonis" with gcc 4.8.2

END.
