#
# A fatal error has been detected by the Java Runtime Environment:
#
#  SIGSEGV (0xb) at pc=0x00007f8f33fab35d, pid=31451, tid=31469
#
# JRE version: OpenJDK Runtime Environment (9.0) (slowdebug build 9-internal+0-adhoc.simonis.jdk9-dev)
# Java VM: OpenJDK 64-Bit Server VM (slowdebug 9-internal+0-adhoc.simonis.jdk9-dev, mixed mode, tiered, compressed oops, g1 gc, linux-amd64)
# Problematic frame:
# V  [libjvm.so+0xeca35d]  PhaseMacroExpand::generate_arraycopy(ArrayCopyNode*, AllocateArrayNode*, Node**, MergeMemNode*, Node**, TypePtr const*, BasicType, Node*, Node*, Node*, Node*, Node*, bool, bool, RegionNode*)+0x65b
#
# Core dump will be written. Default location: Core dumps may be processed with "/usr/share/apport/apport %p %s %c %P" (or dumping to /tmp/core.31451)
#
# If you would like to submit a bug report, please visit:
#   http://bugreport.java.com/bugreport/crash.jsp
#

---------------  S U M M A R Y ------------

Command Line: -Xbatch -XX:-DoEscapeAnalysis org.simonis.Crash5

Host: simonis, Intel(R) Core(TM) i5-4300U CPU @ 1.90GHz, 4 cores, 7G, Ubuntu 14.04.1 LTS
Time: Fri Mar 24 16:11:25 2017 CET elapsed time: 1 seconds (0d 0h 0m 1s)

---------------  T H R E A D  ---------------

Current thread (0x00007f8f2c256000):  JavaThread "C2 CompilerThread1" daemon [_thread_in_native, id=31469, stack(0x00007f8ee4457000,0x00007f8ee4558000)]


Current CompileTask:
C2:   1436  116    b  4       org.simonis.Crash5$A::crash (14 bytes)

Stack: [0x00007f8ee4457000,0x00007f8ee4558000],  sp=0x00007f8ee4552630,  free space=1005k
Native frames: (J=compiled Java code, A=aot compiled Java code, j=interpreted, Vv=VM code, C=native code)
V  [libjvm.so+0xeca35d]  PhaseMacroExpand::generate_arraycopy(ArrayCopyNode*, AllocateArrayNode*, Node**, MergeMemNode*, Node**, TypePtr const*, BasicType, Node*, Node*, Node*, Node*, Node*, bool, bool, RegionNode*)+0x65b
V  [libjvm.so+0xece34e]  PhaseMacroExpand::expand_arraycopy_node(ArrayCopyNode*)+0x8a8
V  [libjvm.so+0xec6f59]  PhaseMacroExpand::expand_macro_nodes()+0x733
V  [libjvm.so+0x90c023]  Compile::Optimize()+0xe37
V  [libjvm.so+0x9048b2]  Compile::Compile(ciEnv*, C2Compiler*, ciMethod*, int, bool, bool, bool, DirectiveSet*)+0x11d2
V  [libjvm.so+0x7a15d9]  C2Compiler::compile_method(ciEnv*, ciMethod*, int, DirectiveSet*)+0x14d
V  [libjvm.so+0x923173]  CompileBroker::invoke_compiler_on_method(CompileTask*)+0x715
V  [libjvm.so+0x922153]  CompileBroker::compiler_thread_loop()+0x2d3
V  [libjvm.so+0x123d762]  compiler_thread_entry(JavaThread*, Thread*)+0x85
V  [libjvm.so+0x1237bfb]  JavaThread::thread_main_inner()+0x171
V  [libjvm.so+0x1237a68]  JavaThread::run()+0x1a4
V  [libjvm.so+0x1046515]  thread_native_entry(Thread*)+0x19e
C  [libpthread.so.0+0x8182]  start_thread+0xc2


siginfo: si_signo: 11 (SIGSEGV), si_code: 1 (SEGV_MAPERR), si_addr: 0x0000000000000000

Register to memory mapping:

RAX=0x0000000000000000 is an unknown value
RBX=0x00007f8ec80fbc60 is an unknown value
RCX=0x000000000000ffff is an unknown value
RDX=0x0000000000000000 is an unknown value
RSP=0x00007f8ee4552630 is pointing into the stack for thread: 0x00007f8f2c256000
RBP=0x00007f8ee45528c0 is pointing into the stack for thread: 0x00007f8f2c256000
RSI=0x00007f8f346979c3: <offset 0x00000000015b69c3> in /share/output-jdk9-dev-dbg/images/jdk/lib/server/libjvm.so at 0x00007f8f330e1000
RDI=0x00007f8ec80793b0 is an unknown value
R8 =
[error occurred during error reporting (printing register info), id 0xb]

Registers:
RAX=0x0000000000000000, RBX=0x00007f8ec80fbc60, RCX=0x000000000000ffff, RDX=0x0000000000000000
RSP=0x00007f8ee4552630, RBP=0x00007f8ee45528c0, RSI=0x00007f8f346979c3, RDI=0x00007f8ec80793b0
R8 =0x00000000ffffffff, R9 =0x00000000ffffffff, R10=0xfffffffffff974b0, R11=0x0000000000000003
R12=0x00007f8ee4555db8, R13=0x00007f8ed009f550, R14=0x00007f8ee45579c0, R15=0x00007f8ee4557700
RIP=0x00007f8f33fab35d, EFLAGS=0x0000000000010202, CSGSFS=0x0000000000000033, ERR=0x0000000000000006
  TRAPNO=0x000000000000000e

Top of Stack: (sp=0x00007f8ee4552630)
0x00007f8ee4552630:   00007f8f00000001 ff0e590088ca6c00
0x00007f8ee4552640:   00007f8ee4552680 00007f8f3349ce2f
0x00007f8ee4552650:   00007f8ee4552680 00007f8f2c256000
0x00007f8ee4552660:   00007f8f2c256000 00007f8ec80fba90 

Instructions: (pc=0x00007f8f33fab35d)
0x00007f8f33fab33d:   89 c7 e8 1c f6 40 ff 85 c0 75 07 b8 01 00 00 00
0x00007f8f33fab34d:   eb 05 b8 00 00 00 00 84 c0 74 0b b8 00 00 00 00
0x00007f8f33fab35d:   c7 00 be ba fe ca 83 bd e4 fd ff ff 13 0f 85 3f
0x00007f8f33fab36d:   01 00 00 80 bd 2d fe ff ff 00 74 43 e8 ee 64 ac 


---------------  P R O C E S S  ---------------

Java Threads: ( => current thread )
  0x00007f8f2c309800 JavaThread "Service Thread" daemon [_thread_blocked, id=31473, stack(0x00007f8ec3be1000,0x00007f8ec3ce2000)]
  0x00007f8f2c280800 JavaThread "Common-Cleaner" daemon [_thread_blocked, id=31472, stack(0x00007f8ec3ce2000,0x00007f8ec3de3000)]
  0x00007f8f2c25b000 JavaThread "Sweeper thread" daemon [_thread_blocked, id=31471, stack(0x00007f8ee4255000,0x00007f8ee4356000)]
  0x00007f8f2c258800 JavaThread "C1 CompilerThread2" daemon [_thread_blocked, id=31470, stack(0x00007f8ee4356000,0x00007f8ee4457000)]
=>0x00007f8f2c256000 JavaThread "C2 CompilerThread1" daemon [_thread_in_native, id=31469, stack(0x00007f8ee4457000,0x00007f8ee4558000)]
  0x00007f8f2c254000 JavaThread "C2 CompilerThread0" daemon [_thread_blocked, id=31468, stack(0x00007f8ee4558000,0x00007f8ee4659000)]
  0x00007f8f2c251800 JavaThread "Signal Dispatcher" daemon [_thread_blocked, id=31467, stack(0x00007f8ee4659000,0x00007f8ee475a000)]
  0x00007f8f2c232800 JavaThread "Finalizer" daemon [_thread_blocked, id=31466, stack(0x00007f8ee519b000,0x00007f8ee529c000)]
  0x00007f8f2c226800 JavaThread "Reference Handler" daemon [_thread_blocked, id=31465, stack(0x00007f8ee529c000,0x00007f8ee539d000)]
  0x00007f8f2c019800 JavaThread "main" [_thread_blocked, id=31452, stack(0x00007f8f35bb0000,0x00007f8f35cb0000)]

Other Threads:
  0x00007f8f2c212800 VMThread "VM Thread" [stack: 0x00007f8ee539e000,0x00007f8ee549e000] [id=31464]
  0x00007f8f2c30d000 WatcherThread [stack: 0x00007f8ec3ae1000,0x00007f8ec3be1000] [id=31474]
  0x00007f8f2c034000 GCTaskThread "GC Thread#0" [stack: 0x00007f8f3183b000,0x00007f8f3193b000] [id=31453]
  0x00007f8f2c035800 GCTaskThread "GC Thread#1" [stack: 0x00007f8f3173a000,0x00007f8f3183a000] [id=31454]
  0x00007f8f2c037800 GCTaskThread "GC Thread#2" [stack: 0x00007f8f31639000,0x00007f8f31739000] [id=31455]
  0x00007f8f2c039800 GCTaskThread "GC Thread#3" [stack: 0x00007f8f31538000,0x00007f8f31638000] [id=31456]
  0x00007f8f2c06b000 ConcurrentGCThread "G1 Main Marker" [stack: 0x00007f8f14219000,0x00007f8f14319000] [id=31462]
  0x00007f8f2c06d000 ConcurrentGCThread "G1 Marker#0" [stack: 0x00007f8f14118000,0x00007f8f14218000] [id=31463]
  0x00007f8f2c042000 ConcurrentGCThread "G1 Refine#0" [stack: 0x00007f8f30d30000,0x00007f8f30e30000] [id=31460]
  0x00007f8f2c040000 ConcurrentGCThread "G1 Refine#1" [stack: 0x00007f8f30e31000,0x00007f8f30f31000] [id=31459]
  0x00007f8f2c03e000 ConcurrentGCThread "G1 Refine#2" [stack: 0x00007f8f30f32000,0x00007f8f31032000] [id=31458]
  0x00007f8f2c03c000 ConcurrentGCThread "G1 Refine#3" [stack: 0x00007f8f31033000,0x00007f8f31133000] [id=31457]
  0x00007f8f2c044000 ConcurrentGCThread "G1 Young RemSet Sampling" [stack: 0x00007f8f30c2f000,0x00007f8f30d2f000] [id=31461]

Threads with active compile tasks:
C2 CompilerThread1 116    b  4       org.simonis.Crash5$A::crash (14 bytes)

VM state:not at safepoint (normal execution)

VM Mutex/Monitor currently owned by a thread: None

Heap address: 0x0000000083200000, size: 1998 MB, Compressed Oops mode: 32-bit
Narrow klass base: 0x0000000000000000, Narrow klass shift: 3
Compressed class space size: 1073741824 Address: 0x0000000100000000

Heap:
 garbage-first heap   total 129024K, used 1024K [0x0000000083200000, 0x00000000833003f0, 0x0000000100000000)
  region size 1024K, 2 young (2048K), 0 survivors (0K)
 Metaspace       used 3980K, capacity 4488K, committed 4864K, reserved 1056768K
  class space    used 355K, capacity 388K, committed 512K, reserved 1048576K
Heap Regions: E=young(eden), S=young(survivor), O=old, HS=humongous(starts), HC=humongous(continues), CS=collection set, F=free, A=archive, TS=gc time stamp, AC=allocation context, TAMS=top-at-mark-start (previous, next)
|   0|0x0000000083200000, 0x0000000083200000, 0x0000000083300000|  0%| F|  |TS  0|AC  0|TAMS 0x0000000083200000, 0x0000000083200000|
|   1|0x0000000083300000, 0x0000000083300000, 0x0000000083400000|  0%| F|  |TS  0|AC  0|TAMS 0x0000000083300000, 0x0000000083300000|
|   2|0x0000000083400000, 0x0000000083400000, 0x0000000083500000|  0%| F|  |TS  0|AC  0|TAMS 0x0000000083400000, 0x0000000083400000|
|   3|0x0000000083500000, 0x0000000083500000, 0x0000000083600000|  0%| F|  |TS  0|AC  0|TAMS 0x0000000083500000, 0x0000000083500000|
|   4|0x0000000083600000, 0x0000000083600000, 0x0000000083700000|  0%| F|  |TS  0|AC  0|TAMS 0x0000000083600000, 0x0000000083600000|
|   5|0x0000000083700000, 0x0000000083700000, 0x0000000083800000|  0%| F|  |TS  0|AC  0|TAMS 0x0000000083700000, 0x0000000083700000|
|   6|0x0000000083800000, 0x0000000083800000, 0x0000000083900000|  0%| F|  |TS  0|AC  0|TAMS 0x0000000083800000, 0x0000000083800000|
|   7|0x0000000083900000, 0x0000000083900000, 0x0000000083a00000|  0%| F|  |TS  0|AC  0|TAMS 0x0000000083900000, 0x0000000083900000|
|   8|0x0000000083a00000, 0x0000000083a00000, 0x0000000083b00000|  0%| F|  |TS  0|AC  0|TAMS 0x0000000083a00000, 0x0000000083a00000|
|   9|0x0000000083b00000, 0x0000000083b00000, 0x0000000083c00000|  0%| F|  |TS  0|AC  0|TAMS 0x0000000083b00000, 0x0000000083b00000|
|  10|0x0000000083c00000, 0x0000000083c00000, 0x0000000083d00000|  0%| F|  |TS  0|AC  0|TAMS 0x0000000083c00000, 0x0000000083c00000|
|  11|0x0000000083d00000, 0x0000000083d00000, 0x0000000083e00000|  0%| F|  |TS  0|AC  0|TAMS 0x0000000083d00000, 0x0000000083d00000|
|  12|0x0000000083e00000, 0x0000000083e00000, 0x0000000083f00000|  0%| F|  |TS  0|AC  0|TAMS 0x0000000083e00000, 0x0000000083e00000|
|  13|0x0000000083f00000, 0x0000000083f00000, 0x0000000084000000|  0%| F|  |TS  0|AC  0|TAMS 0x0000000083f00000, 0x0000000083f00000|
|  14|0x0000000084000000, 0x0000000084000000, 0x0000000084100000|  0%| F|  |TS  0|AC  0|TAMS 0x0000000084000000, 0x0000000084000000|
|  15|0x0000000084100000, 0x0000000084100000, 0x0000000084200000|  0%| F|  |TS  0|AC  0|TAMS 0x0000000084100000, 0x0000000084100000|
|  16|0x0000000084200000, 0x0000000084200000, 0x0000000084300000|  0%| F|  |TS  0|AC  0|TAMS 0x0000000084200000, 0x0000000084200000|
|  17|0x0000000084300000, 0x0000000084300000, 0x0000000084400000|  0%| F|  |TS  0|AC  0|TAMS 0x0000000084300000, 0x0000000084300000|
|  18|0x0000000084400000, 0x0000000084400000, 0x0000000084500000|  0%| F|  |TS  0|AC  0|TAMS 0x0000000084400000, 0x0000000084400000|
|  19|0x0000000084500000, 0x0000000084500000, 0x0000000084600000|  0%| F|  |TS  0|AC  0|TAMS 0x0000000084500000, 0x0000000084500000|
|  20|0x0000000084600000, 0x0000000084600000, 0x0000000084700000|  0%| F|  |TS  0|AC  0|TAMS 0x0000000084600000, 0x0000000084600000|
|  21|0x0000000084700000, 0x0000000084700000, 0x0000000084800000|  0%| F|  |TS  0|AC  0|TAMS 0x0000000084700000, 0x0000000084700000|
|  22|0x0000000084800000, 0x0000000084800000, 0x0000000084900000|  0%| F|  |TS  0|AC  0|TAMS 0x0000000084800000, 0x0000000084800000|
|  23|0x0000000084900000, 0x0000000084900000, 0x0000000084a00000|  0%| F|  |TS  0|AC  0|TAMS 0x0000000084900000, 0x0000000084900000|
|  24|0x0000000084a00000, 0x0000000084a00000, 0x0000000084b00000|  0%| F|  |TS  0|AC  0|TAMS 0x0000000084a00000, 0x0000000084a00000|
|  25|0x0000000084b00000, 0x0000000084b00000, 0x0000000084c00000|  0%| F|  |TS  0|AC  0|TAMS 0x0000000084b00000, 0x0000000084b00000|
|  26|0x0000000084c00000, 0x0000000084c00000, 0x0000000084d00000|  0%| F|  |TS  0|AC  0|TAMS 0x0000000084c00000, 0x0000000084c00000|
|  27|0x0000000084d00000, 0x0000000084d00000, 0x0000000084e00000|  0%| F|  |TS  0|AC  0|TAMS 0x0000000084d00000, 0x0000000084d00000|
|  28|0x0000000084e00000, 0x0000000084e00000, 0x0000000084f00000|  0%| F|  |TS  0|AC  0|TAMS 0x0000000084e00000, 0x0000000084e00000|
|  29|0x0000000084f00000, 0x0000000084f00000, 0x0000000085000000|  0%| F|  |TS  0|AC  0|TAMS 0x0000000084f00000, 0x0000000084f00000|
|  30|0x0000000085000000, 0x0000000085000000, 0x0000000085100000|  0%| F|  |TS  0|AC  0|TAMS 0x0000000085000000, 0x0000000085000000|
|  31|0x0000000085100000, 0x0000000085100000, 0x0000000085200000|  0%| F|  |TS  0|AC  0|TAMS 0x0000000085100000, 0x0000000085100000|
|  32|0x0000000085200000, 0x0000000085200000, 0x0000000085300000|  0%| F|  |TS  0|AC  0|TAMS 0x0000000085200000, 0x0000000085200000|
|  33|0x0000000085300000, 0x0000000085300000, 0x0000000085400000|  0%| F|  |TS  0|AC  0|TAMS 0x0000000085300000, 0x0000000085300000|
|  34|0x0000000085400000, 0x0000000085400000, 0x0000000085500000|  0%| F|  |TS  0|AC  0|TAMS 0x0000000085400000, 0x0000000085400000|
|  35|0x0000000085500000, 0x0000000085500000, 0x0000000085600000|  0%| F|  |TS  0|AC  0|TAMS 0x0000000085500000, 0x0000000085500000|
|  36|0x0000000085600000, 0x0000000085600000, 0x0000000085700000|  0%| F|  |TS  0|AC  0|TAMS 0x0000000085600000, 0x0000000085600000|
|  37|0x0000000085700000, 0x0000000085700000, 0x0000000085800000|  0%| F|  |TS  0|AC  0|TAMS 0x0000000085700000, 0x0000000085700000|
|  38|0x0000000085800000, 0x0000000085800000, 0x0000000085900000|  0%| F|  |TS  0|AC  0|TAMS 0x0000000085800000, 0x0000000085800000|
|  39|0x0000000085900000, 0x0000000085900000, 0x0000000085a00000|  0%| F|  |TS  0|AC  0|TAMS 0x0000000085900000, 0x0000000085900000|
|  40|0x0000000085a00000, 0x0000000085a00000, 0x0000000085b00000|  0%| F|  |TS  0|AC  0|TAMS 0x0000000085a00000, 0x0000000085a00000|
|  41|0x0000000085b00000, 0x0000000085b00000, 0x0000000085c00000|  0%| F|  |TS  0|AC  0|TAMS 0x0000000085b00000, 0x0000000085b00000|
|  42|0x0000000085c00000, 0x0000000085c00000, 0x0000000085d00000|  0%| F|  |TS  0|AC  0|TAMS 0x0000000085c00000, 0x0000000085c00000|
|  43|0x0000000085d00000, 0x0000000085d00000, 0x0000000085e00000|  0%| F|  |TS  0|AC  0|TAMS 0x0000000085d00000, 0x0000000085d00000|
|  44|0x0000000085e00000, 0x0000000085e00000, 0x0000000085f00000|  0%| F|  |TS  0|AC  0|TAMS 0x0000000085e00000, 0x0000000085e00000|
|  45|0x0000000085f00000, 0x0000000085f00000, 0x0000000086000000|  0%| F|  |TS  0|AC  0|TAMS 0x0000000085f00000, 0x0000000085f00000|
|  46|0x0000000086000000, 0x0000000086000000, 0x0000000086100000|  0%| F|  |TS  0|AC  0|TAMS 0x0000000086000000, 0x0000000086000000|
|  47|0x0000000086100000, 0x0000000086100000, 0x0000000086200000|  0%| F|  |TS  0|AC  0|TAMS 0x0000000086100000, 0x0000000086100000|
|  48|0x0000000086200000, 0x0000000086200000, 0x0000000086300000|  0%| F|  |TS  0|AC  0|TAMS 0x0000000086200000, 0x0000000086200000|
|  49|0x0000000086300000, 0x0000000086300000, 0x0000000086400000|  0%| F|  |TS  0|AC  0|TAMS 0x0000000086300000, 0x0000000086300000|
|  50|0x0000000086400000, 0x0000000086400000, 0x0000000086500000|  0%| F|  |TS  0|AC  0|TAMS 0x0000000086400000, 0x0000000086400000|
|  51|0x0000000086500000, 0x0000000086500000, 0x0000000086600000|  0%| F|  |TS  0|AC  0|TAMS 0x0000000086500000, 0x0000000086500000|
|  52|0x0000000086600000, 0x0000000086600000, 0x0000000086700000|  0%| F|  |TS  0|AC  0|TAMS 0x0000000086600000, 0x0000000086600000|
|  53|0x0000000086700000, 0x0000000086700000, 0x0000000086800000|  0%| F|  |TS  0|AC  0|TAMS 0x0000000086700000, 0x0000000086700000|
|  54|0x0000000086800000, 0x0000000086800000, 0x0000000086900000|  0%| F|  |TS  0|AC  0|TAMS 0x0000000086800000, 0x0000000086800000|
|  55|0x0000000086900000, 0x0000000086900000, 0x0000000086a00000|  0%| F|  |TS  0|AC  0|TAMS 0x0000000086900000, 0x0000000086900000|
|  56|0x0000000086a00000, 0x0000000086a00000, 0x0000000086b00000|  0%| F|  |TS  0|AC  0|TAMS 0x0000000086a00000, 0x0000000086a00000|
|  57|0x0000000086b00000, 0x0000000086b00000, 0x0000000086c00000|  0%| F|  |TS  0|AC  0|TAMS 0x0000000086b00000, 0x0000000086b00000|
|  58|0x0000000086c00000, 0x0000000086c00000, 0x0000000086d00000|  0%| F|  |TS  0|AC  0|TAMS 0x0000000086c00000, 0x0000000086c00000|
|  59|0x0000000086d00000, 0x0000000086d00000, 0x0000000086e00000|  0%| F|  |TS  0|AC  0|TAMS 0x0000000086d00000, 0x0000000086d00000|
|  60|0x0000000086e00000, 0x0000000086e00000, 0x0000000086f00000|  0%| F|  |TS  0|AC  0|TAMS 0x0000000086e00000, 0x0000000086e00000|
|  61|0x0000000086f00000, 0x0000000086f00000, 0x0000000087000000|  0%| F|  |TS  0|AC  0|TAMS 0x0000000086f00000, 0x0000000086f00000|
|  62|0x0000000087000000, 0x0000000087000000, 0x0000000087100000|  0%| F|  |TS  0|AC  0|TAMS 0x0000000087000000, 0x0000000087000000|
|  63|0x0000000087100000, 0x0000000087100000, 0x0000000087200000|  0%| F|  |TS  0|AC  0|TAMS 0x0000000087100000, 0x0000000087100000|
|  64|0x0000000087200000, 0x0000000087200000, 0x0000000087300000|  0%| F|  |TS  0|AC  0|TAMS 0x0000000087200000, 0x0000000087200000|
|  65|0x0000000087300000, 0x0000000087300000, 0x0000000087400000|  0%| F|  |TS  0|AC  0|TAMS 0x0000000087300000, 0x0000000087300000|
|  66|0x0000000087400000, 0x0000000087400000, 0x0000000087500000|  0%| F|  |TS  0|AC  0|TAMS 0x0000000087400000, 0x0000000087400000|
|  67|0x0000000087500000, 0x0000000087500000, 0x0000000087600000|  0%| F|  |TS  0|AC  0|TAMS 0x0000000087500000, 0x0000000087500000|
|  68|0x0000000087600000, 0x0000000087600000, 0x0000000087700000|  0%| F|  |TS  0|AC  0|TAMS 0x0000000087600000, 0x0000000087600000|
|  69|0x0000000087700000, 0x0000000087700000, 0x0000000087800000|  0%| F|  |TS  0|AC  0|TAMS 0x0000000087700000, 0x0000000087700000|
|  70|0x0000000087800000, 0x0000000087800000, 0x0000000087900000|  0%| F|  |TS  0|AC  0|TAMS 0x0000000087800000, 0x0000000087800000|
|  71|0x0000000087900000, 0x0000000087900000, 0x0000000087a00000|  0%| F|  |TS  0|AC  0|TAMS 0x0000000087900000, 0x0000000087900000|
|  72|0x0000000087a00000, 0x0000000087a00000, 0x0000000087b00000|  0%| F|  |TS  0|AC  0|TAMS 0x0000000087a00000, 0x0000000087a00000|
|  73|0x0000000087b00000, 0x0000000087b00000, 0x0000000087c00000|  0%| F|  |TS  0|AC  0|TAMS 0x0000000087b00000, 0x0000000087b00000|
|  74|0x0000000087c00000, 0x0000000087c00000, 0x0000000087d00000|  0%| F|  |TS  0|AC  0|TAMS 0x0000000087c00000, 0x0000000087c00000|
|  75|0x0000000087d00000, 0x0000000087d00000, 0x0000000087e00000|  0%| F|  |TS  0|AC  0|TAMS 0x0000000087d00000, 0x0000000087d00000|
|  76|0x0000000087e00000, 0x0000000087e00000, 0x0000000087f00000|  0%| F|  |TS  0|AC  0|TAMS 0x0000000087e00000, 0x0000000087e00000|
|  77|0x0000000087f00000, 0x0000000087f00000, 0x0000000088000000|  0%| F|  |TS  0|AC  0|TAMS 0x0000000087f00000, 0x0000000087f00000|
|  78|0x0000000088000000, 0x0000000088000000, 0x0000000088100000|  0%| F|  |TS  0|AC  0|TAMS 0x0000000088000000, 0x0000000088000000|
|  79|0x0000000088100000, 0x0000000088100000, 0x0000000088200000|  0%| F|  |TS  0|AC  0|TAMS 0x0000000088100000, 0x0000000088100000|
|  80|0x0000000088200000, 0x0000000088200000, 0x0000000088300000|  0%| F|  |TS  0|AC  0|TAMS 0x0000000088200000, 0x0000000088200000|
|  81|0x0000000088300000, 0x0000000088300000, 0x0000000088400000|  0%| F|  |TS  0|AC  0|TAMS 0x0000000088300000, 0x0000000088300000|
|  82|0x0000000088400000, 0x0000000088400000, 0x0000000088500000|  0%| F|  |TS  0|AC  0|TAMS 0x0000000088400000, 0x0000000088400000|
|  83|0x0000000088500000, 0x0000000088500000, 0x0000000088600000|  0%| F|  |TS  0|AC  0|TAMS 0x0000000088500000, 0x0000000088500000|
|  84|0x0000000088600000, 0x0000000088600000, 0x0000000088700000|  0%| F|  |TS  0|AC  0|TAMS 0x0000000088600000, 0x0000000088600000|
|  85|0x0000000088700000, 0x0000000088700000, 0x0000000088800000|  0%| F|  |TS  0|AC  0|TAMS 0x0000000088700000, 0x0000000088700000|
|  86|0x0000000088800000, 0x0000000088800000, 0x0000000088900000|  0%| F|  |TS  0|AC  0|TAMS 0x0000000088800000, 0x0000000088800000|
|  87|0x0000000088900000, 0x0000000088900000, 0x0000000088a00000|  0%| F|  |TS  0|AC  0|TAMS 0x0000000088900000, 0x0000000088900000|
|  88|0x0000000088a00000, 0x0000000088a00000, 0x0000000088b00000|  0%| F|  |TS  0|AC  0|TAMS 0x0000000088a00000, 0x0000000088a00000|
|  89|0x0000000088b00000, 0x0000000088b00000, 0x0000000088c00000|  0%| F|  |TS  0|AC  0|TAMS 0x0000000088b00000, 0x0000000088b00000|
|  90|0x0000000088c00000, 0x0000000088c00000, 0x0000000088d00000|  0%| F|  |TS  0|AC  0|TAMS 0x0000000088c00000, 0x0000000088c00000|
|  91|0x0000000088d00000, 0x0000000088d00000, 0x0000000088e00000|  0%| F|  |TS  0|AC  0|TAMS 0x0000000088d00000, 0x0000000088d00000|
|  92|0x0000000088e00000, 0x0000000088e00000, 0x0000000088f00000|  0%| F|  |TS  0|AC  0|TAMS 0x0000000088e00000, 0x0000000088e00000|
|  93|0x0000000088f00000, 0x0000000088f00000, 0x0000000089000000|  0%| F|  |TS  0|AC  0|TAMS 0x0000000088f00000, 0x0000000088f00000|
|  94|0x0000000089000000, 0x0000000089000000, 0x0000000089100000|  0%| F|  |TS  0|AC  0|TAMS 0x0000000089000000, 0x0000000089000000|
|  95|0x0000000089100000, 0x0000000089100000, 0x0000000089200000|  0%| F|  |TS  0|AC  0|TAMS 0x0000000089100000, 0x0000000089100000|
|  96|0x0000000089200000, 0x0000000089200000, 0x0000000089300000|  0%| F|  |TS  0|AC  0|TAMS 0x0000000089200000, 0x0000000089200000|
|  97|0x0000000089300000, 0x0000000089300000, 0x0000000089400000|  0%| F|  |TS  0|AC  0|TAMS 0x0000000089300000, 0x0000000089300000|
|  98|0x0000000089400000, 0x0000000089400000, 0x0000000089500000|  0%| F|  |TS  0|AC  0|TAMS 0x0000000089400000, 0x0000000089400000|
|  99|0x0000000089500000, 0x0000000089500000, 0x0000000089600000|  0%| F|  |TS  0|AC  0|TAMS 0x0000000089500000, 0x0000000089500000|
| 100|0x0000000089600000, 0x0000000089600000, 0x0000000089700000|  0%| F|  |TS  0|AC  0|TAMS 0x0000000089600000, 0x0000000089600000|
| 101|0x0000000089700000, 0x0000000089700000, 0x0000000089800000|  0%| F|  |TS  0|AC  0|TAMS 0x0000000089700000, 0x0000000089700000|
| 102|0x0000000089800000, 0x0000000089800000, 0x0000000089900000|  0%| F|  |TS  0|AC  0|TAMS 0x0000000089800000, 0x0000000089800000|
| 103|0x0000000089900000, 0x0000000089900000, 0x0000000089a00000|  0%| F|  |TS  0|AC  0|TAMS 0x0000000089900000, 0x0000000089900000|
| 104|0x0000000089a00000, 0x0000000089a00000, 0x0000000089b00000|  0%| F|  |TS  0|AC  0|TAMS 0x0000000089a00000, 0x0000000089a00000|
| 105|0x0000000089b00000, 0x0000000089b00000, 0x0000000089c00000|  0%| F|  |TS  0|AC  0|TAMS 0x0000000089b00000, 0x0000000089b00000|
| 106|0x0000000089c00000, 0x0000000089c00000, 0x0000000089d00000|  0%| F|  |TS  0|AC  0|TAMS 0x0000000089c00000, 0x0000000089c00000|
| 107|0x0000000089d00000, 0x0000000089d00000, 0x0000000089e00000|  0%| F|  |TS  0|AC  0|TAMS 0x0000000089d00000, 0x0000000089d00000|
| 108|0x0000000089e00000, 0x0000000089e00000, 0x0000000089f00000|  0%| F|  |TS  0|AC  0|TAMS 0x0000000089e00000, 0x0000000089e00000|
| 109|0x0000000089f00000, 0x0000000089f00000, 0x000000008a000000|  0%| F|  |TS  0|AC  0|TAMS 0x0000000089f00000, 0x0000000089f00000|
| 110|0x000000008a000000, 0x000000008a000000, 0x000000008a100000|  0%| F|  |TS  0|AC  0|TAMS 0x000000008a000000, 0x000000008a000000|
| 111|0x000000008a100000, 0x000000008a100000, 0x000000008a200000|  0%| F|  |TS  0|AC  0|TAMS 0x000000008a100000, 0x000000008a100000|
| 112|0x000000008a200000, 0x000000008a200000, 0x000000008a300000|  0%| F|  |TS  0|AC  0|TAMS 0x000000008a200000, 0x000000008a200000|
| 113|0x000000008a300000, 0x000000008a300000, 0x000000008a400000|  0%| F|  |TS  0|AC  0|TAMS 0x000000008a300000, 0x000000008a300000|
| 114|0x000000008a400000, 0x000000008a400000, 0x000000008a500000|  0%| F|  |TS  0|AC  0|TAMS 0x000000008a400000, 0x000000008a400000|
| 115|0x000000008a500000, 0x000000008a500000, 0x000000008a600000|  0%| F|  |TS  0|AC  0|TAMS 0x000000008a500000, 0x000000008a500000|
| 116|0x000000008a600000, 0x000000008a600000, 0x000000008a700000|  0%| F|  |TS  0|AC  0|TAMS 0x000000008a600000, 0x000000008a600000|
| 117|0x000000008a700000, 0x000000008a700000, 0x000000008a800000|  0%| F|  |TS  0|AC  0|TAMS 0x000000008a700000, 0x000000008a700000|
| 118|0x000000008a800000, 0x000000008a800000, 0x000000008a900000|  0%| F|  |TS  0|AC  0|TAMS 0x000000008a800000, 0x000000008a800000|
| 119|0x000000008a900000, 0x000000008a900000, 0x000000008aa00000|  0%| F|  |TS  0|AC  0|TAMS 0x000000008a900000, 0x000000008a900000|
| 120|0x000000008aa00000, 0x000000008aa00000, 0x000000008ab00000|  0%| F|  |TS  0|AC  0|TAMS 0x000000008aa00000, 0x000000008aa00000|
| 121|0x000000008ab00000, 0x000000008ab00000, 0x000000008ac00000|  0%| F|  |TS  0|AC  0|TAMS 0x000000008ab00000, 0x000000008ab00000|
| 122|0x000000008ac00000, 0x000000008ac00000, 0x000000008ad00000|  0%| F|  |TS  0|AC  0|TAMS 0x000000008ac00000, 0x000000008ac00000|
| 123|0x000000008ad00000, 0x000000008ad00000, 0x000000008ae00000|  0%| F|  |TS  0|AC  0|TAMS 0x000000008ad00000, 0x000000008ad00000|
| 124|0x000000008ae00000, 0x000000008ae8fde8, 0x000000008af00000| 56%| E|  |TS  0|AC  0|TAMS 0x000000008ae00000, 0x000000008ae00000|
| 125|0x000000008af00000, 0x000000008b000000, 0x000000008b000000|100%| E|CS|TS  0|AC  0|TAMS 0x000000008af00000, 0x000000008af00000|

Card table byte_map: [0x00007f8f30079000,0x00007f8f30460000] byte_map_base: 0x00007f8f2fc60000

Marking Bits (Prev, Next): (CMBitMap*) 0x00007f8f2c069e48, (CMBitMap*) 0x00007f8f2c069e80
 Prev Bits: [0x00007f8eee0c8000, 0x00007f8ef0000000)
 Next Bits: [0x00007f8eec190000, 0x00007f8eee0c8000)

Polling page: 0x00007f8f35cc9000

CodeHeap 'non-profiled nmethods': size=120032Kb used=35Kb max_used=35Kb free=119996Kb
 bounds [0x00007f8f1c1c8000, 0x00007f8f1c438000, 0x00007f8f23700000]
CodeHeap 'profiled nmethods': size=120032Kb used=221Kb max_used=221Kb free=119810Kb
 bounds [0x00007f8f14c90000, 0x00007f8f14f00000, 0x00007f8f1c1c8000]
CodeHeap 'non-nmethods': size=5696Kb used=2632Kb max_used=2643Kb free=3063Kb
 bounds [0x00007f8f14700000, 0x00007f8f149a0000, 0x00007f8f14c90000]
 total_blobs=983 nmethods=115 adapters=729
 compilation: enabled

Compilation events (10 events):
Event: 1,312 Thread 0x00007f8f2c258800 nmethod 111 0x00007f8f14cc5f10 code [0x00007f8f14cc60e0, 0x00007f8f14cc62d8]
Event: 1,356 Thread 0x00007f8f2c258800  112    b  3       sun.nio.fs.UnixPath::checkNotNul (16 bytes)
Event: 1,358 Thread 0x00007f8f2c258800 nmethod 112 0x00007f8f14cc6410 code [0x00007f8f14cc65e0, 0x00007f8f14cc6810]
Event: 1,385 Thread 0x00007f8f2c254000  113    b  4       java.lang.String::coder (15 bytes)
Event: 1,387 Thread 0x00007f8f2c254000 nmethod 113 0x00007f8f1c1d0c90 code [0x00007f8f1c1d0e40, 0x00007f8f1c1d0e98]
Event: 1,400 Thread 0x00007f8f2c258800  114    b  3       java.lang.String::<init> (15 bytes)
Event: 1,402 Thread 0x00007f8f2c258800 nmethod 114 0x00007f8f14cc6990 code [0x00007f8f14cc6b80, 0x00007f8f14cc6ed8]
Event: 1,415 Thread 0x00007f8f2c258800  115    b  3       org.simonis.Crash5$A::crash (14 bytes)
Event: 1,417 Thread 0x00007f8f2c258800 nmethod 115 0x00007f8f14cc7010 code [0x00007f8f14cc7200, 0x00007f8f14cc7610]
Event: 1,427 Thread 0x00007f8f2c256000  116    b  4       org.simonis.Crash5$A::crash (14 bytes)

GC Heap History (0 events):
No events

Deoptimization events (0 events):
No events

Classes redefined (0 events):
No events

Internal exceptions (1 events):
Event: 0,317 Thread 0x00007f8f2c019800 Exception <a 'java/lang/NullPointerException'{0x000000008af08838}> (0x000000008af08838) thrown at [/share/OpenJDK/jdk9-dev/hotspot/src/share/vm/interpreter/linkResolver.cpp, line 1289]

Events (10 events):
Event: 1,370 loading class java/lang/PublicMethods$Key
Event: 1,370 loading class java/lang/PublicMethods$Key done
Event: 1,371 loading class java/lang/Void
Event: 1,371 loading class java/lang/Void done
Event: 1,371 loading class org/simonis/Crash5$Y
Event: 1,371 loading class org/simonis/Crash5$Y done
Event: 1,385 loading class org/simonis/Crash5$X
Event: 1,385 loading class org/simonis/Crash5$X done
Event: 1,399 loading class org/simonis/Crash5$A
Event: 1,399 loading class org/simonis/Crash5$A done


Dynamic libraries:
00400000-00401000 r-xp 00000000 08:01 1759537                            /share/output-jdk9-dev-dbg/images/jdk/bin/java
00601000-00602000 r--p 00001000 08:01 1759537                            /share/output-jdk9-dev-dbg/images/jdk/bin/java
00602000-00603000 rw-p 00002000 08:01 1759537                            /share/output-jdk9-dev-dbg/images/jdk/bin/java
01ff7000-02018000 rw-p 00000000 00:00 0                                  [heap]
83200000-8b000000 rw-p 00000000 00:00 0 
8b000000-100000000 ---p 00000000 00:00 0 
100000000-100080000 rw-p 00000000 00:00 0 
100080000-140000000 ---p 00000000 00:00 0 
7f8eb0000000-7f8eb0021000 rw-p 00000000 00:00 0 
7f8eb0021000-7f8eb4000000 ---p 00000000 00:00 0 
7f8eb4000000-7f8eb4021000 rw-p 00000000 00:00 0 
7f8eb4021000-7f8eb8000000 ---p 00000000 00:00 0 
7f8eb8000000-7f8eb8021000 rw-p 00000000 00:00 0 
7f8eb8021000-7f8ebc000000 ---p 00000000 00:00 0 
7f8ebc000000-7f8ebc021000 rw-p 00000000 00:00 0 
7f8ebc021000-7f8ec0000000 ---p 00000000 00:00 0 
7f8ec3276000-7f8ec3ae0000 rw-p 00000000 00:00 0 
7f8ec3ae0000-7f8ec3ae1000 ---p 00000000 00:00 0 
7f8ec3ae1000-7f8ec3be1000 rw-p 00000000 00:00 0 
7f8ec3be1000-7f8ec3be5000 ---p 00000000 00:00 0 
7f8ec3be5000-7f8ec3ce2000 rw-p 00000000 00:00 0 
7f8ec3ce2000-7f8ec3ce6000 ---p 00000000 00:00 0 
7f8ec3ce6000-7f8ec3de3000 rw-p 00000000 00:00 0 
7f8ec3de3000-7f8ec3dfe000 r-xp 00000000 08:01 1759552                    /share/output-jdk9-dev-dbg/images/jdk/lib/libnet.so
7f8ec3dfe000-7f8ec3ffe000 ---p 0001b000 08:01 1759552                    /share/output-jdk9-dev-dbg/images/jdk/lib/libnet.so
7f8ec3ffe000-7f8ec3fff000 r--p 0001b000 08:01 1759552                    /share/output-jdk9-dev-dbg/images/jdk/lib/libnet.so
7f8ec3fff000-7f8ec4000000 rw-p 0001c000 08:01 1759552                    /share/output-jdk9-dev-dbg/images/jdk/lib/libnet.so
7f8ec4000000-7f8ec4021000 rw-p 00000000 00:00 0 
7f8ec4021000-7f8ec8000000 ---p 00000000 00:00 0 
7f8ec8000000-7f8ec8151000 rw-p 00000000 00:00 0 
7f8ec8151000-7f8ecc000000 ---p 00000000 00:00 0 
7f8ecc000000-7f8ecc021000 rw-p 00000000 00:00 0 
7f8ecc021000-7f8ed0000000 ---p 00000000 00:00 0 
7f8ed0000000-7f8ed00ec000 rw-p 00000000 00:00 0 
7f8ed00ec000-7f8ed4000000 ---p 00000000 00:00 0 
7f8ed4000000-7f8ed4021000 rw-p 00000000 00:00 0 
7f8ed4021000-7f8ed8000000 ---p 00000000 00:00 0 
7f8ed8000000-7f8ed8021000 rw-p 00000000 00:00 0 
7f8ed8021000-7f8edc000000 ---p 00000000 00:00 0 
7f8edc000000-7f8edc021000 rw-p 00000000 00:00 0 
7f8edc021000-7f8ee0000000 ---p 00000000 00:00 0 
7f8ee0000000-7f8ee0021000 rw-p 00000000 00:00 0 
7f8ee0021000-7f8ee4000000 ---p 00000000 00:00 0 
7f8ee4041000-7f8ee4054000 r-xp 00000000 08:01 1759548                    /share/output-jdk9-dev-dbg/images/jdk/lib/libnio.so
7f8ee4054000-7f8ee4253000 ---p 00013000 08:01 1759548                    /share/output-jdk9-dev-dbg/images/jdk/lib/libnio.so
7f8ee4253000-7f8ee4254000 r--p 00012000 08:01 1759548                    /share/output-jdk9-dev-dbg/images/jdk/lib/libnio.so
7f8ee4254000-7f8ee4255000 rw-p 00013000 08:01 1759548                    /share/output-jdk9-dev-dbg/images/jdk/lib/libnio.so
7f8ee4255000-7f8ee4259000 ---p 00000000 00:00 0 
7f8ee4259000-7f8ee4356000 rw-p 00000000 00:00 0 
7f8ee4356000-7f8ee435a000 ---p 00000000 00:00 0 
7f8ee435a000-7f8ee4457000 rw-p 00000000 00:00 0 
7f8ee4457000-7f8ee445b000 ---p 00000000 00:00 0 
7f8ee445b000-7f8ee4558000 rw-p 00000000 00:00 0 
7f8ee4558000-7f8ee455c000 ---p 00000000 00:00 0 
7f8ee455c000-7f8ee4659000 rw-p 00000000 00:00 0 
7f8ee4659000-7f8ee465d000 ---p 00000000 00:00 0 
7f8ee465d000-7f8ee475a000 rw-p 00000000 00:00 0 
7f8ee475a000-7f8ee519b000 r--p 00000000 08:01 11552                      /usr/lib/locale/locale-archive
7f8ee519b000-7f8ee519f000 ---p 00000000 00:00 0 
7f8ee519f000-7f8ee529c000 rw-p 00000000 00:00 0 
7f8ee529c000-7f8ee52a0000 ---p 00000000 00:00 0 
7f8ee52a0000-7f8ee539d000 rw-p 00000000 00:00 0 
7f8ee539d000-7f8ee539e000 ---p 00000000 00:00 0 
7f8ee539e000-7f8ee5a3e000 rw-p 00000000 00:00 0 
7f8ee5a3e000-7f8ee5dfe000 ---p 00000000 00:00 0 
7f8ee5dfe000-7f8ee6000000 rw-p 00000000 00:00 0 
7f8ee6000000-7f8ee8000000 rwxp 00000000 00:00 0 
7f8ee8000000-7f8ee8021000 rw-p 00000000 00:00 0 
7f8ee8021000-7f8eec000000 ---p 00000000 00:00 0 
7f8eec003000-7f8eec388000 rw-p 00000000 00:00 0 
7f8eec388000-7f8eee0c8000 ---p 00000000 00:00 0 
7f8eee0c8000-7f8eee2c0000 rw-p 00000000 00:00 0 
7f8eee2c0000-7f8ef0000000 ---p 00000000 00:00 0 
7f8ef0000000-7f8ef0021000 rw-p 00000000 00:00 0 
7f8ef0021000-7f8ef4000000 ---p 00000000 00:00 0 
7f8ef4000000-7f8ef4021000 rw-p 00000000 00:00 0 
7f8ef4021000-7f8ef8000000 ---p 00000000 00:00 0 
7f8ef8000000-7f8ef8021000 rw-p 00000000 00:00 0 
7f8ef8021000-7f8efc000000 ---p 00000000 00:00 0 
7f8efc000000-7f8efc021000 rw-p 00000000 00:00 0 
7f8efc021000-7f8f00000000 ---p 00000000 00:00 0 
7f8f00000000-7f8f00021000 rw-p 00000000 00:00 0 
7f8f00021000-7f8f04000000 ---p 00000000 00:00 0 
7f8f04000000-7f8f04021000 rw-p 00000000 00:00 0 
7f8f04021000-7f8f08000000 ---p 00000000 00:00 0 
7f8f08000000-7f8f08021000 rw-p 00000000 00:00 0 
7f8f08021000-7f8f0c000000 ---p 00000000 00:00 0 
7f8f0c000000-7f8f0c021000 rw-p 00000000 00:00 0 
7f8f0c021000-7f8f10000000 ---p 00000000 00:00 0 
7f8f10000000-7f8f10021000 rw-p 00000000 00:00 0 
7f8f10021000-7f8f14000000 ---p 00000000 00:00 0 
7f8f14016000-7f8f14117000 rw-p 00000000 00:00 0 
7f8f14117000-7f8f14118000 ---p 00000000 00:00 0 
7f8f14118000-7f8f14218000 rw-p 00000000 00:00 0 
7f8f14218000-7f8f14219000 ---p 00000000 00:00 0 
7f8f14219000-7f8f14358000 rw-p 00000000 00:00 0 
7f8f14358000-7f8f14700000 ---p 00000000 00:00 0 
7f8f14700000-7f8f149a0000 rwxp 00000000 00:00 0 
7f8f149a0000-7f8f14c90000 ---p 00000000 00:00 0 
7f8f14c90000-7f8f14f00000 rwxp 00000000 00:00 0 
7f8f14f00000-7f8f1c1c8000 ---p 00000000 00:00 0 
7f8f1c1c8000-7f8f1c438000 rwxp 00000000 00:00 0 
7f8f1c438000-7f8f23700000 ---p 00000000 00:00 0 
7f8f23700000-7f8f2c000000 r--s 00000000 08:01 1759445                    /share/output-jdk9-dev-dbg/images/jdk/lib/modules
7f8f2c000000-7f8f2c337000 rw-p 00000000 00:00 0 
7f8f2c337000-7f8f30000000 ---p 00000000 00:00 0 
7f8f30003000-7f8f300b8000 rw-p 00000000 00:00 0 
7f8f300b8000-7f8f30847000 ---p 00000000 00:00 0 
7f8f30847000-7f8f30886000 rw-p 00000000 00:00 0 
7f8f30886000-7f8f30c2e000 ---p 00000000 00:00 0 
7f8f30c2e000-7f8f30c2f000 ---p 00000000 00:00 0 
7f8f30c2f000-7f8f30d2f000 rw-p 00000000 00:00 0 
7f8f30d2f000-7f8f30d30000 ---p 00000000 00:00 0 
7f8f30d30000-7f8f30e30000 rw-p 00000000 00:00 0 
7f8f30e30000-7f8f30e31000 ---p 00000000 00:00 0 
7f8f30e31000-7f8f30f31000 rw-p 00000000 00:00 0 
7f8f30f31000-7f8f30f32000 ---p 00000000 00:00 0 
7f8f30f32000-7f8f31032000 rw-p 00000000 00:00 0 
7f8f31032000-7f8f31033000 ---p 00000000 00:00 0 
7f8f31033000-7f8f31537000 rw-p 00000000 00:00 0 
7f8f31537000-7f8f31538000 ---p 00000000 00:00 0 
7f8f31538000-7f8f31638000 rw-p 00000000 00:00 0 
7f8f31638000-7f8f31639000 ---p 00000000 00:00 0 
7f8f31639000-7f8f31739000 rw-p 00000000 00:00 0 
7f8f31739000-7f8f3173a000 ---p 00000000 00:00 0 
7f8f3173a000-7f8f3183a000 rw-p 00000000 00:00 0 
7f8f3183a000-7f8f3183b000 ---p 00000000 00:00 0 
7f8f3183b000-7f8f31940000 rw-p 00000000 00:00 0 
7f8f31940000-7f8f31a26000 ---p 00000000 00:00 0 
7f8f31a26000-7f8f31a2b000 rw-p 00000000 00:00 0 
7f8f31a2b000-7f8f31b11000 ---p 00000000 00:00 0 
7f8f31b11000-7f8f31b2f000 r-xp 00000000 08:01 1759553                    /share/output-jdk9-dev-dbg/images/jdk/lib/libjimage.so
7f8f31b2f000-7f8f31d2f000 ---p 0001e000 08:01 1759553                    /share/output-jdk9-dev-dbg/images/jdk/lib/libjimage.so
7f8f31d2f000-7f8f31d31000 r--p 0001e000 08:01 1759553                    /share/output-jdk9-dev-dbg/images/jdk/lib/libjimage.so
7f8f31d31000-7f8f31d32000 rw-p 00020000 08:01 1759553                    /share/output-jdk9-dev-dbg/images/jdk/lib/libjimage.so
7f8f31d32000-7f8f31d43000 rw-p 00000000 00:00 0 
7f8f31d43000-7f8f31d4c000 r-xp 00000000 08:01 1759538                    /share/output-jdk9-dev-dbg/images/jdk/lib/libzip.so
7f8f31d4c000-7f8f31f4b000 ---p 00009000 08:01 1759538                    /share/output-jdk9-dev-dbg/images/jdk/lib/libzip.so
7f8f31f4b000-7f8f31f4c000 r--p 00008000 08:01 1759538                    /share/output-jdk9-dev-dbg/images/jdk/lib/libzip.so
7f8f31f4c000-7f8f31f4d000 rw-p 00009000 08:01 1759538                    /share/output-jdk9-dev-dbg/images/jdk/lib/libzip.so
7f8f31f4d000-7f8f31f58000 r-xp 00000000 08:01 8984                       /lib/x86_64-linux-gnu/libnss_files-2.19.so
7f8f31f58000-7f8f32157000 ---p 0000b000 08:01 8984                       /lib/x86_64-linux-gnu/libnss_files-2.19.so
7f8f32157000-7f8f32158000 r--p 0000a000 08:01 8984                       /lib/x86_64-linux-gnu/libnss_files-2.19.so
7f8f32158000-7f8f32159000 rw-p 0000b000 08:01 8984                       /lib/x86_64-linux-gnu/libnss_files-2.19.so
7f8f32159000-7f8f32164000 r-xp 00000000 08:01 8985                       /lib/x86_64-linux-gnu/libnss_nis-2.19.so
7f8f32164000-7f8f32363000 ---p 0000b000 08:01 8985                       /lib/x86_64-linux-gnu/libnss_nis-2.19.so
7f8f32363000-7f8f32364000 r--p 0000a000 08:01 8985                       /lib/x86_64-linux-gnu/libnss_nis-2.19.so
7f8f32364000-7f8f32365000 rw-p 0000b000 08:01 8985                       /lib/x86_64-linux-gnu/libnss_nis-2.19.so
7f8f32365000-7f8f3237c000 r-xp 00000000 08:01 8971                       /lib/x86_64-linux-gnu/libnsl-2.19.so
7f8f3237c000-7f8f3257b000 ---p 00017000 08:01 8971                       /lib/x86_64-linux-gnu/libnsl-2.19.so
7f8f3257b000-7f8f3257c000 r--p 00016000 08:01 8971                       /lib/x86_64-linux-gnu/libnsl-2.19.so
7f8f3257c000-7f8f3257d000 rw-p 00017000 08:01 8971                       /lib/x86_64-linux-gnu/libnsl-2.19.so
7f8f3257d000-7f8f3257f000 rw-p 00000000 00:00 0 
7f8f3257f000-7f8f32588000 r-xp 00000000 08:01 8968                       /lib/x86_64-linux-gnu/libnss_compat-2.19.so
7f8f32588000-7f8f32787000 ---p 00009000 08:01 8968                       /lib/x86_64-linux-gnu/libnss_compat-2.19.so
7f8f32787000-7f8f32788000 r--p 00008000 08:01 8968                       /lib/x86_64-linux-gnu/libnss_compat-2.19.so
7f8f32788000-7f8f32789000 rw-p 00009000 08:01 8968                       /lib/x86_64-linux-gnu/libnss_compat-2.19.so
7f8f32789000-7f8f327bd000 r-xp 00000000 08:01 1759540                    /share/output-jdk9-dev-dbg/images/jdk/lib/libjava.so
7f8f327bd000-7f8f329bc000 ---p 00034000 08:01 1759540                    /share/output-jdk9-dev-dbg/images/jdk/lib/libjava.so
7f8f329bc000-7f8f329bd000 r--p 00033000 08:01 1759540                    /share/output-jdk9-dev-dbg/images/jdk/lib/libjava.so
7f8f329bd000-7f8f329be000 rw-p 00034000 08:01 1759540                    /share/output-jdk9-dev-dbg/images/jdk/lib/libjava.so
7f8f329be000-7f8f329bf000 rw-p 00000000 00:00 0 
7f8f329bf000-7f8f329d1000 r-xp 00000000 08:01 1759547                    /share/output-jdk9-dev-dbg/images/jdk/lib/libverify.so
7f8f329d1000-7f8f32bd0000 ---p 00012000 08:01 1759547                    /share/output-jdk9-dev-dbg/images/jdk/lib/libverify.so
7f8f32bd0000-7f8f32bd2000 r--p 00011000 08:01 1759547                    /share/output-jdk9-dev-dbg/images/jdk/lib/libverify.so
7f8f32bd2000-7f8f32bd3000 rw-p 00013000 08:01 1759547                    /share/output-jdk9-dev-dbg/images/jdk/lib/libverify.so
7f8f32bd3000-7f8f32bda000 r-xp 00000000 08:01 8973                       /lib/x86_64-linux-gnu/librt-2.19.so
7f8f32bda000-7f8f32dd9000 ---p 00007000 08:01 8973                       /lib/x86_64-linux-gnu/librt-2.19.so
7f8f32dd9000-7f8f32dda000 r--p 00006000 08:01 8973                       /lib/x86_64-linux-gnu/librt-2.19.so
7f8f32dda000-7f8f32ddb000 rw-p 00007000 08:01 8973                       /lib/x86_64-linux-gnu/librt-2.19.so
7f8f32ddb000-7f8f32ee0000 r-xp 00000000 08:01 8980                       /lib/x86_64-linux-gnu/libm-2.19.so
7f8f32ee0000-7f8f330df000 ---p 00105000 08:01 8980                       /lib/x86_64-linux-gnu/libm-2.19.so
7f8f330df000-7f8f330e0000 r--p 00104000 08:01 8980                       /lib/x86_64-linux-gnu/libm-2.19.so
7f8f330e0000-7f8f330e1000 rw-p 00105000 08:01 8980                       /lib/x86_64-linux-gnu/libm-2.19.so
7f8f330e1000-7f8f34aba000 r-xp 00000000 08:01 1759546                    /share/output-jdk9-dev-dbg/images/jdk/lib/server/libjvm.so
7f8f34aba000-7f8f34cba000 ---p 019d9000 08:01 1759546                    /share/output-jdk9-dev-dbg/images/jdk/lib/server/libjvm.so
7f8f34cba000-7f8f34dab000 r--p 019d9000 08:01 1759546                    /share/output-jdk9-dev-dbg/images/jdk/lib/server/libjvm.so
7f8f34dab000-7f8f34de4000 rw-p 01aca000 08:01 1759546                    /share/output-jdk9-dev-dbg/images/jdk/lib/server/libjvm.so
7f8f34de4000-7f8f34e95000 rw-p 00000000 00:00 0 
7f8f34e95000-7f8f34eae000 r-xp 00000000 08:01 8990                       /lib/x86_64-linux-gnu/libpthread-2.19.so
7f8f34eae000-7f8f350ad000 ---p 00019000 08:01 8990                       /lib/x86_64-linux-gnu/libpthread-2.19.so
7f8f350ad000-7f8f350ae000 r--p 00018000 08:01 8990                       /lib/x86_64-linux-gnu/libpthread-2.19.so
7f8f350ae000-7f8f350af000 rw-p 00019000 08:01 8990                       /lib/x86_64-linux-gnu/libpthread-2.19.so
7f8f350af000-7f8f350b3000 rw-p 00000000 00:00 0 
7f8f350b3000-7f8f350b6000 r-xp 00000000 08:01 8989                       /lib/x86_64-linux-gnu/libdl-2.19.so
7f8f350b6000-7f8f352b5000 ---p 00003000 08:01 8989                       /lib/x86_64-linux-gnu/libdl-2.19.so
7f8f352b5000-7f8f352b6000 r--p 00002000 08:01 8989                       /lib/x86_64-linux-gnu/libdl-2.19.so
7f8f352b6000-7f8f352b7000 rw-p 00003000 08:01 8989                       /lib/x86_64-linux-gnu/libdl-2.19.so
7f8f352b7000-7f8f352cf000 r-xp 00000000 08:01 6600                       /lib/x86_64-linux-gnu/libz.so.1.2.8
7f8f352cf000-7f8f354ce000 ---p 00018000 08:01 6600                       /lib/x86_64-linux-gnu/libz.so.1.2.8
7f8f354ce000-7f8f354cf000 r--p 00017000 08:01 6600                       /lib/x86_64-linux-gnu/libz.so.1.2.8
7f8f354cf000-7f8f354d0000 rw-p 00018000 08:01 6600                       /lib/x86_64-linux-gnu/libz.so.1.2.8
7f8f354d0000-7f8f3568b000 r-xp 00000000 08:01 8977                       /lib/x86_64-linux-gnu/libc-2.19.so
7f8f3568b000-7f8f3588b000 ---p 001bb000 08:01 8977                       /lib/x86_64-linux-gnu/libc-2.19.so
7f8f3588b000-7f8f3588f000 r--p 001bb000 08:01 8977                       /lib/x86_64-linux-gnu/libc-2.19.so
7f8f3588f000-7f8f35891000 rw-p 001bf000 08:01 8977                       /lib/x86_64-linux-gnu/libc-2.19.so
7f8f35891000-7f8f35896000 rw-p 00000000 00:00 0 
7f8f35896000-7f8f358a9000 r-xp 00000000 08:01 1759555                    /share/output-jdk9-dev-dbg/images/jdk/lib/jli/libjli.so
7f8f358a9000-7f8f35aa8000 ---p 00013000 08:01 1759555                    /share/output-jdk9-dev-dbg/images/jdk/lib/jli/libjli.so
7f8f35aa8000-7f8f35aa9000 r--p 00012000 08:01 1759555                    /share/output-jdk9-dev-dbg/images/jdk/lib/jli/libjli.so
7f8f35aa9000-7f8f35aaa000 rw-p 00013000 08:01 1759555                    /share/output-jdk9-dev-dbg/images/jdk/lib/jli/libjli.so
7f8f35aaa000-7f8f35acd000 r-xp 00000000 08:01 8978                       /lib/x86_64-linux-gnu/ld-2.19.so
7f8f35ae3000-7f8f35ba9000 rw-p 00000000 00:00 0 
7f8f35ba9000-7f8f35baf000 ---p 00000000 00:00 0 
7f8f35baf000-7f8f35bb4000 ---p 00000000 00:00 0 
7f8f35bb4000-7f8f35cb5000 rw-p 00000000 00:00 0 
7f8f35cbd000-7f8f35cc0000 rw-p 00000000 00:00 0 
7f8f35cc0000-7f8f35cc8000 rw-s 00000000 08:01 581305                     /tmp/hsperfdata_simonis/31451
7f8f35cc8000-7f8f35cc9000 rw-p 00000000 00:00 0 
7f8f35cc9000-7f8f35cca000 r--p 00000000 00:00 0 
7f8f35cca000-7f8f35ccc000 rw-p 00000000 00:00 0 
7f8f35ccc000-7f8f35ccd000 r--p 00022000 08:01 8978                       /lib/x86_64-linux-gnu/ld-2.19.so
7f8f35ccd000-7f8f35cce000 rw-p 00023000 08:01 8978                       /lib/x86_64-linux-gnu/ld-2.19.so
7f8f35cce000-7f8f35ccf000 rw-p 00000000 00:00 0 
7ffeb42b1000-7ffeb42d2000 rw-p 00000000 00:00 0                          [stack]
7ffeb436e000-7ffeb4370000 r--p 00000000 00:00 0                          [vvar]
7ffeb4370000-7ffeb4372000 r-xp 00000000 00:00 0                          [vdso]
ffffffffff600000-ffffffffff601000 r-xp 00000000 00:00 0                  [vsyscall]

VM Arguments:
jvm_args: -Xbatch -XX:-DoEscapeAnalysis 
java_command: org.simonis.Crash5
java_class_path (initial): /c/Users/D046063/public_html/hotspot/JBreak2017/git/examples/bin
Launcher Type: SUN_STANDARD

Logging:
Log output configuration:
#0: stdout all=warning uptime,level,tags
#1: stderr all=off uptime,level,tags

Environment Variables:
PATH=/usr/local/sbin:/usr/local/bin:/usr/sbin:/usr/bin:/sbin:/bin:/usr/games:/usr/local/games:/share/software/npm-global/bin
SHELL=/bin/bash
DISPLAY=:0.0

Signal Handlers:
SIGSEGV: [libjvm.so+0x12b2a5a], sa_mask[0]=11111111011111111101111111111110, sa_flags=SA_RESTART|SA_SIGINFO
SIGBUS: [libjvm.so+0x12b2a5a], sa_mask[0]=11111111011111111101111111111110, sa_flags=SA_RESTART|SA_SIGINFO
SIGFPE: [libjvm.so+0x12b2a5a], sa_mask[0]=11111111011111111101111111111110, sa_flags=SA_RESTART|SA_SIGINFO
SIGPIPE: [libjvm.so+0x104fae2], sa_mask[0]=11111111011111111101111111111110, sa_flags=SA_RESTART|SA_SIGINFO
SIGXFSZ: [libjvm.so+0x104fae2], sa_mask[0]=11111111011111111101111111111110, sa_flags=SA_RESTART|SA_SIGINFO
SIGILL: [libjvm.so+0x12b2a5a], sa_mask[0]=11111111011111111101111111111110, sa_flags=SA_RESTART|SA_SIGINFO
SIGUSR2: [libjvm.so+0x104f241], sa_mask[0]=00000000000000000000000000000000, sa_flags=SA_RESTART|SA_SIGINFO
SIGHUP: [libjvm.so+0x104aa0e], sa_mask[0]=11111111011111111101111111111110, sa_flags=SA_RESTART|SA_SIGINFO
SIGINT: [libjvm.so+0x104aa0e], sa_mask[0]=11111111011111111101111111111110, sa_flags=SA_RESTART|SA_SIGINFO
SIGTERM: [libjvm.so+0x104aa0e], sa_mask[0]=11111111011111111101111111111110, sa_flags=SA_RESTART|SA_SIGINFO
SIGQUIT: [libjvm.so+0x104aa0e], sa_mask[0]=11111111011111111101111111111110, sa_flags=SA_RESTART|SA_SIGINFO


---------------  S Y S T E M  ---------------

OS:DISTRIB_ID=Ubuntu
DISTRIB_RELEASE=14.04
DISTRIB_CODENAME=trusty
DISTRIB_DESCRIPTION="Ubuntu 14.04.1 LTS"
uname:Linux simonis 4.2.0-42-generic #49~14.04.1-Ubuntu SMP Wed Jun 29 20:22:11 UTC 2016 x86_64
libc:glibc 2.19 NPTL 2.19 
rlimit: STACK 8192k, CORE 0k, NPROC 31852, NOFILE 4096, AS infinity
load average:0,23 0,08 0,09

/proc/meminfo:
MemTotal:        8175724 kB
MemFree:         1904764 kB
MemAvailable:    5831160 kB
Buffers:          147504 kB
Cached:          3584296 kB
SwapCached:            0 kB
Active:          3988580 kB
Inactive:        1722004 kB
Active(anon):    1979640 kB
Inactive(anon):    13244 kB
Active(file):    2008940 kB
Inactive(file):  1708760 kB
Unevictable:          32 kB
Mlocked:              32 kB
SwapTotal:             0 kB
SwapFree:              0 kB
Dirty:               268 kB
Writeback:             0 kB
AnonPages:       1978844 kB
Mapped:           205620 kB
Shmem:             14100 kB
Slab:             489788 kB
SReclaimable:     462100 kB
SUnreclaim:        27688 kB
KernelStack:        7584 kB
PageTables:        31760 kB
NFS_Unstable:          0 kB
Bounce:                0 kB
WritebackTmp:          0 kB
CommitLimit:     4087860 kB
Committed_AS:    4164320 kB
VmallocTotal:   34359738367 kB
VmallocUsed:       80816 kB
VmallocChunk:   34359648248 kB
HardwareCorrupted:     0 kB
AnonHugePages:   1466368 kB
CmaTotal:              0 kB
CmaFree:               0 kB
HugePages_Total:       0
HugePages_Free:        0
HugePages_Rsvd:        0
HugePages_Surp:        0
Hugepagesize:       2048 kB
DirectMap4k:      104384 kB
DirectMap2M:     8284160 kB


CPU:total 4 (initial active 4) (4 cores per cpu, 1 threads per core) family 6 model 69 stepping 1, cmov, cx8, fxsr, mmx, sse, sse2, sse3, ssse3, sse4.1, sse4.2, popcnt, avx, aes, clmul, lzcnt, tsc, tscinvbit
CPU Model and flags from /proc/cpuinfo:
model name	: Intel(R) Core(TM) i5-4300U CPU @ 1.90GHz
flags		: fpu vme de pse tsc msr pae mce cx8 apic sep mtrr pge mca cmov pat pse36 clflush mmx fxsr sse sse2 ht syscall nx rdtscp lm constant_tsc rep_good nopl xtopology nonstop_tsc pni pclmulqdq ssse3 cx16 sse4_1 sse4_2 movbe popcnt aes xsave avx rdrand hypervisor lahf_lm abm

Memory: 4k page, physical 8175724k(1904764k free), swap 0k(0k free)

vm_info: OpenJDK 64-Bit Server VM (slowdebug 9-internal+0-adhoc.simonis.jdk9-dev) for linux-amd64 JRE (9-internal+0-adhoc.simonis.jdk9-dev), built on Mar 17 2017 15:50:00 by "simonis" with gcc 4.8.2

END.
