#
# A fatal error has been detected by the Java Runtime Environment:
#
#  SIGSEGV (0xb) at pc=0x00007fd0c774a17a, pid=4631, tid=4632
#
# JRE version: OpenJDK Runtime Environment (9.0) (slowdebug build 9-internal+0-adhoc.simonis.jdk9-dev)
# Java VM: OpenJDK 64-Bit Server VM (slowdebug 9-internal+0-adhoc.simonis.jdk9-dev, mixed mode, tiered, compressed oops, g1 gc, linux-amd64)
# Problematic frame:
# V  [libjvm.so+0x127917a]  void MemoryAccess::put<int>(int)+0x62
#
# Core dump will be written. Default location: /tmp/core.4631
#
# If you would like to submit a bug report, please visit:
#   http://bugreport.java.com/bugreport/crash.jsp
#

---------------  S U M M A R Y ------------

Command Line: -Xmx20m org.simonis.Crash

Host: simonis, Intel(R) Core(TM) i5-4300U CPU @ 1.90GHz, 4 cores, 7G, Ubuntu 14.04.1 LTS
Time: Tue Mar 14 16:48:36 2017 CET elapsed time: 1 seconds (0d 0h 0m 1s)

---------------  T H R E A D  ---------------

Current thread (0x00007fd0c0019800):  JavaThread "main" [_thread_in_vm, id=4632, stack(0x00007fd0c8fa0000,0x00007fd0c90a0000)]

Stack: [0x00007fd0c8fa0000,0x00007fd0c90a0000],  sp=0x00007fd0c909e500,  free space=1017k
Native frames: (J=compiled Java code, A=aot compiled Java code, j=interpreted, Vv=VM code, C=native code)
V  [libjvm.so+0x127917a]  void MemoryAccess::put<int>(int)+0x62
V  [libjvm.so+0x1270574]  Unsafe_PutInt+0x174
j  jdk.internal.misc.Unsafe.putInt(Ljava/lang/Object;JI)V+0 java.base@9-internal
j  jdk.internal.misc.Unsafe.putInt(JI)V+4 java.base@9-internal
j  sun.misc.Unsafe.putInt(JI)V+5 jdk.unsupported@9-internal
j  org.simonis.Crash.crash(I)V+7
j  org.simonis.Crash.main([Ljava/lang/String;)V+2
v  ~StubRoutines::call_stub
V  [libjvm.so+0xc6abd5]  JavaCalls::call_helper(JavaValue*, methodHandle const&, JavaCallArguments*, Thread*)+0x6ad
V  [libjvm.so+0x10524b1]  os::os_exception_wrapper(void (*)(JavaValue*, methodHandle const&, JavaCallArguments*, Thread*), JavaValue*, methodHandle const&, JavaCallArguments*, Thread*)+0x41
V  [libjvm.so+0xc6a512]  JavaCalls::call(JavaValue*, methodHandle const&, JavaCallArguments*, Thread*)+0xaa
V  [libjvm.so+0xc887dc]  jni_invoke_static(JNIEnv_*, JavaValue*, _jobject*, JNICallType, _jmethodID*, JNI_ArgumentPusher*, Thread*)+0x1e3
V  [libjvm.so+0xc9f1f5]  jni_CallStaticVoidMethod+0x33b
C  [libjli.so+0x49f8]  JavaMain+0xac0
C  [libpthread.so.0+0x8182]  start_thread+0xc2

Java frames: (J=compiled Java code, j=interpreted, Vv=VM code)
j  jdk.internal.misc.Unsafe.putInt(Ljava/lang/Object;JI)V+0 java.base@9-internal
j  jdk.internal.misc.Unsafe.putInt(JI)V+4 java.base@9-internal
j  sun.misc.Unsafe.putInt(JI)V+5 jdk.unsupported@9-internal
j  org.simonis.Crash.crash(I)V+7
j  org.simonis.Crash.main([Ljava/lang/String;)V+2
v  ~StubRoutines::call_stub

siginfo: si_signo: 11 (SIGSEGV), si_code: 1 (SEGV_MAPERR), si_addr: 0x0000000000000099

Register to memory mapping:

RAX=0x0000000000000042 is an unknown value
RBX={method} {0x00007fd0798abc98} 'putInt' '(Ljava/lang/Object;JI)V' in 'jdk/internal/misc/Unsafe'
RCX=0x00007fd0c0019800 is a thread
RDX=0x0000000000000099 is an unknown value
RSP=0x00007fd0c909e500 is pointing into the stack for thread: 0x00007fd0c0019800
RBP=0x00007fd0c909e540 is pointing into the stack for thread: 0x00007fd0c0019800
RSI=0x0000000000000042 is an unknown value
RDI=0x00007fd0c909e5c0 is pointing into the stack for thread: 0x00007fd0c0019800
R8 =0x0000000000000042 is an unknown value
R9 =
[error occurred during error reporting (printing register info), id 0xb]

Registers:
RAX=0x0000000000000042, RBX=0x00007fd0798abc98, RCX=0x00007fd0c0019800, RDX=0x0000000000000099
RSP=0x00007fd0c909e500, RBP=0x00007fd0c909e540, RSI=0x0000000000000042, RDI=0x00007fd0c909e5c0
R8 =0x0000000000000042, R9 =0x00000000ffffffe0, R10=0x00007fd0a872da3c, R11=0x0000000000000008
R12=0x0000000000000000, R13=0x00007fd0798abc90, R14=0x00007fd0c909e6c8, R15=0x00007fd0c0019800
RIP=0x00007fd0c774a17a, EFLAGS=0x0000000000010246, CSGSFS=0x8cd7000000000033, ERR=0x0000000000000006
  TRAPNO=0x000000000000000e

Top of Stack: (sp=0x00007fd0c909e500)
0x00007fd0c909e500:   00000042c909e540 00007fd0c909e5c0
0x00007fd0c909e510:   0000000000000099 0000000000000099
0x00007fd0c909e520:   00007fd0c0019800 00007fd0c909e501
0x00007fd0c909e530:   00007fd0c909e580 8cd73cc3b5998700 

Instructions: (pc=0x00007fd0c774a17a)
0x00007fd0c774a15a:   89 c7 e8 ef f5 ff ff 48 89 45 d8 8b 55 c4 48 8b
0x00007fd0c774a16a:   45 c8 89 d6 48 89 c7 e8 60 13 00 00 48 8b 55 d8
0x00007fd0c774a17a:   89 02 48 8d 45 e0 48 89 c7 e8 1e f7 ff ff 48 8b
0x00007fd0c774a18a:   45 f8 64 48 33 04 25 28 00 00 00 74 05 e8 14 01 


---------------  P R O C E S S  ---------------

Java Threads: ( => current thread )
  0x00007fd0c02bb800 JavaThread "Service Thread" daemon [_thread_blocked, id=4653, stack(0x00007fd05bdcd000,0x00007fd05bece000)]
  0x00007fd0c0200000 JavaThread "Common-Cleaner" daemon [_thread_blocked, id=4652, stack(0x00007fd05bece000,0x00007fd05bfcf000)]
  0x00007fd0c01d2800 JavaThread "Sweeper thread" daemon [_thread_blocked, id=4651, stack(0x00007fd078457000,0x00007fd078558000)]
  0x00007fd0c01d0800 JavaThread "C1 CompilerThread2" daemon [_thread_in_native, id=4650, stack(0x00007fd078558000,0x00007fd078659000)]
  0x00007fd0c01ce000 JavaThread "C2 CompilerThread1" daemon [_thread_blocked, id=4649, stack(0x00007fd078659000,0x00007fd07875a000)]
  0x00007fd0c01cb800 JavaThread "C2 CompilerThread0" daemon [_thread_blocked, id=4648, stack(0x00007fd07875a000,0x00007fd07885b000)]
  0x00007fd0c01c9000 JavaThread "Signal Dispatcher" daemon [_thread_blocked, id=4647, stack(0x00007fd07885b000,0x00007fd07895c000)]
  0x00007fd0c01aa000 JavaThread "Finalizer" daemon [_thread_blocked, id=4646, stack(0x00007fd07939d000,0x00007fd07949e000)]
  0x00007fd0c019e000 JavaThread "Reference Handler" daemon [_thread_blocked, id=4645, stack(0x00007fd07949e000,0x00007fd07959f000)]
=>0x00007fd0c0019800 JavaThread "main" [_thread_in_vm, id=4632, stack(0x00007fd0c8fa0000,0x00007fd0c90a0000)]

Other Threads:
  0x00007fd0c018a000 VMThread "VM Thread" [stack: 0x00007fd0795a0000,0x00007fd0796a0000] [id=4644]
  0x00007fd0c02bf000 WatcherThread [stack: 0x00007fd05bccd000,0x00007fd05bdcd000] [id=4654]
  0x00007fd0c0034000 GCTaskThread "GC Thread#0" [stack: 0x00007fd0c4c2b000,0x00007fd0c4d2b000] [id=4633]
  0x00007fd0c0035800 GCTaskThread "GC Thread#1" [stack: 0x00007fd0c4b2a000,0x00007fd0c4c2a000] [id=4634]
  0x00007fd0c0037800 GCTaskThread "GC Thread#2" [stack: 0x00007fd0c4a29000,0x00007fd0c4b29000] [id=4635]
  0x00007fd0c0039800 GCTaskThread "GC Thread#3" [stack: 0x00007fd0c4928000,0x00007fd0c4a28000] [id=4636]
  0x00007fd0c004b000 ConcurrentGCThread "G1 Main Marker" [stack: 0x00007fd0a8600000,0x00007fd0a8700000] [id=4642]
  0x00007fd0c004d000 ConcurrentGCThread "G1 Marker#0" [stack: 0x00007fd0a84ff000,0x00007fd0a85ff000] [id=4643]
  0x00007fd0c0042000 ConcurrentGCThread "G1 Refine#0" [stack: 0x00007fd0c4120000,0x00007fd0c4220000] [id=4640]
  0x00007fd0c0040000 ConcurrentGCThread "G1 Refine#1" [stack: 0x00007fd0c4221000,0x00007fd0c4321000] [id=4639]
  0x00007fd0c003e000 ConcurrentGCThread "G1 Refine#2" [stack: 0x00007fd0c4322000,0x00007fd0c4422000] [id=4638]
  0x00007fd0c003c000 ConcurrentGCThread "G1 Refine#3" [stack: 0x00007fd0c4423000,0x00007fd0c4523000] [id=4637]
  0x00007fd0c0044000 ConcurrentGCThread "G1 Young RemSet Sampling" [stack: 0x00007fd0c401f000,0x00007fd0c411f000] [id=4641]

Threads with active compile tasks:
C1 CompilerThread2  82   !   3       java.util.concurrent.ConcurrentHashMap::putVal (432 bytes)

VM state:not at safepoint (normal execution)

VM Mutex/Monitor currently owned by a thread: None

Heap address: 0x00000000fec00000, size: 20 MB, Compressed Oops mode: 32-bit
Narrow klass base: 0x0000000000000000, Narrow klass shift: 3
Compressed class space size: 1073741824 Address: 0x0000000100000000

Heap:
 garbage-first heap   total 20480K, used 1024K [0x00000000fec00000, 0x00000000fed000a0, 0x0000000100000000)
  region size 1024K, 2 young (2048K), 0 survivors (0K)
 Metaspace       used 4014K, capacity 4486K, committed 4864K, reserved 1056768K
  class space    used 358K, capacity 386K, committed 512K, reserved 1048576K
Heap Regions: E=young(eden), S=young(survivor), O=old, HS=humongous(starts), HC=humongous(continues), CS=collection set, F=free, A=archive, TS=gc time stamp, AC=allocation context, TAMS=top-at-mark-start (previous, next)
|   0|0x00000000fec00000, 0x00000000fec00000, 0x00000000fed00000|  0%| F|  |TS  0|AC  0|TAMS 0x00000000fec00000, 0x00000000fec00000|
|   1|0x00000000fed00000, 0x00000000fed00000, 0x00000000fee00000|  0%| F|  |TS  0|AC  0|TAMS 0x00000000fed00000, 0x00000000fed00000|
|   2|0x00000000fee00000, 0x00000000fee00000, 0x00000000fef00000|  0%| F|  |TS  0|AC  0|TAMS 0x00000000fee00000, 0x00000000fee00000|
|   3|0x00000000fef00000, 0x00000000fef00000, 0x00000000ff000000|  0%| F|  |TS  0|AC  0|TAMS 0x00000000fef00000, 0x00000000fef00000|
|   4|0x00000000ff000000, 0x00000000ff000000, 0x00000000ff100000|  0%| F|  |TS  0|AC  0|TAMS 0x00000000ff000000, 0x00000000ff000000|
|   5|0x00000000ff100000, 0x00000000ff100000, 0x00000000ff200000|  0%| F|  |TS  0|AC  0|TAMS 0x00000000ff100000, 0x00000000ff100000|
|   6|0x00000000ff200000, 0x00000000ff200000, 0x00000000ff300000|  0%| F|  |TS  0|AC  0|TAMS 0x00000000ff200000, 0x00000000ff200000|
|   7|0x00000000ff300000, 0x00000000ff300000, 0x00000000ff400000|  0%| F|  |TS  0|AC  0|TAMS 0x00000000ff300000, 0x00000000ff300000|
|   8|0x00000000ff400000, 0x00000000ff400000, 0x00000000ff500000|  0%| F|  |TS  0|AC  0|TAMS 0x00000000ff400000, 0x00000000ff400000|
|   9|0x00000000ff500000, 0x00000000ff500000, 0x00000000ff600000|  0%| F|  |TS  0|AC  0|TAMS 0x00000000ff500000, 0x00000000ff500000|
|  10|0x00000000ff600000, 0x00000000ff600000, 0x00000000ff700000|  0%| F|  |TS  0|AC  0|TAMS 0x00000000ff600000, 0x00000000ff600000|
|  11|0x00000000ff700000, 0x00000000ff700000, 0x00000000ff800000|  0%| F|  |TS  0|AC  0|TAMS 0x00000000ff700000, 0x00000000ff700000|
|  12|0x00000000ff800000, 0x00000000ff800000, 0x00000000ff900000|  0%| F|  |TS  0|AC  0|TAMS 0x00000000ff800000, 0x00000000ff800000|
|  13|0x00000000ff900000, 0x00000000ff900000, 0x00000000ffa00000|  0%| F|  |TS  0|AC  0|TAMS 0x00000000ff900000, 0x00000000ff900000|
|  14|0x00000000ffa00000, 0x00000000ffa00000, 0x00000000ffb00000|  0%| F|  |TS  0|AC  0|TAMS 0x00000000ffa00000, 0x00000000ffa00000|
|  15|0x00000000ffb00000, 0x00000000ffb00000, 0x00000000ffc00000|  0%| F|  |TS  0|AC  0|TAMS 0x00000000ffb00000, 0x00000000ffb00000|
|  16|0x00000000ffc00000, 0x00000000ffc00000, 0x00000000ffd00000|  0%| F|  |TS  0|AC  0|TAMS 0x00000000ffc00000, 0x00000000ffc00000|
|  17|0x00000000ffd00000, 0x00000000ffd00000, 0x00000000ffe00000|  0%| F|  |TS  0|AC  0|TAMS 0x00000000ffd00000, 0x00000000ffd00000|
|  18|0x00000000ffe00000, 0x00000000ffe00800, 0x00000000fff00000|  0%| E|  |TS  0|AC  0|TAMS 0x00000000ffe00000, 0x00000000ffe00000|
|  19|0x00000000fff00000, 0x0000000100000000, 0x0000000100000000|100%| E|CS|TS  0|AC  0|TAMS 0x00000000fff00000, 0x00000000fff00000|

Card table byte_map: [0x00007fd0c8f7f000,0x00007fd0c8f89000] byte_map_base: 0x00007fd0c8789000

Marking Bits (Prev, Next): (CMBitMap*) 0x00007fd0c004a368, (CMBitMap*) 0x00007fd0c004a3a0
 Prev Bits: [0x00007fd0c8f25000, 0x00007fd0c8f75000)
 Next Bits: [0x00007fd0c8ed5000, 0x00007fd0c8f25000)

Polling page: 0x00007fd0c90b9000

CodeHeap 'non-profiled nmethods': size=120032Kb used=17Kb max_used=17Kb free=120014Kb
 bounds [0x00007fd0b01c8000, 0x00007fd0b0438000, 0x00007fd0b7700000]
CodeHeap 'profiled nmethods': size=120032Kb used=122Kb max_used=122Kb free=119909Kb
 bounds [0x00007fd0a8c90000, 0x00007fd0a8f00000, 0x00007fd0b01c8000]
CodeHeap 'non-nmethods': size=5696Kb used=2642Kb max_used=2643Kb free=3053Kb
 bounds [0x00007fd0a8700000, 0x00007fd0a89a0000, 0x00007fd0a8c90000]
 total_blobs=939 nmethods=64 adapters=740
 compilation: enabled

Compilation events (10 events):
Event: 1,331 Thread 0x00007fd0c01d0800   55       3       java.util.HashMap::afterNodeInsertion (1 bytes)
Event: 1,333 Thread 0x00007fd0c01d0800 nmethod 55 0x00007fd0a8caa910 code [0x00007fd0a8caaac0, 0x00007fd0a8caac38]
Event: 1,333 Thread 0x00007fd0c01d0800   58       3       jdk.internal.module.ModuleReferenceImpl::hashCode (56 bytes)
Event: 1,334 Thread 0x00007fd0c01cb800 nmethod 72 0x00007fd0b01cb890 code [0x00007fd0b01cba40, 0x00007fd0b01cbbf8]
Event: 1,366 Thread 0x00007fd0c01d0800 nmethod 58 0x00007fd0a8caad10 code [0x00007fd0a8cab040, 0x00007fd0a8cabf60]
Event: 1,367 Thread 0x00007fd0c01d0800   48       1       java.util.Collections$1::hasNext (5 bytes)
Event: 1,368 Thread 0x00007fd0c01d0800 nmethod 48 0x00007fd0b01cbf10 code [0x00007fd0b01cc0c0, 0x00007fd0b01cc1f8]
Event: 1,396 Thread 0x00007fd0c01d0800   78       3       java.lang.StringLatin1::indexOf (61 bytes)
Event: 1,404 Thread 0x00007fd0c01d0800 nmethod 78 0x00007fd0a8cac590 code [0x00007fd0a8cac7a0, 0x00007fd0a8cacc98]
Event: 1,404 Thread 0x00007fd0c01d0800   80       3       java.util.concurrent.ConcurrentHashMap::addCount (289 bytes)

GC Heap History (0 events):
No events

Deoptimization events (0 events):
No events

Classes redefined (0 events):
No events

Internal exceptions (1 events):
Event: 0,480 Thread 0x00007fd0c0019800 Exception <a 'java/lang/NullPointerException'{0x00000000fff08838}> (0x00000000fff08838) thrown at [/share/OpenJDK/jdk9-dev/hotspot/src/share/vm/interpreter/linkResolver.cpp, line 1289]

Events (10 events):
Event: 1,431 loading class jdk/internal/reflect/UnsafeFieldAccessorFactory
Event: 1,431 loading class jdk/internal/reflect/UnsafeFieldAccessorFactory done
Event: 1,435 loading class jdk/internal/reflect/UnsafeQualifiedStaticObjectFieldAccessorImpl
Event: 1,436 loading class jdk/internal/reflect/UnsafeQualifiedStaticFieldAccessorImpl
Event: 1,436 loading class jdk/internal/reflect/UnsafeQualifiedStaticFieldAccessorImpl done
Event: 1,437 loading class jdk/internal/reflect/UnsafeQualifiedStaticObjectFieldAccessorImpl done
Event: 1,438 loading class java/util/HashMap$EntrySet
Event: 1,439 loading class java/util/HashMap$EntrySet done
Event: 1,440 loading class java/util/HashMap$EntryIterator
Event: 1,441 loading class java/util/HashMap$EntryIterator done


Dynamic libraries:
00400000-00401000 r-xp 00000000 08:01 435315                             /share/output-jdk9-dev-dbg/images/jdk/bin/java
00601000-00602000 r--p 00001000 08:01 435315                             /share/output-jdk9-dev-dbg/images/jdk/bin/java
00602000-00603000 rw-p 00002000 08:01 435315                             /share/output-jdk9-dev-dbg/images/jdk/bin/java
00ee8000-00f09000 rw-p 00000000 00:00 0                                  [heap]
fec00000-100080000 rw-p 00000000 00:00 0 
100080000-140000000 ---p 00000000 00:00 0 
7fd048000000-7fd048021000 rw-p 00000000 00:00 0 
7fd048021000-7fd04c000000 ---p 00000000 00:00 0 
7fd04c000000-7fd04c021000 rw-p 00000000 00:00 0 
7fd04c021000-7fd050000000 ---p 00000000 00:00 0 
7fd050000000-7fd050021000 rw-p 00000000 00:00 0 
7fd050021000-7fd054000000 ---p 00000000 00:00 0 
7fd054000000-7fd054021000 rw-p 00000000 00:00 0 
7fd054021000-7fd058000000 ---p 00000000 00:00 0 
7fd05b462000-7fd05bccc000 rw-p 00000000 00:00 0 
7fd05bccc000-7fd05bccd000 ---p 00000000 00:00 0 
7fd05bccd000-7fd05bdcd000 rw-p 00000000 00:00 0 
7fd05bdcd000-7fd05bdd1000 ---p 00000000 00:00 0 
7fd05bdd1000-7fd05bece000 rw-p 00000000 00:00 0 
7fd05bece000-7fd05bed2000 ---p 00000000 00:00 0 
7fd05bed2000-7fd05c000000 rw-p 00000000 00:00 0 
7fd05c000000-7fd05c021000 rw-p 00000000 00:00 0 
7fd05c021000-7fd060000000 ---p 00000000 00:00 0 
7fd060000000-7fd060093000 rw-p 00000000 00:00 0 
7fd060093000-7fd064000000 ---p 00000000 00:00 0 
7fd064000000-7fd064021000 rw-p 00000000 00:00 0 
7fd064021000-7fd068000000 ---p 00000000 00:00 0 
7fd068000000-7fd068105000 rw-p 00000000 00:00 0 
7fd068105000-7fd06c000000 ---p 00000000 00:00 0 
7fd06c000000-7fd06c021000 rw-p 00000000 00:00 0 
7fd06c021000-7fd070000000 ---p 00000000 00:00 0 
7fd070000000-7fd070021000 rw-p 00000000 00:00 0 
7fd070021000-7fd074000000 ---p 00000000 00:00 0 
7fd074000000-7fd074021000 rw-p 00000000 00:00 0 
7fd074021000-7fd078000000 ---p 00000000 00:00 0 
7fd078026000-7fd078041000 r-xp 00000000 08:01 435341                     /share/output-jdk9-dev-dbg/images/jdk/lib/libnet.so
7fd078041000-7fd078241000 ---p 0001b000 08:01 435341                     /share/output-jdk9-dev-dbg/images/jdk/lib/libnet.so
7fd078241000-7fd078242000 r--p 0001b000 08:01 435341                     /share/output-jdk9-dev-dbg/images/jdk/lib/libnet.so
7fd078242000-7fd078243000 rw-p 0001c000 08:01 435341                     /share/output-jdk9-dev-dbg/images/jdk/lib/libnet.so
7fd078243000-7fd078256000 r-xp 00000000 08:01 435337                     /share/output-jdk9-dev-dbg/images/jdk/lib/libnio.so
7fd078256000-7fd078455000 ---p 00013000 08:01 435337                     /share/output-jdk9-dev-dbg/images/jdk/lib/libnio.so
7fd078455000-7fd078456000 r--p 00012000 08:01 435337                     /share/output-jdk9-dev-dbg/images/jdk/lib/libnio.so
7fd078456000-7fd078457000 rw-p 00013000 08:01 435337                     /share/output-jdk9-dev-dbg/images/jdk/lib/libnio.so
7fd078457000-7fd07845b000 ---p 00000000 00:00 0 
7fd07845b000-7fd078558000 rw-p 00000000 00:00 0 
7fd078558000-7fd07855c000 ---p 00000000 00:00 0 
7fd07855c000-7fd078659000 rw-p 00000000 00:00 0 
7fd078659000-7fd07865d000 ---p 00000000 00:00 0 
7fd07865d000-7fd07875a000 rw-p 00000000 00:00 0 
7fd07875a000-7fd07875e000 ---p 00000000 00:00 0 
7fd07875e000-7fd07885b000 rw-p 00000000 00:00 0 
7fd07885b000-7fd07885f000 ---p 00000000 00:00 0 
7fd07885f000-7fd07895c000 rw-p 00000000 00:00 0 
7fd07895c000-7fd07939d000 r--p 00000000 08:01 11552                      /usr/lib/locale/locale-archive
7fd07939d000-7fd0793a1000 ---p 00000000 00:00 0 
7fd0793a1000-7fd07949e000 rw-p 00000000 00:00 0 
7fd07949e000-7fd0794a2000 ---p 00000000 00:00 0 
7fd0794a2000-7fd07959f000 rw-p 00000000 00:00 0 
7fd07959f000-7fd0795a0000 ---p 00000000 00:00 0 
7fd0795a0000-7fd079c40000 rw-p 00000000 00:00 0 
7fd079c40000-7fd07a000000 ---p 00000000 00:00 0 
7fd07a000000-7fd07c000000 rwxp 00000000 00:00 0 
7fd07c000000-7fd07c021000 rw-p 00000000 00:00 0 
7fd07c021000-7fd080000000 ---p 00000000 00:00 0 
7fd080000000-7fd080021000 rw-p 00000000 00:00 0 
7fd080021000-7fd084000000 ---p 00000000 00:00 0 
7fd084000000-7fd084021000 rw-p 00000000 00:00 0 
7fd084021000-7fd088000000 ---p 00000000 00:00 0 
7fd088000000-7fd088021000 rw-p 00000000 00:00 0 
7fd088021000-7fd08c000000 ---p 00000000 00:00 0 
7fd08c000000-7fd08c021000 rw-p 00000000 00:00 0 
7fd08c021000-7fd090000000 ---p 00000000 00:00 0 
7fd090000000-7fd090021000 rw-p 00000000 00:00 0 
7fd090021000-7fd094000000 ---p 00000000 00:00 0 
7fd094000000-7fd094021000 rw-p 00000000 00:00 0 
7fd094021000-7fd098000000 ---p 00000000 00:00 0 
7fd098000000-7fd098021000 rw-p 00000000 00:00 0 
7fd098021000-7fd09c000000 ---p 00000000 00:00 0 
7fd09c000000-7fd09c021000 rw-p 00000000 00:00 0 
7fd09c021000-7fd0a0000000 ---p 00000000 00:00 0 
7fd0a0000000-7fd0a0021000 rw-p 00000000 00:00 0 
7fd0a0021000-7fd0a4000000 ---p 00000000 00:00 0 
7fd0a4000000-7fd0a4021000 rw-p 00000000 00:00 0 
7fd0a4021000-7fd0a8000000 ---p 00000000 00:00 0 
7fd0a8029000-7fd0a84fe000 rw-p 00000000 00:00 0 
7fd0a84fe000-7fd0a84ff000 ---p 00000000 00:00 0 
7fd0a84ff000-7fd0a85ff000 rw-p 00000000 00:00 0 
7fd0a85ff000-7fd0a8600000 ---p 00000000 00:00 0 
7fd0a8600000-7fd0a8700000 rw-p 00000000 00:00 0 
7fd0a8700000-7fd0a89a0000 rwxp 00000000 00:00 0 
7fd0a89a0000-7fd0a8c90000 ---p 00000000 00:00 0 
7fd0a8c90000-7fd0a8f00000 rwxp 00000000 00:00 0 
7fd0a8f00000-7fd0b01c8000 ---p 00000000 00:00 0 
7fd0b01c8000-7fd0b0438000 rwxp 00000000 00:00 0 
7fd0b0438000-7fd0b7700000 ---p 00000000 00:00 0 
7fd0b7700000-7fd0c0000000 r--s 00000000 08:01 434848                     /share/output-jdk9-dev-dbg/images/jdk/lib/modules
7fd0c0000000-7fd0c02ed000 rw-p 00000000 00:00 0 
7fd0c02ed000-7fd0c4000000 ---p 00000000 00:00 0 
7fd0c401e000-7fd0c401f000 ---p 00000000 00:00 0 
7fd0c401f000-7fd0c411f000 rw-p 00000000 00:00 0 
7fd0c411f000-7fd0c4120000 ---p 00000000 00:00 0 
7fd0c4120000-7fd0c4220000 rw-p 00000000 00:00 0 
7fd0c4220000-7fd0c4221000 ---p 00000000 00:00 0 
7fd0c4221000-7fd0c4321000 rw-p 00000000 00:00 0 
7fd0c4321000-7fd0c4322000 ---p 00000000 00:00 0 
7fd0c4322000-7fd0c4422000 rw-p 00000000 00:00 0 
7fd0c4422000-7fd0c4423000 ---p 00000000 00:00 0 
7fd0c4423000-7fd0c4927000 rw-p 00000000 00:00 0 
7fd0c4927000-7fd0c4928000 ---p 00000000 00:00 0 
7fd0c4928000-7fd0c4a28000 rw-p 00000000 00:00 0 
7fd0c4a28000-7fd0c4a29000 ---p 00000000 00:00 0 
7fd0c4a29000-7fd0c4b29000 rw-p 00000000 00:00 0 
7fd0c4b29000-7fd0c4b2a000 ---p 00000000 00:00 0 
7fd0c4b2a000-7fd0c4c2a000 rw-p 00000000 00:00 0 
7fd0c4c2a000-7fd0c4c2b000 ---p 00000000 00:00 0 
7fd0c4c2b000-7fd0c4d30000 rw-p 00000000 00:00 0 
7fd0c4d30000-7fd0c4e16000 ---p 00000000 00:00 0 
7fd0c4e16000-7fd0c4e1b000 rw-p 00000000 00:00 0 
7fd0c4e1b000-7fd0c4f01000 ---p 00000000 00:00 0 
7fd0c4f01000-7fd0c4f1f000 r-xp 00000000 08:01 435342                     /share/output-jdk9-dev-dbg/images/jdk/lib/libjimage.so
7fd0c4f1f000-7fd0c511f000 ---p 0001e000 08:01 435342                     /share/output-jdk9-dev-dbg/images/jdk/lib/libjimage.so
7fd0c511f000-7fd0c5121000 r--p 0001e000 08:01 435342                     /share/output-jdk9-dev-dbg/images/jdk/lib/libjimage.so
7fd0c5121000-7fd0c5122000 rw-p 00020000 08:01 435342                     /share/output-jdk9-dev-dbg/images/jdk/lib/libjimage.so
7fd0c5122000-7fd0c5133000 rw-p 00000000 00:00 0 
7fd0c5133000-7fd0c513c000 r-xp 00000000 08:01 435319                     /share/output-jdk9-dev-dbg/images/jdk/lib/libzip.so
7fd0c513c000-7fd0c533b000 ---p 00009000 08:01 435319                     /share/output-jdk9-dev-dbg/images/jdk/lib/libzip.so
7fd0c533b000-7fd0c533c000 r--p 00008000 08:01 435319                     /share/output-jdk9-dev-dbg/images/jdk/lib/libzip.so
7fd0c533c000-7fd0c533d000 rw-p 00009000 08:01 435319                     /share/output-jdk9-dev-dbg/images/jdk/lib/libzip.so
7fd0c533d000-7fd0c5348000 r-xp 00000000 08:01 8984                       /lib/x86_64-linux-gnu/libnss_files-2.19.so
7fd0c5348000-7fd0c5547000 ---p 0000b000 08:01 8984                       /lib/x86_64-linux-gnu/libnss_files-2.19.so
7fd0c5547000-7fd0c5548000 r--p 0000a000 08:01 8984                       /lib/x86_64-linux-gnu/libnss_files-2.19.so
7fd0c5548000-7fd0c5549000 rw-p 0000b000 08:01 8984                       /lib/x86_64-linux-gnu/libnss_files-2.19.so
7fd0c5549000-7fd0c5554000 r-xp 00000000 08:01 8985                       /lib/x86_64-linux-gnu/libnss_nis-2.19.so
7fd0c5554000-7fd0c5753000 ---p 0000b000 08:01 8985                       /lib/x86_64-linux-gnu/libnss_nis-2.19.so
7fd0c5753000-7fd0c5754000 r--p 0000a000 08:01 8985                       /lib/x86_64-linux-gnu/libnss_nis-2.19.so
7fd0c5754000-7fd0c5755000 rw-p 0000b000 08:01 8985                       /lib/x86_64-linux-gnu/libnss_nis-2.19.so
7fd0c5755000-7fd0c576c000 r-xp 00000000 08:01 8971                       /lib/x86_64-linux-gnu/libnsl-2.19.so
7fd0c576c000-7fd0c596b000 ---p 00017000 08:01 8971                       /lib/x86_64-linux-gnu/libnsl-2.19.so
7fd0c596b000-7fd0c596c000 r--p 00016000 08:01 8971                       /lib/x86_64-linux-gnu/libnsl-2.19.so
7fd0c596c000-7fd0c596d000 rw-p 00017000 08:01 8971                       /lib/x86_64-linux-gnu/libnsl-2.19.so
7fd0c596d000-7fd0c596f000 rw-p 00000000 00:00 0 
7fd0c596f000-7fd0c5978000 r-xp 00000000 08:01 8968                       /lib/x86_64-linux-gnu/libnss_compat-2.19.so
7fd0c5978000-7fd0c5b77000 ---p 00009000 08:01 8968                       /lib/x86_64-linux-gnu/libnss_compat-2.19.so
7fd0c5b77000-7fd0c5b78000 r--p 00008000 08:01 8968                       /lib/x86_64-linux-gnu/libnss_compat-2.19.so
7fd0c5b78000-7fd0c5b79000 rw-p 00009000 08:01 8968                       /lib/x86_64-linux-gnu/libnss_compat-2.19.so
7fd0c5b79000-7fd0c5bad000 r-xp 00000000 08:01 435327                     /share/output-jdk9-dev-dbg/images/jdk/lib/libjava.so
7fd0c5bad000-7fd0c5dac000 ---p 00034000 08:01 435327                     /share/output-jdk9-dev-dbg/images/jdk/lib/libjava.so
7fd0c5dac000-7fd0c5dad000 r--p 00033000 08:01 435327                     /share/output-jdk9-dev-dbg/images/jdk/lib/libjava.so
7fd0c5dad000-7fd0c5dae000 rw-p 00034000 08:01 435327                     /share/output-jdk9-dev-dbg/images/jdk/lib/libjava.so
7fd0c5dae000-7fd0c5daf000 rw-p 00000000 00:00 0 
7fd0c5daf000-7fd0c5dc1000 r-xp 00000000 08:01 435336                     /share/output-jdk9-dev-dbg/images/jdk/lib/libverify.so
7fd0c5dc1000-7fd0c5fc0000 ---p 00012000 08:01 435336                     /share/output-jdk9-dev-dbg/images/jdk/lib/libverify.so
7fd0c5fc0000-7fd0c5fc2000 r--p 00011000 08:01 435336                     /share/output-jdk9-dev-dbg/images/jdk/lib/libverify.so
7fd0c5fc2000-7fd0c5fc3000 rw-p 00013000 08:01 435336                     /share/output-jdk9-dev-dbg/images/jdk/lib/libverify.so
7fd0c5fc3000-7fd0c5fca000 r-xp 00000000 08:01 8973                       /lib/x86_64-linux-gnu/librt-2.19.so
7fd0c5fca000-7fd0c61c9000 ---p 00007000 08:01 8973                       /lib/x86_64-linux-gnu/librt-2.19.so
7fd0c61c9000-7fd0c61ca000 r--p 00006000 08:01 8973                       /lib/x86_64-linux-gnu/librt-2.19.so
7fd0c61ca000-7fd0c61cb000 rw-p 00007000 08:01 8973                       /lib/x86_64-linux-gnu/librt-2.19.so
7fd0c61cb000-7fd0c62d0000 r-xp 00000000 08:01 8980                       /lib/x86_64-linux-gnu/libm-2.19.so
7fd0c62d0000-7fd0c64cf000 ---p 00105000 08:01 8980                       /lib/x86_64-linux-gnu/libm-2.19.so
7fd0c64cf000-7fd0c64d0000 r--p 00104000 08:01 8980                       /lib/x86_64-linux-gnu/libm-2.19.so
7fd0c64d0000-7fd0c64d1000 rw-p 00105000 08:01 8980                       /lib/x86_64-linux-gnu/libm-2.19.so
7fd0c64d1000-7fd0c7eab000 r-xp 00000000 08:01 435335                     /share/output-jdk9-dev-dbg/images/jdk/lib/server/libjvm.so
7fd0c7eab000-7fd0c80aa000 ---p 019da000 08:01 435335                     /share/output-jdk9-dev-dbg/images/jdk/lib/server/libjvm.so
7fd0c80aa000-7fd0c819b000 r--p 019d9000 08:01 435335                     /share/output-jdk9-dev-dbg/images/jdk/lib/server/libjvm.so
7fd0c819b000-7fd0c81d4000 rw-p 01aca000 08:01 435335                     /share/output-jdk9-dev-dbg/images/jdk/lib/server/libjvm.so
7fd0c81d4000-7fd0c8285000 rw-p 00000000 00:00 0 
7fd0c8285000-7fd0c829e000 r-xp 00000000 08:01 8990                       /lib/x86_64-linux-gnu/libpthread-2.19.so
7fd0c829e000-7fd0c849d000 ---p 00019000 08:01 8990                       /lib/x86_64-linux-gnu/libpthread-2.19.so
7fd0c849d000-7fd0c849e000 r--p 00018000 08:01 8990                       /lib/x86_64-linux-gnu/libpthread-2.19.so
7fd0c849e000-7fd0c849f000 rw-p 00019000 08:01 8990                       /lib/x86_64-linux-gnu/libpthread-2.19.so
7fd0c849f000-7fd0c84a3000 rw-p 00000000 00:00 0 
7fd0c84a3000-7fd0c84a6000 r-xp 00000000 08:01 8989                       /lib/x86_64-linux-gnu/libdl-2.19.so
7fd0c84a6000-7fd0c86a5000 ---p 00003000 08:01 8989                       /lib/x86_64-linux-gnu/libdl-2.19.so
7fd0c86a5000-7fd0c86a6000 r--p 00002000 08:01 8989                       /lib/x86_64-linux-gnu/libdl-2.19.so
7fd0c86a6000-7fd0c86a7000 rw-p 00003000 08:01 8989                       /lib/x86_64-linux-gnu/libdl-2.19.so
7fd0c86a7000-7fd0c86bf000 r-xp 00000000 08:01 6600                       /lib/x86_64-linux-gnu/libz.so.1.2.8
7fd0c86bf000-7fd0c88be000 ---p 00018000 08:01 6600                       /lib/x86_64-linux-gnu/libz.so.1.2.8
7fd0c88be000-7fd0c88bf000 r--p 00017000 08:01 6600                       /lib/x86_64-linux-gnu/libz.so.1.2.8
7fd0c88bf000-7fd0c88c0000 rw-p 00018000 08:01 6600                       /lib/x86_64-linux-gnu/libz.so.1.2.8
7fd0c88c0000-7fd0c8a7b000 r-xp 00000000 08:01 8977                       /lib/x86_64-linux-gnu/libc-2.19.so
7fd0c8a7b000-7fd0c8c7b000 ---p 001bb000 08:01 8977                       /lib/x86_64-linux-gnu/libc-2.19.so
7fd0c8c7b000-7fd0c8c7f000 r--p 001bb000 08:01 8977                       /lib/x86_64-linux-gnu/libc-2.19.so
7fd0c8c7f000-7fd0c8c81000 rw-p 001bf000 08:01 8977                       /lib/x86_64-linux-gnu/libc-2.19.so
7fd0c8c81000-7fd0c8c86000 rw-p 00000000 00:00 0 
7fd0c8c86000-7fd0c8c99000 r-xp 00000000 08:01 435343                     /share/output-jdk9-dev-dbg/images/jdk/lib/jli/libjli.so
7fd0c8c99000-7fd0c8e98000 ---p 00013000 08:01 435343                     /share/output-jdk9-dev-dbg/images/jdk/lib/jli/libjli.so
7fd0c8e98000-7fd0c8e99000 r--p 00012000 08:01 435343                     /share/output-jdk9-dev-dbg/images/jdk/lib/jli/libjli.so
7fd0c8e99000-7fd0c8e9a000 rw-p 00013000 08:01 435343                     /share/output-jdk9-dev-dbg/images/jdk/lib/jli/libjli.so
7fd0c8e9a000-7fd0c8ebd000 r-xp 00000000 08:01 8978                       /lib/x86_64-linux-gnu/ld-2.19.so
7fd0c8ed0000-7fd0c8f89000 rw-p 00000000 00:00 0 
7fd0c8f89000-7fd0c8f93000 ---p 00000000 00:00 0 
7fd0c8f93000-7fd0c8f99000 rw-p 00000000 00:00 0 
7fd0c8f99000-7fd0c8f9f000 ---p 00000000 00:00 0 
7fd0c8f9f000-7fd0c8fa4000 ---p 00000000 00:00 0 
7fd0c8fa4000-7fd0c90b0000 rw-p 00000000 00:00 0 
7fd0c90b0000-7fd0c90b8000 rw-s 00000000 08:01 699506                     /tmp/hsperfdata_simonis/4631
7fd0c90b8000-7fd0c90b9000 rw-p 00000000 00:00 0 
7fd0c90b9000-7fd0c90ba000 r--p 00000000 00:00 0 
7fd0c90ba000-7fd0c90bc000 rw-p 00000000 00:00 0 
7fd0c90bc000-7fd0c90bd000 r--p 00022000 08:01 8978                       /lib/x86_64-linux-gnu/ld-2.19.so
7fd0c90bd000-7fd0c90be000 rw-p 00023000 08:01 8978                       /lib/x86_64-linux-gnu/ld-2.19.so
7fd0c90be000-7fd0c90bf000 rw-p 00000000 00:00 0 
7ffdaf3e8000-7ffdaf409000 rw-p 00000000 00:00 0                          [stack]
7ffdaf430000-7ffdaf432000 r--p 00000000 00:00 0                          [vvar]
7ffdaf432000-7ffdaf434000 r-xp 00000000 00:00 0                          [vdso]
ffffffffff600000-ffffffffff601000 r-xp 00000000 00:00 0                  [vsyscall]

VM Arguments:
jvm_args: -Xmx20m 
java_command: org.simonis.Crash
java_class_path (initial): /c/Users/D046063/public_html/hotspot/JBreak2017/git/examples/bin
Launcher Type: SUN_STANDARD

Logging:
Log output configuration:
#0: stdout all=warning uptime,level,tags
#1: stderr all=off uptime,level,tags

Environment Variables:
CLASSPATH=/c/Users/D046063/public_html/hotspot/JBreak2017/git/examples/bin
PATH=/share/output-jdk9-dev-dbg/images/jdk/bin:/usr/local/sbin:/usr/local/bin:/usr/sbin:/usr/bin:/sbin:/bin:/usr/games:/usr/local/games:/share/software/npm-global/bin
LD_LIBRARY_PATH=/share/OpenJDK/hsdis
SHELL=/bin/bash
DISPLAY=:0.0

Signal Handlers:
SIGSEGV: [libjvm.so+0x12b2c82], sa_mask[0]=11111111011111111101111111111110, sa_flags=SA_RESTART|SA_SIGINFO
SIGBUS: [libjvm.so+0x12b2c82], sa_mask[0]=11111111011111111101111111111110, sa_flags=SA_RESTART|SA_SIGINFO
SIGFPE: [libjvm.so+0x12b2c82], sa_mask[0]=11111111011111111101111111111110, sa_flags=SA_RESTART|SA_SIGINFO
SIGPIPE: [libjvm.so+0x104fb32], sa_mask[0]=11111111011111111101111111111110, sa_flags=SA_RESTART|SA_SIGINFO
SIGXFSZ: [libjvm.so+0x104fb32], sa_mask[0]=11111111011111111101111111111110, sa_flags=SA_RESTART|SA_SIGINFO
SIGILL: [libjvm.so+0x12b2c82], sa_mask[0]=11111111011111111101111111111110, sa_flags=SA_RESTART|SA_SIGINFO
SIGUSR2: [libjvm.so+0x104f291], sa_mask[0]=00000000000000000000000000000000, sa_flags=SA_RESTART|SA_SIGINFO
SIGHUP: [libjvm.so+0x104aa5e], sa_mask[0]=11111111011111111101111111111110, sa_flags=SA_RESTART|SA_SIGINFO
SIGINT: [libjvm.so+0x104aa5e], sa_mask[0]=11111111011111111101111111111110, sa_flags=SA_RESTART|SA_SIGINFO
SIGTERM: [libjvm.so+0x104aa5e], sa_mask[0]=11111111011111111101111111111110, sa_flags=SA_RESTART|SA_SIGINFO
SIGQUIT: [libjvm.so+0x104aa5e], sa_mask[0]=11111111011111111101111111111110, sa_flags=SA_RESTART|SA_SIGINFO


---------------  S Y S T E M  ---------------

OS:DISTRIB_ID=Ubuntu
DISTRIB_RELEASE=14.04
DISTRIB_CODENAME=trusty
DISTRIB_DESCRIPTION="Ubuntu 14.04.1 LTS"
uname:Linux simonis 4.2.0-42-generic #49~14.04.1-Ubuntu SMP Wed Jun 29 20:22:11 UTC 2016 x86_64
libc:glibc 2.19 NPTL 2.19 
rlimit: STACK 8192k, CORE infinity, NPROC 31852, NOFILE 4096, AS infinity
load average:0,26 0,20 0,21

/proc/meminfo:
MemTotal:        8175724 kB
MemFree:          796292 kB
MemAvailable:    3193668 kB
Buffers:          125180 kB
Cached:          2378872 kB
SwapCached:            0 kB
Active:          6101892 kB
Inactive:         927228 kB
Active(anon):    4526540 kB
Inactive(anon):    26164 kB
Active(file):    1575352 kB
Inactive(file):   901064 kB
Unevictable:          32 kB
Mlocked:              32 kB
SwapTotal:             0 kB
SwapFree:              0 kB
Dirty:               112 kB
Writeback:             0 kB
AnonPages:       4525180 kB
Mapped:           208336 kB
Shmem:             27632 kB
Slab:             217720 kB
SReclaimable:     174364 kB
SUnreclaim:        43356 kB
KernelStack:       15888 kB
PageTables:        74320 kB
NFS_Unstable:          0 kB
Bounce:                0 kB
WritebackTmp:          0 kB
CommitLimit:     4087860 kB
Committed_AS:    8891712 kB
VmallocTotal:   34359738367 kB
VmallocUsed:       83672 kB
VmallocChunk:   34359648248 kB
HardwareCorrupted:     0 kB
AnonHugePages:   3549184 kB
CmaTotal:              0 kB
CmaFree:               0 kB
HugePages_Total:       0
HugePages_Free:        0
HugePages_Rsvd:        0
HugePages_Surp:        0
Hugepagesize:       2048 kB
DirectMap4k:      176064 kB
DirectMap2M:     8212480 kB


CPU:total 4 (initial active 4) (4 cores per cpu, 1 threads per core) family 6 model 69 stepping 1, cmov, cx8, fxsr, mmx, sse, sse2, sse3, ssse3, sse4.1, sse4.2, popcnt, avx, aes, clmul, lzcnt, tsc, tscinvbit
CPU Model and flags from /proc/cpuinfo:
model name	: Intel(R) Core(TM) i5-4300U CPU @ 1.90GHz
flags		: fpu vme de pse tsc msr pae mce cx8 apic sep mtrr pge mca cmov pat pse36 clflush mmx fxsr sse sse2 ht syscall nx rdtscp lm constant_tsc rep_good nopl xtopology nonstop_tsc pni pclmulqdq ssse3 cx16 sse4_1 sse4_2 movbe popcnt aes xsave avx rdrand hypervisor lahf_lm abm

Memory: 4k page, physical 8175724k(796292k free), swap 0k(0k free)

vm_info: OpenJDK 64-Bit Server VM (slowdebug 9-internal+0-adhoc.simonis.jdk9-dev) for linux-amd64 JRE (9-internal+0-adhoc.simonis.jdk9-dev), built on Mar 10 2017 18:47:48 by "simonis" with gcc 4.8.2

END.
